{"C:\\Users\\Administrator\\Desktop\\Projects\\TeamWork_Server\\Teamwork-Server.git\\Teamwork-Server\\src\\tests\\test.js":{"path":"C:\\Users\\Administrator\\Desktop\\Projects\\TeamWork_Server\\Teamwork-Server.git\\Teamwork-Server\\src\\tests\\test.js","statementMap":{"0":{"start":{"line":3,"column":17},"end":{"line":3,"column":61}},"1":{"start":{"line":5,"column":16},"end":{"line":5,"column":60}},"2":{"start":{"line":7,"column":12},"end":{"line":7,"column":51}},"3":{"start":{"line":9,"column":13},"end":{"line":9,"column":56}},"4":{"start":{"line":11,"column":39},"end":{"line":11,"column":93}},"5":{"start":{"line":13,"column":0},"end":{"line":13,"column":37}},"6":{"start":{"line":15,"column":0},"end":{"line":15,"column":23}},"7":{"start":{"line":17,"column":0},"end":{"line":17,"column":23}},"8":{"start":{"line":19,"column":0},"end":{"line":69,"column":3}},"9":{"start":{"line":20,"column":2},"end":{"line":38,"column":5}},"10":{"start":{"line":21,"column":4},"end":{"line":37,"column":7}},"11":{"start":{"line":22,"column":6},"end":{"line":36,"column":9}},"12":{"start":{"line":33,"column":8},"end":{"line":33,"column":36}},"13":{"start":{"line":34,"column":8},"end":{"line":34,"column":34}},"14":{"start":{"line":35,"column":8},"end":{"line":35,"column":15}},"15":{"start":{"line":39,"column":2},"end":{"line":50,"column":5}},"16":{"start":{"line":40,"column":4},"end":{"line":49,"column":7}},"17":{"start":{"line":41,"column":6},"end":{"line":48,"column":9}},"18":{"start":{"line":45,"column":8},"end":{"line":45,"column":36}},"19":{"start":{"line":46,"column":8},"end":{"line":46,"column":34}},"20":{"start":{"line":47,"column":8},"end":{"line":47,"column":15}},"21":{"start":{"line":51,"column":2},"end":{"line":59,"column":5}},"22":{"start":{"line":52,"column":4},"end":{"line":58,"column":7}},"23":{"start":{"line":53,"column":6},"end":{"line":57,"column":9}},"24":{"start":{"line":54,"column":8},"end":{"line":54,"column":36}},"25":{"start":{"line":55,"column":8},"end":{"line":55,"column":34}},"26":{"start":{"line":56,"column":8},"end":{"line":56,"column":15}},"27":{"start":{"line":60,"column":2},"end":{"line":68,"column":5}},"28":{"start":{"line":61,"column":4},"end":{"line":67,"column":7}},"29":{"start":{"line":62,"column":6},"end":{"line":66,"column":9}},"30":{"start":{"line":63,"column":8},"end":{"line":63,"column":36}},"31":{"start":{"line":64,"column":8},"end":{"line":64,"column":34}},"32":{"start":{"line":65,"column":8},"end":{"line":65,"column":15}},"33":{"start":{"line":70,"column":0},"end":{"line":133,"column":3}},"34":{"start":{"line":71,"column":2},"end":{"line":83,"column":5}},"35":{"start":{"line":72,"column":4},"end":{"line":82,"column":7}},"36":{"start":{"line":73,"column":6},"end":{"line":81,"column":9}},"37":{"start":{"line":78,"column":8},"end":{"line":78,"column":36}},"38":{"start":{"line":79,"column":8},"end":{"line":79,"column":34}},"39":{"start":{"line":80,"column":8},"end":{"line":80,"column":15}},"40":{"start":{"line":84,"column":2},"end":{"line":96,"column":5}},"41":{"start":{"line":85,"column":4},"end":{"line":95,"column":7}},"42":{"start":{"line":86,"column":6},"end":{"line":94,"column":9}},"43":{"start":{"line":91,"column":8},"end":{"line":91,"column":36}},"44":{"start":{"line":92,"column":8},"end":{"line":92,"column":34}},"45":{"start":{"line":93,"column":8},"end":{"line":93,"column":15}},"46":{"start":{"line":97,"column":2},"end":{"line":105,"column":5}},"47":{"start":{"line":98,"column":4},"end":{"line":104,"column":7}},"48":{"start":{"line":99,"column":6},"end":{"line":103,"column":9}},"49":{"start":{"line":100,"column":8},"end":{"line":100,"column":36}},"50":{"start":{"line":101,"column":8},"end":{"line":101,"column":34}},"51":{"start":{"line":102,"column":8},"end":{"line":102,"column":15}},"52":{"start":{"line":106,"column":2},"end":{"line":114,"column":5}},"53":{"start":{"line":107,"column":4},"end":{"line":113,"column":7}},"54":{"start":{"line":108,"column":6},"end":{"line":112,"column":9}},"55":{"start":{"line":109,"column":8},"end":{"line":109,"column":36}},"56":{"start":{"line":110,"column":8},"end":{"line":110,"column":34}},"57":{"start":{"line":111,"column":8},"end":{"line":111,"column":15}},"58":{"start":{"line":115,"column":2},"end":{"line":123,"column":5}},"59":{"start":{"line":116,"column":4},"end":{"line":122,"column":7}},"60":{"start":{"line":117,"column":6},"end":{"line":121,"column":9}},"61":{"start":{"line":118,"column":8},"end":{"line":118,"column":36}},"62":{"start":{"line":119,"column":8},"end":{"line":119,"column":34}},"63":{"start":{"line":120,"column":8},"end":{"line":120,"column":15}},"64":{"start":{"line":124,"column":2},"end":{"line":132,"column":5}},"65":{"start":{"line":125,"column":4},"end":{"line":131,"column":7}},"66":{"start":{"line":126,"column":6},"end":{"line":130,"column":9}},"67":{"start":{"line":127,"column":8},"end":{"line":127,"column":36}},"68":{"start":{"line":128,"column":8},"end":{"line":128,"column":34}},"69":{"start":{"line":129,"column":8},"end":{"line":129,"column":15}},"70":{"start":{"line":134,"column":0},"end":{"line":182,"column":3}},"71":{"start":{"line":135,"column":2},"end":{"line":145,"column":5}},"72":{"start":{"line":136,"column":4},"end":{"line":144,"column":7}},"73":{"start":{"line":137,"column":6},"end":{"line":143,"column":9}},"74":{"start":{"line":140,"column":8},"end":{"line":140,"column":36}},"75":{"start":{"line":141,"column":8},"end":{"line":141,"column":34}},"76":{"start":{"line":142,"column":8},"end":{"line":142,"column":15}},"77":{"start":{"line":146,"column":2},"end":{"line":154,"column":5}},"78":{"start":{"line":147,"column":4},"end":{"line":153,"column":7}},"79":{"start":{"line":148,"column":6},"end":{"line":152,"column":9}},"80":{"start":{"line":149,"column":8},"end":{"line":149,"column":36}},"81":{"start":{"line":150,"column":8},"end":{"line":150,"column":34}},"82":{"start":{"line":151,"column":8},"end":{"line":151,"column":15}},"83":{"start":{"line":155,"column":2},"end":{"line":163,"column":5}},"84":{"start":{"line":156,"column":4},"end":{"line":162,"column":7}},"85":{"start":{"line":157,"column":6},"end":{"line":161,"column":9}},"86":{"start":{"line":158,"column":8},"end":{"line":158,"column":36}},"87":{"start":{"line":159,"column":8},"end":{"line":159,"column":34}},"88":{"start":{"line":160,"column":8},"end":{"line":160,"column":15}},"89":{"start":{"line":164,"column":2},"end":{"line":172,"column":5}},"90":{"start":{"line":165,"column":4},"end":{"line":171,"column":7}},"91":{"start":{"line":166,"column":6},"end":{"line":170,"column":9}},"92":{"start":{"line":167,"column":8},"end":{"line":167,"column":36}},"93":{"start":{"line":168,"column":8},"end":{"line":168,"column":34}},"94":{"start":{"line":169,"column":8},"end":{"line":169,"column":15}},"95":{"start":{"line":173,"column":2},"end":{"line":181,"column":5}},"96":{"start":{"line":174,"column":4},"end":{"line":180,"column":7}},"97":{"start":{"line":175,"column":6},"end":{"line":179,"column":9}},"98":{"start":{"line":176,"column":8},"end":{"line":176,"column":36}},"99":{"start":{"line":177,"column":8},"end":{"line":177,"column":34}},"100":{"start":{"line":178,"column":8},"end":{"line":178,"column":15}},"101":{"start":{"line":183,"column":0},"end":{"line":213,"column":3}},"102":{"start":{"line":184,"column":2},"end":{"line":194,"column":5}},"103":{"start":{"line":185,"column":4},"end":{"line":193,"column":7}},"104":{"start":{"line":186,"column":6},"end":{"line":192,"column":9}},"105":{"start":{"line":189,"column":8},"end":{"line":189,"column":36}},"106":{"start":{"line":190,"column":8},"end":{"line":190,"column":34}},"107":{"start":{"line":191,"column":8},"end":{"line":191,"column":15}},"108":{"start":{"line":195,"column":2},"end":{"line":203,"column":5}},"109":{"start":{"line":196,"column":4},"end":{"line":202,"column":7}},"110":{"start":{"line":197,"column":6},"end":{"line":201,"column":9}},"111":{"start":{"line":198,"column":8},"end":{"line":198,"column":36}},"112":{"start":{"line":199,"column":8},"end":{"line":199,"column":34}},"113":{"start":{"line":200,"column":8},"end":{"line":200,"column":15}},"114":{"start":{"line":204,"column":2},"end":{"line":212,"column":5}},"115":{"start":{"line":205,"column":4},"end":{"line":211,"column":7}},"116":{"start":{"line":206,"column":6},"end":{"line":210,"column":9}},"117":{"start":{"line":207,"column":8},"end":{"line":207,"column":36}},"118":{"start":{"line":208,"column":8},"end":{"line":208,"column":34}},"119":{"start":{"line":209,"column":8},"end":{"line":209,"column":15}},"120":{"start":{"line":214,"column":0},"end":{"line":224,"column":3}},"121":{"start":{"line":215,"column":2},"end":{"line":223,"column":5}},"122":{"start":{"line":216,"column":4},"end":{"line":222,"column":7}},"123":{"start":{"line":217,"column":6},"end":{"line":221,"column":9}},"124":{"start":{"line":218,"column":8},"end":{"line":218,"column":36}},"125":{"start":{"line":219,"column":8},"end":{"line":219,"column":34}},"126":{"start":{"line":220,"column":8},"end":{"line":220,"column":15}}},"fnMap":{"0":{"name":"_interopRequireDefault","decl":{"start":{"line":11,"column":9},"end":{"line":11,"column":31}},"loc":{"start":{"line":11,"column":37},"end":{"line":11,"column":95}},"line":11},"1":{"name":"(anonymous_1)","decl":{"start":{"line":19,"column":17},"end":{"line":19,"column":18}},"loc":{"start":{"line":19,"column":23},"end":{"line":69,"column":1}},"line":19},"2":{"name":"(anonymous_2)","decl":{"start":{"line":20,"column":21},"end":{"line":20,"column":22}},"loc":{"start":{"line":20,"column":27},"end":{"line":38,"column":3}},"line":20},"3":{"name":"(anonymous_3)","decl":{"start":{"line":21,"column":29},"end":{"line":21,"column":30}},"loc":{"start":{"line":21,"column":37},"end":{"line":37,"column":5}},"line":21},"4":{"name":"(anonymous_4)","decl":{"start":{"line":32,"column":44},"end":{"line":32,"column":45}},"loc":{"start":{"line":32,"column":58},"end":{"line":36,"column":7}},"line":32},"5":{"name":"(anonymous_5)","decl":{"start":{"line":39,"column":20},"end":{"line":39,"column":21}},"loc":{"start":{"line":39,"column":26},"end":{"line":50,"column":3}},"line":39},"6":{"name":"(anonymous_6)","decl":{"start":{"line":40,"column":29},"end":{"line":40,"column":30}},"loc":{"start":{"line":40,"column":37},"end":{"line":49,"column":5}},"line":40},"7":{"name":"(anonymous_7)","decl":{"start":{"line":44,"column":44},"end":{"line":44,"column":45}},"loc":{"start":{"line":44,"column":58},"end":{"line":48,"column":7}},"line":44},"8":{"name":"(anonymous_8)","decl":{"start":{"line":51,"column":22},"end":{"line":51,"column":23}},"loc":{"start":{"line":51,"column":28},"end":{"line":59,"column":3}},"line":51},"9":{"name":"(anonymous_9)","decl":{"start":{"line":52,"column":39},"end":{"line":52,"column":40}},"loc":{"start":{"line":52,"column":47},"end":{"line":58,"column":5}},"line":52},"10":{"name":"(anonymous_10)","decl":{"start":{"line":53,"column":662},"end":{"line":53,"column":663}},"loc":{"start":{"line":53,"column":676},"end":{"line":57,"column":7}},"line":53},"11":{"name":"(anonymous_11)","decl":{"start":{"line":60,"column":35},"end":{"line":60,"column":36}},"loc":{"start":{"line":60,"column":41},"end":{"line":68,"column":3}},"line":60},"12":{"name":"(anonymous_12)","decl":{"start":{"line":61,"column":39},"end":{"line":61,"column":40}},"loc":{"start":{"line":61,"column":47},"end":{"line":67,"column":5}},"line":61},"13":{"name":"(anonymous_13)","decl":{"start":{"line":62,"column":665},"end":{"line":62,"column":666}},"loc":{"start":{"line":62,"column":679},"end":{"line":66,"column":7}},"line":62},"14":{"name":"(anonymous_14)","decl":{"start":{"line":70,"column":20},"end":{"line":70,"column":21}},"loc":{"start":{"line":70,"column":26},"end":{"line":133,"column":1}},"line":70},"15":{"name":"(anonymous_15)","decl":{"start":{"line":71,"column":29},"end":{"line":71,"column":30}},"loc":{"start":{"line":71,"column":35},"end":{"line":83,"column":3}},"line":71},"16":{"name":"(anonymous_16)","decl":{"start":{"line":72,"column":37},"end":{"line":72,"column":38}},"loc":{"start":{"line":72,"column":45},"end":{"line":82,"column":5}},"line":72},"17":{"name":"(anonymous_17)","decl":{"start":{"line":77,"column":44},"end":{"line":77,"column":45}},"loc":{"start":{"line":77,"column":58},"end":{"line":81,"column":7}},"line":77},"18":{"name":"(anonymous_18)","decl":{"start":{"line":84,"column":29},"end":{"line":84,"column":30}},"loc":{"start":{"line":84,"column":35},"end":{"line":96,"column":3}},"line":84},"19":{"name":"(anonymous_19)","decl":{"start":{"line":85,"column":37},"end":{"line":85,"column":38}},"loc":{"start":{"line":85,"column":45},"end":{"line":95,"column":5}},"line":85},"20":{"name":"(anonymous_20)","decl":{"start":{"line":90,"column":44},"end":{"line":90,"column":45}},"loc":{"start":{"line":90,"column":58},"end":{"line":94,"column":7}},"line":90},"21":{"name":"(anonymous_21)","decl":{"start":{"line":97,"column":29},"end":{"line":97,"column":30}},"loc":{"start":{"line":97,"column":35},"end":{"line":105,"column":3}},"line":97},"22":{"name":"(anonymous_22)","decl":{"start":{"line":98,"column":37},"end":{"line":98,"column":38}},"loc":{"start":{"line":98,"column":45},"end":{"line":104,"column":5}},"line":98},"23":{"name":"(anonymous_23)","decl":{"start":{"line":99,"column":708},"end":{"line":99,"column":709}},"loc":{"start":{"line":99,"column":722},"end":{"line":103,"column":7}},"line":99},"24":{"name":"(anonymous_24)","decl":{"start":{"line":106,"column":32},"end":{"line":106,"column":33}},"loc":{"start":{"line":106,"column":38},"end":{"line":114,"column":3}},"line":106},"25":{"name":"(anonymous_25)","decl":{"start":{"line":107,"column":35},"end":{"line":107,"column":36}},"loc":{"start":{"line":107,"column":43},"end":{"line":113,"column":5}},"line":107},"26":{"name":"(anonymous_26)","decl":{"start":{"line":108,"column":705},"end":{"line":108,"column":706}},"loc":{"start":{"line":108,"column":719},"end":{"line":112,"column":7}},"line":108},"27":{"name":"(anonymous_27)","decl":{"start":{"line":115,"column":33},"end":{"line":115,"column":34}},"loc":{"start":{"line":115,"column":39},"end":{"line":123,"column":3}},"line":115},"28":{"name":"(anonymous_28)","decl":{"start":{"line":116,"column":36},"end":{"line":116,"column":37}},"loc":{"start":{"line":116,"column":44},"end":{"line":122,"column":5}},"line":116},"29":{"name":"(anonymous_29)","decl":{"start":{"line":117,"column":677},"end":{"line":117,"column":678}},"loc":{"start":{"line":117,"column":691},"end":{"line":121,"column":7}},"line":117},"30":{"name":"(anonymous_30)","decl":{"start":{"line":124,"column":31},"end":{"line":124,"column":32}},"loc":{"start":{"line":124,"column":37},"end":{"line":132,"column":3}},"line":124},"31":{"name":"(anonymous_31)","decl":{"start":{"line":125,"column":34},"end":{"line":125,"column":35}},"loc":{"start":{"line":125,"column":42},"end":{"line":131,"column":5}},"line":125},"32":{"name":"(anonymous_32)","decl":{"start":{"line":126,"column":665},"end":{"line":126,"column":666}},"loc":{"start":{"line":126,"column":679},"end":{"line":130,"column":7}},"line":126},"33":{"name":"(anonymous_33)","decl":{"start":{"line":134,"column":20},"end":{"line":134,"column":21}},"loc":{"start":{"line":134,"column":26},"end":{"line":182,"column":1}},"line":134},"34":{"name":"(anonymous_34)","decl":{"start":{"line":135,"column":33},"end":{"line":135,"column":34}},"loc":{"start":{"line":135,"column":39},"end":{"line":145,"column":3}},"line":135},"35":{"name":"(anonymous_35)","decl":{"start":{"line":136,"column":37},"end":{"line":136,"column":38}},"loc":{"start":{"line":136,"column":45},"end":{"line":144,"column":5}},"line":136},"36":{"name":"(anonymous_36)","decl":{"start":{"line":139,"column":44},"end":{"line":139,"column":45}},"loc":{"start":{"line":139,"column":58},"end":{"line":143,"column":7}},"line":139},"37":{"name":"(anonymous_37)","decl":{"start":{"line":146,"column":32},"end":{"line":146,"column":33}},"loc":{"start":{"line":146,"column":38},"end":{"line":154,"column":3}},"line":146},"38":{"name":"(anonymous_38)","decl":{"start":{"line":147,"column":35},"end":{"line":147,"column":36}},"loc":{"start":{"line":147,"column":43},"end":{"line":153,"column":5}},"line":147},"39":{"name":"(anonymous_39)","decl":{"start":{"line":148,"column":705},"end":{"line":148,"column":706}},"loc":{"start":{"line":148,"column":719},"end":{"line":152,"column":7}},"line":148},"40":{"name":"(anonymous_40)","decl":{"start":{"line":155,"column":30},"end":{"line":155,"column":31}},"loc":{"start":{"line":155,"column":36},"end":{"line":163,"column":3}},"line":155},"41":{"name":"(anonymous_41)","decl":{"start":{"line":156,"column":33},"end":{"line":156,"column":34}},"loc":{"start":{"line":156,"column":41},"end":{"line":162,"column":5}},"line":156},"42":{"name":"(anonymous_42)","decl":{"start":{"line":157,"column":668},"end":{"line":157,"column":669}},"loc":{"start":{"line":157,"column":682},"end":{"line":161,"column":7}},"line":157},"43":{"name":"(anonymous_43)","decl":{"start":{"line":164,"column":39},"end":{"line":164,"column":40}},"loc":{"start":{"line":164,"column":45},"end":{"line":172,"column":3}},"line":164},"44":{"name":"(anonymous_44)","decl":{"start":{"line":165,"column":42},"end":{"line":165,"column":43}},"loc":{"start":{"line":165,"column":50},"end":{"line":171,"column":5}},"line":165},"45":{"name":"(anonymous_45)","decl":{"start":{"line":166,"column":714},"end":{"line":166,"column":715}},"loc":{"start":{"line":166,"column":728},"end":{"line":170,"column":7}},"line":166},"46":{"name":"(anonymous_46)","decl":{"start":{"line":173,"column":35},"end":{"line":173,"column":36}},"loc":{"start":{"line":173,"column":41},"end":{"line":181,"column":3}},"line":173},"47":{"name":"(anonymous_47)","decl":{"start":{"line":174,"column":38},"end":{"line":174,"column":39}},"loc":{"start":{"line":174,"column":46},"end":{"line":180,"column":5}},"line":174},"48":{"name":"(anonymous_48)","decl":{"start":{"line":175,"column":708},"end":{"line":175,"column":709}},"loc":{"start":{"line":175,"column":722},"end":{"line":179,"column":7}},"line":175},"49":{"name":"(anonymous_49)","decl":{"start":{"line":183,"column":27},"end":{"line":183,"column":28}},"loc":{"start":{"line":183,"column":33},"end":{"line":213,"column":1}},"line":183},"50":{"name":"(anonymous_50)","decl":{"start":{"line":184,"column":35},"end":{"line":184,"column":36}},"loc":{"start":{"line":184,"column":41},"end":{"line":194,"column":3}},"line":184},"51":{"name":"(anonymous_51)","decl":{"start":{"line":185,"column":38},"end":{"line":185,"column":39}},"loc":{"start":{"line":185,"column":46},"end":{"line":193,"column":5}},"line":185},"52":{"name":"(anonymous_52)","decl":{"start":{"line":188,"column":44},"end":{"line":188,"column":45}},"loc":{"start":{"line":188,"column":58},"end":{"line":192,"column":7}},"line":188},"53":{"name":"(anonymous_53)","decl":{"start":{"line":195,"column":38},"end":{"line":195,"column":39}},"loc":{"start":{"line":195,"column":44},"end":{"line":203,"column":3}},"line":195},"54":{"name":"(anonymous_54)","decl":{"start":{"line":196,"column":41},"end":{"line":196,"column":42}},"loc":{"start":{"line":196,"column":49},"end":{"line":202,"column":5}},"line":196},"55":{"name":"(anonymous_55)","decl":{"start":{"line":197,"column":676},"end":{"line":197,"column":677}},"loc":{"start":{"line":197,"column":690},"end":{"line":201,"column":7}},"line":197},"56":{"name":"(anonymous_56)","decl":{"start":{"line":204,"column":37},"end":{"line":204,"column":38}},"loc":{"start":{"line":204,"column":43},"end":{"line":212,"column":3}},"line":204},"57":{"name":"(anonymous_57)","decl":{"start":{"line":205,"column":40},"end":{"line":205,"column":41}},"loc":{"start":{"line":205,"column":48},"end":{"line":211,"column":5}},"line":205},"58":{"name":"(anonymous_58)","decl":{"start":{"line":206,"column":716},"end":{"line":206,"column":717}},"loc":{"start":{"line":206,"column":730},"end":{"line":210,"column":7}},"line":206},"59":{"name":"(anonymous_59)","decl":{"start":{"line":214,"column":27},"end":{"line":214,"column":28}},"loc":{"start":{"line":214,"column":33},"end":{"line":224,"column":1}},"line":214},"60":{"name":"(anonymous_60)","decl":{"start":{"line":215,"column":39},"end":{"line":215,"column":40}},"loc":{"start":{"line":215,"column":45},"end":{"line":223,"column":3}},"line":215},"61":{"name":"(anonymous_61)","decl":{"start":{"line":216,"column":42},"end":{"line":216,"column":43}},"loc":{"start":{"line":216,"column":50},"end":{"line":222,"column":5}},"line":216},"62":{"name":"(anonymous_62)","decl":{"start":{"line":217,"column":676},"end":{"line":217,"column":677}},"loc":{"start":{"line":217,"column":690},"end":{"line":221,"column":7}},"line":217}},"branchMap":{"0":{"loc":{"start":{"line":11,"column":46},"end":{"line":11,"column":92}},"type":"cond-expr","locations":[{"start":{"line":11,"column":70},"end":{"line":11,"column":73}},{"start":{"line":11,"column":76},"end":{"line":11,"column":92}}],"line":11},"1":{"loc":{"start":{"line":11,"column":46},"end":{"line":11,"column":67}},"type":"binary-expr","locations":[{"start":{"line":11,"column":46},"end":{"line":11,"column":49}},{"start":{"line":11,"column":53},"end":{"line":11,"column":67}}],"line":11}},"s":{"0":1,"1":1,"2":1,"3":1,"4":4,"5":1,"6":1,"7":1,"8":1,"9":1,"10":1,"11":1,"12":1,"13":1,"14":1,"15":1,"16":1,"17":1,"18":1,"19":1,"20":1,"21":1,"22":1,"23":1,"24":1,"25":1,"26":1,"27":1,"28":1,"29":1,"30":1,"31":1,"32":1,"33":1,"34":1,"35":1,"36":1,"37":1,"38":1,"39":1,"40":1,"41":1,"42":1,"43":1,"44":1,"45":1,"46":1,"47":1,"48":1,"49":1,"50":1,"51":1,"52":1,"53":1,"54":1,"55":1,"56":1,"57":1,"58":1,"59":1,"60":1,"61":1,"62":1,"63":1,"64":1,"65":1,"66":1,"67":1,"68":1,"69":1,"70":1,"71":1,"72":1,"73":1,"74":1,"75":1,"76":1,"77":1,"78":1,"79":1,"80":1,"81":1,"82":1,"83":1,"84":1,"85":1,"86":1,"87":1,"88":1,"89":1,"90":1,"91":1,"92":1,"93":1,"94":1,"95":1,"96":1,"97":1,"98":1,"99":1,"100":1,"101":1,"102":1,"103":1,"104":1,"105":1,"106":1,"107":1,"108":1,"109":1,"110":1,"111":1,"112":1,"113":1,"114":1,"115":1,"116":1,"117":1,"118":1,"119":1,"120":1,"121":1,"122":1,"123":1,"124":1,"125":1,"126":1},"f":{"0":4,"1":1,"2":1,"3":1,"4":1,"5":1,"6":1,"7":1,"8":1,"9":1,"10":1,"11":1,"12":1,"13":1,"14":1,"15":1,"16":1,"17":1,"18":1,"19":1,"20":1,"21":1,"22":1,"23":1,"24":1,"25":1,"26":1,"27":1,"28":1,"29":1,"30":1,"31":1,"32":1,"33":1,"34":1,"35":1,"36":1,"37":1,"38":1,"39":1,"40":1,"41":1,"42":1,"43":1,"44":1,"45":1,"46":1,"47":1,"48":1,"49":1,"50":1,"51":1,"52":1,"53":1,"54":1,"55":1,"56":1,"57":1,"58":1,"59":1,"60":1,"61":1,"62":1},"b":{"0":[1,3],"1":[4,4]},"_coverageSchema":"43e27e138ebf9cfc5966b082cf9a028302ed4184","hash":"6b49c5831fd337f9178d7d2bd9c9619755a5e191","contentHash":"b5588e56a48065778ac5af4d53bf5c7c9f7ff39cd87a6b34744853bd5c6a0aa4"},"C:\\Users\\Administrator\\Desktop\\Projects\\TeamWork_Server\\Teamwork-Server.git\\Teamwork-Server\\src\\start.js":{"path":"C:\\Users\\Administrator\\Desktop\\Projects\\TeamWork_Server\\Teamwork-Server.git\\Teamwork-Server\\src\\start.js","statementMap":{"0":{"start":{"line":3,"column":0},"end":{"line":5,"column":3}},"1":{"start":{"line":6,"column":0},"end":{"line":6,"column":25}},"2":{"start":{"line":8,"column":11},"end":{"line":8,"column":51}},"3":{"start":{"line":10,"column":0},"end":{"line":10,"column":27}},"4":{"start":{"line":12,"column":39},"end":{"line":12,"column":93}},"5":{"start":{"line":15,"column":0},"end":{"line":17,"column":3}},"6":{"start":{"line":19,"column":15},"end":{"line":19,"column":27}},"7":{"start":{"line":20,"column":0},"end":{"line":20,"column":27}}},"fnMap":{"0":{"name":"_interopRequireDefault","decl":{"start":{"line":12,"column":9},"end":{"line":12,"column":31}},"loc":{"start":{"line":12,"column":37},"end":{"line":12,"column":95}},"line":12}},"branchMap":{"0":{"loc":{"start":{"line":12,"column":46},"end":{"line":12,"column":92}},"type":"cond-expr","locations":[{"start":{"line":12,"column":70},"end":{"line":12,"column":73}},{"start":{"line":12,"column":76},"end":{"line":12,"column":92}}],"line":12},"1":{"loc":{"start":{"line":12,"column":46},"end":{"line":12,"column":67}},"type":"binary-expr","locations":[{"start":{"line":12,"column":46},"end":{"line":12,"column":49}},{"start":{"line":12,"column":53},"end":{"line":12,"column":67}}],"line":12}},"s":{"0":1,"1":1,"2":1,"3":1,"4":1,"5":1,"6":1,"7":1},"f":{"0":1},"b":{"0":[1,0],"1":[1,1]},"_coverageSchema":"43e27e138ebf9cfc5966b082cf9a028302ed4184","hash":"fff995f852d15fbb77a40c982902ccb8118c7f91","contentHash":"2906e6209fd17a02a6c48af562447c63bb182a3610c47267a91bc95f4c1c12bb"},"C:\\Users\\Administrator\\Desktop\\Projects\\TeamWork_Server\\Teamwork-Server.git\\Teamwork-Server\\src\\app.js":{"path":"C:\\Users\\Administrator\\Desktop\\Projects\\TeamWork_Server\\Teamwork-Server.git\\Teamwork-Server\\src\\app.js","statementMap":{"0":{"start":{"line":3,"column":0},"end":{"line":5,"column":3}},"1":{"start":{"line":6,"column":0},"end":{"line":6,"column":25}},"2":{"start":{"line":8,"column":15},"end":{"line":8,"column":57}},"3":{"start":{"line":10,"column":14},"end":{"line":10,"column":55}},"4":{"start":{"line":12,"column":13},"end":{"line":12,"column":62}},"5":{"start":{"line":14,"column":12},"end":{"line":14,"column":60}},"6":{"start":{"line":16,"column":16},"end":{"line":16,"column":68}},"7":{"start":{"line":18,"column":15},"end":{"line":18,"column":66}},"8":{"start":{"line":20,"column":15},"end":{"line":20,"column":66}},"9":{"start":{"line":22,"column":14},"end":{"line":22,"column":55}},"10":{"start":{"line":24,"column":39},"end":{"line":24,"column":93}},"11":{"start":{"line":26,"column":0},"end":{"line":26,"column":25}},"12":{"start":{"line":28,"column":12},"end":{"line":28,"column":35}},"13":{"start":{"line":29,"column":0},"end":{"line":29,"column":37}},"14":{"start":{"line":30,"column":0},"end":{"line":30,"column":33}},"15":{"start":{"line":31,"column":0},"end":{"line":33,"column":4}},"16":{"start":{"line":35,"column":12},"end":{"line":35,"column":21}},"17":{"start":{"line":36,"column":0},"end":{"line":36,"column":29}},"18":{"start":{"line":37,"column":0},"end":{"line":37,"column":28}},"19":{"start":{"line":38,"column":0},"end":{"line":38,"column":32}},"20":{"start":{"line":39,"column":0},"end":{"line":39,"column":31}},"21":{"start":{"line":40,"column":0},"end":{"line":40,"column":31}},"22":{"start":{"line":41,"column":0},"end":{"line":46,"column":3}},"23":{"start":{"line":42,"column":2},"end":{"line":45,"column":5}},"24":{"start":{"line":47,"column":0},"end":{"line":47,"column":89}},"25":{"start":{"line":47,"column":35},"end":{"line":47,"column":87}},"26":{"start":{"line":48,"column":15},"end":{"line":48,"column":18}},"27":{"start":{"line":49,"column":0},"end":{"line":49,"column":27}}},"fnMap":{"0":{"name":"_interopRequireDefault","decl":{"start":{"line":24,"column":9},"end":{"line":24,"column":31}},"loc":{"start":{"line":24,"column":37},"end":{"line":24,"column":95}},"line":24},"1":{"name":"(anonymous_1)","decl":{"start":{"line":41,"column":13},"end":{"line":41,"column":14}},"loc":{"start":{"line":41,"column":27},"end":{"line":46,"column":1}},"line":41},"2":{"name":"(anonymous_2)","decl":{"start":{"line":47,"column":29},"end":{"line":47,"column":30}},"loc":{"start":{"line":47,"column":35},"end":{"line":47,"column":87}},"line":47}},"branchMap":{"0":{"loc":{"start":{"line":24,"column":46},"end":{"line":24,"column":92}},"type":"cond-expr","locations":[{"start":{"line":24,"column":70},"end":{"line":24,"column":73}},{"start":{"line":24,"column":76},"end":{"line":24,"column":92}}],"line":24},"1":{"loc":{"start":{"line":24,"column":46},"end":{"line":24,"column":67}},"type":"binary-expr","locations":[{"start":{"line":24,"column":46},"end":{"line":24,"column":49}},{"start":{"line":24,"column":53},"end":{"line":24,"column":67}}],"line":24}},"s":{"0":1,"1":1,"2":1,"3":1,"4":1,"5":1,"6":1,"7":1,"8":1,"9":1,"10":8,"11":1,"12":1,"13":1,"14":1,"15":1,"16":1,"17":1,"18":1,"19":1,"20":1,"21":1,"22":1,"23":0,"24":1,"25":1,"26":1,"27":1},"f":{"0":8,"1":0,"2":1},"b":{"0":[5,3],"1":[8,8]},"_coverageSchema":"43e27e138ebf9cfc5966b082cf9a028302ed4184","hash":"c148a802a2c71fbf78ed2bd9acc9e80fa116917a","contentHash":"95c9d6b007b5d8726e16b99b553082064da727a48c49881090018a5bb675da00"},"C:\\Users\\Administrator\\Desktop\\Projects\\TeamWork_Server\\Teamwork-Server.git\\Teamwork-Server\\src\\routes\\users.js":{"path":"C:\\Users\\Administrator\\Desktop\\Projects\\TeamWork_Server\\Teamwork-Server.git\\Teamwork-Server\\src\\routes\\users.js","statementMap":{"0":{"start":{"line":3,"column":0},"end":{"line":5,"column":3}},"1":{"start":{"line":6,"column":0},"end":{"line":6,"column":25}},"2":{"start":{"line":8,"column":15},"end":{"line":8,"column":57}},"3":{"start":{"line":10,"column":13},"end":{"line":10,"column":68}},"4":{"start":{"line":12,"column":12},"end":{"line":12,"column":65}},"5":{"start":{"line":14,"column":13},"end":{"line":14,"column":67}},"6":{"start":{"line":16,"column":23},"end":{"line":16,"column":95}},"7":{"start":{"line":18,"column":39},"end":{"line":18,"column":93}},"8":{"start":{"line":22,"column":4},"end":{"line":22,"column":28}},"9":{"start":{"line":24,"column":15},"end":{"line":24,"column":40}},"10":{"start":{"line":26,"column":0},"end":{"line":26,"column":61}},"11":{"start":{"line":27,"column":0},"end":{"line":27,"column":75}},"12":{"start":{"line":28,"column":0},"end":{"line":28,"column":55}},"13":{"start":{"line":29,"column":15},"end":{"line":29,"column":21}},"14":{"start":{"line":30,"column":0},"end":{"line":30,"column":27}}},"fnMap":{"0":{"name":"_interopRequireDefault","decl":{"start":{"line":18,"column":9},"end":{"line":18,"column":31}},"loc":{"start":{"line":18,"column":37},"end":{"line":18,"column":95}},"line":18}},"branchMap":{"0":{"loc":{"start":{"line":18,"column":46},"end":{"line":18,"column":92}},"type":"cond-expr","locations":[{"start":{"line":18,"column":70},"end":{"line":18,"column":73}},{"start":{"line":18,"column":76},"end":{"line":18,"column":92}}],"line":18},"1":{"loc":{"start":{"line":18,"column":46},"end":{"line":18,"column":67}},"type":"binary-expr","locations":[{"start":{"line":18,"column":46},"end":{"line":18,"column":49}},{"start":{"line":18,"column":53},"end":{"line":18,"column":67}}],"line":18}},"s":{"0":1,"1":1,"2":1,"3":1,"4":1,"5":1,"6":1,"7":5,"8":1,"9":1,"10":1,"11":1,"12":1,"13":1,"14":1},"f":{"0":5},"b":{"0":[4,1],"1":[5,5]},"_coverageSchema":"43e27e138ebf9cfc5966b082cf9a028302ed4184","hash":"041562bdf73d834af60eabaaaf06eb95899e01e4","contentHash":"7f53fce3bccaefbc381e3b8b4e8d9e7476656bf823a7a08fa33c83e1a8a82f71"},"C:\\Users\\Administrator\\Desktop\\Projects\\TeamWork_Server\\Teamwork-Server.git\\Teamwork-Server\\src\\controllers\\users.js":{"path":"C:\\Users\\Administrator\\Desktop\\Projects\\TeamWork_Server\\Teamwork-Server.git\\Teamwork-Server\\src\\controllers\\users.js","statementMap":{"0":{"start":{"line":3,"column":0},"end":{"line":5,"column":3}},"1":{"start":{"line":6,"column":0},"end":{"line":6,"column":25}},"2":{"start":{"line":8,"column":14},"end":{"line":8,"column":55}},"3":{"start":{"line":10,"column":12},"end":{"line":10,"column":61}},"4":{"start":{"line":12,"column":20},"end":{"line":12,"column":78}},"5":{"start":{"line":14,"column":39},"end":{"line":14,"column":93}},"6":{"start":{"line":24,"column":20},"end":{"line":24,"column":64}},"7":{"start":{"line":25,"column":4},"end":{"line":28,"column":7}},"8":{"start":{"line":25,"column":19},"end":{"line":28,"column":7}},"9":{"start":{"line":29,"column":15},"end":{"line":29,"column":51}},"10":{"start":{"line":30,"column":4},"end":{"line":30,"column":68}},"11":{"start":{"line":31,"column":17},"end":{"line":31,"column":51}},"12":{"start":{"line":32,"column":4},"end":{"line":36,"column":7}},"13":{"start":{"line":47,"column":17},"end":{"line":47,"column":59}},"14":{"start":{"line":49,"column":4},"end":{"line":54,"column":5}},"15":{"start":{"line":50,"column":6},"end":{"line":53,"column":9}},"16":{"start":{"line":56,"column":4},"end":{"line":60,"column":7}},"17":{"start":{"line":70,"column":17},"end":{"line":70,"column":57}},"18":{"start":{"line":72,"column":4},"end":{"line":77,"column":5}},"19":{"start":{"line":73,"column":6},"end":{"line":76,"column":9}},"20":{"start":{"line":79,"column":4},"end":{"line":83,"column":7}},"21":{"start":{"line":93,"column":18},"end":{"line":93,"column":47}},"22":{"start":{"line":94,"column":4},"end":{"line":98,"column":7}},"23":{"start":{"line":103,"column":15},"end":{"line":103,"column":19}},"24":{"start":{"line":104,"column":0},"end":{"line":104,"column":27}}},"fnMap":{"0":{"name":"_interopRequireDefault","decl":{"start":{"line":14,"column":9},"end":{"line":14,"column":31}},"loc":{"start":{"line":14,"column":37},"end":{"line":14,"column":95}},"line":14},"1":{"name":"(anonymous_1)","decl":{"start":{"line":23,"column":2},"end":{"line":23,"column":3}},"loc":{"start":{"line":23,"column":32},"end":{"line":37,"column":3}},"line":23},"2":{"name":"(anonymous_2)","decl":{"start":{"line":46,"column":2},"end":{"line":46,"column":3}},"loc":{"start":{"line":46,"column":32},"end":{"line":61,"column":3}},"line":46},"3":{"name":"(anonymous_3)","decl":{"start":{"line":69,"column":2},"end":{"line":69,"column":3}},"loc":{"start":{"line":69,"column":31},"end":{"line":84,"column":3}},"line":69},"4":{"name":"(anonymous_4)","decl":{"start":{"line":92,"column":2},"end":{"line":92,"column":3}},"loc":{"start":{"line":92,"column":32},"end":{"line":99,"column":3}},"line":92}},"branchMap":{"0":{"loc":{"start":{"line":14,"column":46},"end":{"line":14,"column":92}},"type":"cond-expr","locations":[{"start":{"line":14,"column":70},"end":{"line":14,"column":73}},{"start":{"line":14,"column":76},"end":{"line":14,"column":92}}],"line":14},"1":{"loc":{"start":{"line":14,"column":46},"end":{"line":14,"column":67}},"type":"binary-expr","locations":[{"start":{"line":14,"column":46},"end":{"line":14,"column":49}},{"start":{"line":14,"column":53},"end":{"line":14,"column":67}}],"line":14},"2":{"loc":{"start":{"line":25,"column":4},"end":{"line":28,"column":7}},"type":"if","locations":[{"start":{"line":25,"column":4},"end":{"line":28,"column":7}},{"start":{"line":25,"column":4},"end":{"line":28,"column":7}}],"line":25},"3":{"loc":{"start":{"line":49,"column":4},"end":{"line":54,"column":5}},"type":"if","locations":[{"start":{"line":49,"column":4},"end":{"line":54,"column":5}},{"start":{"line":49,"column":4},"end":{"line":54,"column":5}}],"line":49},"4":{"loc":{"start":{"line":72,"column":4},"end":{"line":77,"column":5}},"type":"if","locations":[{"start":{"line":72,"column":4},"end":{"line":77,"column":5}},{"start":{"line":72,"column":4},"end":{"line":77,"column":5}}],"line":72}},"s":{"0":1,"1":1,"2":1,"3":1,"4":1,"5":3,"6":1,"7":1,"8":0,"9":1,"10":1,"11":1,"12":1,"13":0,"14":0,"15":0,"16":0,"17":1,"18":1,"19":0,"20":1,"21":1,"22":1,"23":1,"24":1},"f":{"0":3,"1":1,"2":0,"3":1,"4":1},"b":{"0":[2,1],"1":[3,3],"2":[0,1],"3":[0,0],"4":[0,1]},"_coverageSchema":"43e27e138ebf9cfc5966b082cf9a028302ed4184","hash":"f00718255521a03ec2df1424c44476753aaad7bf","contentHash":"fc26b68b572b79abb7bbb36df05339d3e525f2712e7343c8d34e9b6748a44773"},"C:\\Users\\Administrator\\Desktop\\Projects\\TeamWork_Server\\Teamwork-Server.git\\Teamwork-Server\\src\\models\\user.js":{"path":"C:\\Users\\Administrator\\Desktop\\Projects\\TeamWork_Server\\Teamwork-Server.git\\Teamwork-Server\\src\\models\\user.js","statementMap":{"0":{"start":{"line":3,"column":0},"end":{"line":5,"column":3}},"1":{"start":{"line":6,"column":0},"end":{"line":6,"column":25}},"2":{"start":{"line":8,"column":14},"end":{"line":8,"column":55}},"3":{"start":{"line":10,"column":12},"end":{"line":10,"column":51}},"4":{"start":{"line":12,"column":20},"end":{"line":12,"column":67}},"5":{"start":{"line":14,"column":14},"end":{"line":14,"column":55}},"6":{"start":{"line":16,"column":39},"end":{"line":16,"column":93}},"7":{"start":{"line":18,"column":0},"end":{"line":18,"column":25}},"8":{"start":{"line":26,"column":4},"end":{"line":37,"column":7}},"9":{"start":{"line":46,"column":20},"end":{"line":57,"column":5}},"10":{"start":{"line":58,"column":4},"end":{"line":58,"column":29}},"11":{"start":{"line":59,"column":4},"end":{"line":59,"column":19}},"12":{"start":{"line":69,"column":18},"end":{"line":69,"column":74}},"13":{"start":{"line":71,"column":4},"end":{"line":71,"column":17}},"14":{"start":{"line":80,"column":4},"end":{"line":80,"column":51}},"15":{"start":{"line":80,"column":35},"end":{"line":80,"column":49}},"16":{"start":{"line":89,"column":4},"end":{"line":89,"column":57}},"17":{"start":{"line":89,"column":35},"end":{"line":89,"column":55}},"18":{"start":{"line":98,"column":4},"end":{"line":98,"column":63}},"19":{"start":{"line":98,"column":35},"end":{"line":98,"column":61}},"20":{"start":{"line":106,"column":4},"end":{"line":106,"column":22}},"21":{"start":{"line":111,"column":15},"end":{"line":111,"column":25}},"22":{"start":{"line":113,"column":0},"end":{"line":113,"column":27}}},"fnMap":{"0":{"name":"_interopRequireDefault","decl":{"start":{"line":16,"column":9},"end":{"line":16,"column":31}},"loc":{"start":{"line":16,"column":37},"end":{"line":16,"column":95}},"line":16},"1":{"name":"(anonymous_1)","decl":{"start":{"line":25,"column":2},"end":{"line":25,"column":3}},"loc":{"start":{"line":25,"column":16},"end":{"line":38,"column":3}},"line":25},"2":{"name":"(anonymous_2)","decl":{"start":{"line":45,"column":2},"end":{"line":45,"column":3}},"loc":{"start":{"line":45,"column":15},"end":{"line":60,"column":3}},"line":45},"3":{"name":"(anonymous_3)","decl":{"start":{"line":68,"column":2},"end":{"line":68,"column":3}},"loc":{"start":{"line":68,"column":17},"end":{"line":72,"column":3}},"line":68},"4":{"name":"(anonymous_4)","decl":{"start":{"line":79,"column":2},"end":{"line":79,"column":3}},"loc":{"start":{"line":79,"column":14},"end":{"line":81,"column":3}},"line":79},"5":{"name":"(anonymous_5)","decl":{"start":{"line":80,"column":27},"end":{"line":80,"column":28}},"loc":{"start":{"line":80,"column":35},"end":{"line":80,"column":49}},"line":80},"6":{"name":"(anonymous_6)","decl":{"start":{"line":88,"column":2},"end":{"line":88,"column":3}},"loc":{"start":{"line":88,"column":18},"end":{"line":90,"column":3}},"line":88},"7":{"name":"(anonymous_7)","decl":{"start":{"line":89,"column":27},"end":{"line":89,"column":28}},"loc":{"start":{"line":89,"column":35},"end":{"line":89,"column":55}},"line":89},"8":{"name":"(anonymous_8)","decl":{"start":{"line":97,"column":2},"end":{"line":97,"column":3}},"loc":{"start":{"line":97,"column":25},"end":{"line":99,"column":3}},"line":97},"9":{"name":"(anonymous_9)","decl":{"start":{"line":98,"column":27},"end":{"line":98,"column":28}},"loc":{"start":{"line":98,"column":35},"end":{"line":98,"column":61}},"line":98},"10":{"name":"(anonymous_10)","decl":{"start":{"line":105,"column":2},"end":{"line":105,"column":3}},"loc":{"start":{"line":105,"column":12},"end":{"line":107,"column":3}},"line":105}},"branchMap":{"0":{"loc":{"start":{"line":16,"column":46},"end":{"line":16,"column":92}},"type":"cond-expr","locations":[{"start":{"line":16,"column":70},"end":{"line":16,"column":73}},{"start":{"line":16,"column":76},"end":{"line":16,"column":92}}],"line":16},"1":{"loc":{"start":{"line":16,"column":46},"end":{"line":16,"column":67}},"type":"binary-expr","locations":[{"start":{"line":16,"column":46},"end":{"line":16,"column":49}},{"start":{"line":16,"column":53},"end":{"line":16,"column":67}}],"line":16}},"s":{"0":1,"1":1,"2":1,"3":1,"4":1,"5":1,"6":4,"7":1,"8":1,"9":1,"10":1,"11":1,"12":2,"13":2,"14":1,"15":1,"16":2,"17":3,"18":0,"19":0,"20":1,"21":1,"22":1},"f":{"0":4,"1":1,"2":1,"3":2,"4":1,"5":1,"6":2,"7":3,"8":0,"9":0,"10":1},"b":{"0":[0,4],"1":[4,4]},"_coverageSchema":"43e27e138ebf9cfc5966b082cf9a028302ed4184","hash":"65a580f162a6adfc99e59eaeb528e7252aba7198","contentHash":"d7bd2bd3a210b688cac22a209596f92f422bab52e19b707c6b11a80046bb45e9"},"C:\\Users\\Administrator\\Desktop\\Projects\\TeamWork_Server\\Teamwork-Server.git\\Teamwork-Server\\src\\helpers\\hashPassword.js":{"path":"C:\\Users\\Administrator\\Desktop\\Projects\\TeamWork_Server\\Teamwork-Server.git\\Teamwork-Server\\src\\helpers\\hashPassword.js","statementMap":{"0":{"start":{"line":3,"column":0},"end":{"line":5,"column":3}},"1":{"start":{"line":6,"column":0},"end":{"line":6,"column":31}},"2":{"start":{"line":8,"column":16},"end":{"line":8,"column":59}},"3":{"start":{"line":10,"column":0},"end":{"line":10,"column":27}},"4":{"start":{"line":12,"column":39},"end":{"line":12,"column":93}},"5":{"start":{"line":15,"column":15},"end":{"line":15,"column":50}},"6":{"start":{"line":16,"column":17},"end":{"line":16,"column":61}},"7":{"start":{"line":17,"column":2},"end":{"line":17,"column":16}}},"fnMap":{"0":{"name":"_interopRequireDefault","decl":{"start":{"line":12,"column":9},"end":{"line":12,"column":31}},"loc":{"start":{"line":12,"column":37},"end":{"line":12,"column":95}},"line":12},"1":{"name":"hashPassword","decl":{"start":{"line":14,"column":15},"end":{"line":14,"column":27}},"loc":{"start":{"line":14,"column":38},"end":{"line":18,"column":1}},"line":14}},"branchMap":{"0":{"loc":{"start":{"line":12,"column":46},"end":{"line":12,"column":92}},"type":"cond-expr","locations":[{"start":{"line":12,"column":70},"end":{"line":12,"column":73}},{"start":{"line":12,"column":76},"end":{"line":12,"column":92}}],"line":12},"1":{"loc":{"start":{"line":12,"column":46},"end":{"line":12,"column":67}},"type":"binary-expr","locations":[{"start":{"line":12,"column":46},"end":{"line":12,"column":49}},{"start":{"line":12,"column":53},"end":{"line":12,"column":67}}],"line":12}},"s":{"0":1,"1":1,"2":1,"3":1,"4":1,"5":1,"6":1,"7":1},"f":{"0":1,"1":1},"b":{"0":[0,1],"1":[1,1]},"_coverageSchema":"43e27e138ebf9cfc5966b082cf9a028302ed4184","hash":"c631e3dd0efc1d8a120ce700278b387d00dafa86","contentHash":"10b7b8510041fa94aad51f249aef0629c73802c0f31279291fe1497ba540c43c"},"C:\\Users\\Administrator\\Desktop\\Projects\\TeamWork_Server\\Teamwork-Server.git\\Teamwork-Server\\src\\middleware\\auth.js":{"path":"C:\\Users\\Administrator\\Desktop\\Projects\\TeamWork_Server\\Teamwork-Server.git\\Teamwork-Server\\src\\middleware\\auth.js","statementMap":{"0":{"start":{"line":3,"column":0},"end":{"line":5,"column":3}},"1":{"start":{"line":6,"column":0},"end":{"line":6,"column":27}},"2":{"start":{"line":8,"column":20},"end":{"line":8,"column":67}},"3":{"start":{"line":10,"column":14},"end":{"line":10,"column":55}},"4":{"start":{"line":12,"column":39},"end":{"line":12,"column":93}},"5":{"start":{"line":14,"column":0},"end":{"line":14,"column":25}},"6":{"start":{"line":17,"column":16},"end":{"line":17,"column":42}},"7":{"start":{"line":18,"column":2},"end":{"line":21,"column":5}},"8":{"start":{"line":18,"column":14},"end":{"line":21,"column":5}},"9":{"start":{"line":23,"column":2},"end":{"line":33,"column":3}},"10":{"start":{"line":24,"column":20},"end":{"line":24,"column":79}},"11":{"start":{"line":26,"column":4},"end":{"line":26,"column":23}},"12":{"start":{"line":27,"column":4},"end":{"line":27,"column":11}},"13":{"start":{"line":29,"column":4},"end":{"line":32,"column":7}}},"fnMap":{"0":{"name":"_interopRequireDefault","decl":{"start":{"line":12,"column":9},"end":{"line":12,"column":31}},"loc":{"start":{"line":12,"column":37},"end":{"line":12,"column":95}},"line":12},"1":{"name":"_default","decl":{"start":{"line":16,"column":9},"end":{"line":16,"column":17}},"loc":{"start":{"line":16,"column":34},"end":{"line":34,"column":1}},"line":16}},"branchMap":{"0":{"loc":{"start":{"line":12,"column":46},"end":{"line":12,"column":92}},"type":"cond-expr","locations":[{"start":{"line":12,"column":70},"end":{"line":12,"column":73}},{"start":{"line":12,"column":76},"end":{"line":12,"column":92}}],"line":12},"1":{"loc":{"start":{"line":12,"column":46},"end":{"line":12,"column":67}},"type":"binary-expr","locations":[{"start":{"line":12,"column":46},"end":{"line":12,"column":49}},{"start":{"line":12,"column":53},"end":{"line":12,"column":67}}],"line":12},"2":{"loc":{"start":{"line":18,"column":2},"end":{"line":21,"column":5}},"type":"if","locations":[{"start":{"line":18,"column":2},"end":{"line":21,"column":5}},{"start":{"line":18,"column":2},"end":{"line":21,"column":5}}],"line":18}},"s":{"0":1,"1":1,"2":1,"3":1,"4":2,"5":1,"6":16,"7":16,"8":0,"9":16,"10":16,"11":16,"12":16,"13":0},"f":{"0":2,"1":16},"b":{"0":[0,2],"1":[2,2],"2":[0,16]},"_coverageSchema":"43e27e138ebf9cfc5966b082cf9a028302ed4184","hash":"d14b0fddf2d2a3dc559a1bfc5fc3465d79ce332f","contentHash":"aba7e384cdae9c471a65023f6c6ab71a79c67adf873b6f0b8efefd705e82253a"},"C:\\Users\\Administrator\\Desktop\\Projects\\TeamWork_Server\\Teamwork-Server.git\\Teamwork-Server\\src\\middleware\\admin.js":{"path":"C:\\Users\\Administrator\\Desktop\\Projects\\TeamWork_Server\\Teamwork-Server.git\\Teamwork-Server\\src\\middleware\\admin.js","statementMap":{"0":{"start":{"line":3,"column":0},"end":{"line":5,"column":3}},"1":{"start":{"line":6,"column":0},"end":{"line":6,"column":27}},"2":{"start":{"line":9,"column":2},"end":{"line":12,"column":5}},"3":{"start":{"line":9,"column":25},"end":{"line":12,"column":5}},"4":{"start":{"line":13,"column":2},"end":{"line":13,"column":9}}},"fnMap":{"0":{"name":"_default","decl":{"start":{"line":8,"column":9},"end":{"line":8,"column":17}},"loc":{"start":{"line":8,"column":34},"end":{"line":14,"column":1}},"line":8}},"branchMap":{"0":{"loc":{"start":{"line":9,"column":2},"end":{"line":12,"column":5}},"type":"if","locations":[{"start":{"line":9,"column":2},"end":{"line":12,"column":5}},{"start":{"line":9,"column":2},"end":{"line":12,"column":5}}],"line":9}},"s":{"0":1,"1":1,"2":3,"3":0,"4":3},"f":{"0":3},"b":{"0":[0,3]},"_coverageSchema":"43e27e138ebf9cfc5966b082cf9a028302ed4184","hash":"a9f55329f527f3cc1b02311798d4b85bc63ad42d","contentHash":"0086892be1d7fc8b0c4c0093bfe5eb5ae7552df4f1f4f69727918e07b1d1c04c"},"C:\\Users\\Administrator\\Desktop\\Projects\\TeamWork_Server\\Teamwork-Server.git\\Teamwork-Server\\src\\helpers\\validators\\signupValidator.js":{"path":"C:\\Users\\Administrator\\Desktop\\Projects\\TeamWork_Server\\Teamwork-Server.git\\Teamwork-Server\\src\\helpers\\validators\\signupValidator.js","statementMap":{"0":{"start":{"line":3,"column":0},"end":{"line":5,"column":3}},"1":{"start":{"line":6,"column":0},"end":{"line":6,"column":25}},"2":{"start":{"line":8,"column":11},"end":{"line":8,"column":49}},"3":{"start":{"line":10,"column":0},"end":{"line":10,"column":27}},"4":{"start":{"line":12,"column":39},"end":{"line":12,"column":93}},"5":{"start":{"line":14,"column":21},"end":{"line":43,"column":1}},"6":{"start":{"line":16,"column":19},"end":{"line":26,"column":6}},"7":{"start":{"line":31,"column":8},"end":{"line":31,"column":47}},"8":{"start":{"line":33,"column":4},"end":{"line":38,"column":5}},"9":{"start":{"line":34,"column":6},"end":{"line":37,"column":9}},"10":{"start":{"line":40,"column":4},"end":{"line":40,"column":11}},"11":{"start":{"line":44,"column":15},"end":{"line":44,"column":27}},"12":{"start":{"line":45,"column":0},"end":{"line":45,"column":27}}},"fnMap":{"0":{"name":"_interopRequireDefault","decl":{"start":{"line":12,"column":9},"end":{"line":12,"column":31}},"loc":{"start":{"line":12,"column":37},"end":{"line":12,"column":95}},"line":12},"1":{"name":"(anonymous_1)","decl":{"start":{"line":15,"column":2},"end":{"line":15,"column":3}},"loc":{"start":{"line":15,"column":33},"end":{"line":41,"column":3}},"line":15}},"branchMap":{"0":{"loc":{"start":{"line":12,"column":46},"end":{"line":12,"column":92}},"type":"cond-expr","locations":[{"start":{"line":12,"column":70},"end":{"line":12,"column":73}},{"start":{"line":12,"column":76},"end":{"line":12,"column":92}}],"line":12},"1":{"loc":{"start":{"line":12,"column":46},"end":{"line":12,"column":67}},"type":"binary-expr","locations":[{"start":{"line":12,"column":46},"end":{"line":12,"column":49}},{"start":{"line":12,"column":53},"end":{"line":12,"column":67}}],"line":12},"2":{"loc":{"start":{"line":33,"column":4},"end":{"line":38,"column":5}},"type":"if","locations":[{"start":{"line":33,"column":4},"end":{"line":38,"column":5}},{"start":{"line":33,"column":4},"end":{"line":38,"column":5}}],"line":33},"3":{"loc":{"start":{"line":33,"column":8},"end":{"line":33,"column":30}},"type":"binary-expr","locations":[{"start":{"line":33,"column":8},"end":{"line":33,"column":13}},{"start":{"line":33,"column":17},"end":{"line":33,"column":30}}],"line":33}},"s":{"0":1,"1":1,"2":1,"3":1,"4":1,"5":1,"6":1,"7":1,"8":1,"9":0,"10":1,"11":1,"12":1},"f":{"0":1,"1":1},"b":{"0":[0,1],"1":[1,1],"2":[0,1],"3":[1,0]},"_coverageSchema":"43e27e138ebf9cfc5966b082cf9a028302ed4184","hash":"7a9587e3e05ff691430e07ab637bf3068b9aad24","contentHash":"1514852a654b9d64d835609c23c9f70d5c3828c9100d1554f1d80bbf5e3a9ad2"},"C:\\Users\\Administrator\\Desktop\\Projects\\TeamWork_Server\\Teamwork-Server.git\\Teamwork-Server\\src\\routes\\auth.js":{"path":"C:\\Users\\Administrator\\Desktop\\Projects\\TeamWork_Server\\Teamwork-Server.git\\Teamwork-Server\\src\\routes\\auth.js","statementMap":{"0":{"start":{"line":3,"column":0},"end":{"line":5,"column":3}},"1":{"start":{"line":6,"column":0},"end":{"line":6,"column":25}},"2":{"start":{"line":8,"column":15},"end":{"line":8,"column":57}},"3":{"start":{"line":10,"column":12},"end":{"line":10,"column":66}},"4":{"start":{"line":12,"column":22},"end":{"line":12,"column":93}},"5":{"start":{"line":14,"column":39},"end":{"line":14,"column":93}},"6":{"start":{"line":18,"column":4},"end":{"line":18,"column":27}},"7":{"start":{"line":20,"column":15},"end":{"line":20,"column":40}},"8":{"start":{"line":22,"column":0},"end":{"line":22,"column":61}},"9":{"start":{"line":23,"column":15},"end":{"line":23,"column":21}},"10":{"start":{"line":24,"column":0},"end":{"line":24,"column":27}}},"fnMap":{"0":{"name":"_interopRequireDefault","decl":{"start":{"line":14,"column":9},"end":{"line":14,"column":31}},"loc":{"start":{"line":14,"column":37},"end":{"line":14,"column":95}},"line":14}},"branchMap":{"0":{"loc":{"start":{"line":14,"column":46},"end":{"line":14,"column":92}},"type":"cond-expr","locations":[{"start":{"line":14,"column":70},"end":{"line":14,"column":73}},{"start":{"line":14,"column":76},"end":{"line":14,"column":92}}],"line":14},"1":{"loc":{"start":{"line":14,"column":46},"end":{"line":14,"column":67}},"type":"binary-expr","locations":[{"start":{"line":14,"column":46},"end":{"line":14,"column":49}},{"start":{"line":14,"column":53},"end":{"line":14,"column":67}}],"line":14}},"s":{"0":1,"1":1,"2":1,"3":1,"4":1,"5":3,"6":1,"7":1,"8":1,"9":1,"10":1},"f":{"0":3},"b":{"0":[2,1],"1":[3,3]},"_coverageSchema":"43e27e138ebf9cfc5966b082cf9a028302ed4184","hash":"45e62a6ab9c95dd30d86ac54a527dd67e44c7a90","contentHash":"142ec6750b6f40afee2cf87aeb4a950c194da710ede67afd381027a874100bfa"},"C:\\Users\\Administrator\\Desktop\\Projects\\TeamWork_Server\\Teamwork-Server.git\\Teamwork-Server\\src\\controllers\\auth.js":{"path":"C:\\Users\\Administrator\\Desktop\\Projects\\TeamWork_Server\\Teamwork-Server.git\\Teamwork-Server\\src\\controllers\\auth.js","statementMap":{"0":{"start":{"line":3,"column":0},"end":{"line":5,"column":3}},"1":{"start":{"line":6,"column":0},"end":{"line":6,"column":25}},"2":{"start":{"line":8,"column":16},"end":{"line":8,"column":59}},"3":{"start":{"line":10,"column":0},"end":{"line":10,"column":27}},"4":{"start":{"line":12,"column":12},"end":{"line":12,"column":61}},"5":{"start":{"line":14,"column":39},"end":{"line":14,"column":93}},"6":{"start":{"line":24,"column":17},"end":{"line":24,"column":61}},"7":{"start":{"line":25,"column":4},"end":{"line":28,"column":7}},"8":{"start":{"line":25,"column":15},"end":{"line":28,"column":7}},"9":{"start":{"line":29,"column":26},"end":{"line":29,"column":91}},"10":{"start":{"line":30,"column":4},"end":{"line":33,"column":7}},"11":{"start":{"line":30,"column":24},"end":{"line":33,"column":7}},"12":{"start":{"line":34,"column":17},"end":{"line":34,"column":51}},"13":{"start":{"line":35,"column":4},"end":{"line":39,"column":7}},"14":{"start":{"line":44,"column":15},"end":{"line":44,"column":19}},"15":{"start":{"line":45,"column":0},"end":{"line":45,"column":27}}},"fnMap":{"0":{"name":"_interopRequireDefault","decl":{"start":{"line":14,"column":9},"end":{"line":14,"column":31}},"loc":{"start":{"line":14,"column":37},"end":{"line":14,"column":95}},"line":14},"1":{"name":"(anonymous_1)","decl":{"start":{"line":23,"column":2},"end":{"line":23,"column":3}},"loc":{"start":{"line":23,"column":32},"end":{"line":40,"column":3}},"line":23}},"branchMap":{"0":{"loc":{"start":{"line":14,"column":46},"end":{"line":14,"column":92}},"type":"cond-expr","locations":[{"start":{"line":14,"column":70},"end":{"line":14,"column":73}},{"start":{"line":14,"column":76},"end":{"line":14,"column":92}}],"line":14},"1":{"loc":{"start":{"line":14,"column":46},"end":{"line":14,"column":67}},"type":"binary-expr","locations":[{"start":{"line":14,"column":46},"end":{"line":14,"column":49}},{"start":{"line":14,"column":53},"end":{"line":14,"column":67}}],"line":14},"2":{"loc":{"start":{"line":25,"column":4},"end":{"line":28,"column":7}},"type":"if","locations":[{"start":{"line":25,"column":4},"end":{"line":28,"column":7}},{"start":{"line":25,"column":4},"end":{"line":28,"column":7}}],"line":25},"3":{"loc":{"start":{"line":30,"column":4},"end":{"line":33,"column":7}},"type":"if","locations":[{"start":{"line":30,"column":4},"end":{"line":33,"column":7}},{"start":{"line":30,"column":4},"end":{"line":33,"column":7}}],"line":30}},"s":{"0":1,"1":1,"2":1,"3":1,"4":1,"5":2,"6":1,"7":1,"8":0,"9":1,"10":1,"11":0,"12":1,"13":1,"14":1,"15":1},"f":{"0":2,"1":1},"b":{"0":[1,1],"1":[2,2],"2":[0,1],"3":[0,1]},"_coverageSchema":"43e27e138ebf9cfc5966b082cf9a028302ed4184","hash":"0dc4f050ca39db7a815b9402bd3d88afa074aef7","contentHash":"330699f492e32fabbb5939b31c9072b32186724efc14501ab274e53812216c09"},"C:\\Users\\Administrator\\Desktop\\Projects\\TeamWork_Server\\Teamwork-Server.git\\Teamwork-Server\\src\\helpers\\validators\\loginValidator.js":{"path":"C:\\Users\\Administrator\\Desktop\\Projects\\TeamWork_Server\\Teamwork-Server.git\\Teamwork-Server\\src\\helpers\\validators\\loginValidator.js","statementMap":{"0":{"start":{"line":3,"column":0},"end":{"line":5,"column":3}},"1":{"start":{"line":6,"column":0},"end":{"line":6,"column":25}},"2":{"start":{"line":8,"column":11},"end":{"line":8,"column":49}},"3":{"start":{"line":10,"column":0},"end":{"line":10,"column":27}},"4":{"start":{"line":12,"column":39},"end":{"line":12,"column":93}},"5":{"start":{"line":14,"column":22},"end":{"line":41,"column":1}},"6":{"start":{"line":16,"column":19},"end":{"line":24,"column":6}},"7":{"start":{"line":29,"column":8},"end":{"line":29,"column":47}},"8":{"start":{"line":31,"column":4},"end":{"line":36,"column":5}},"9":{"start":{"line":32,"column":6},"end":{"line":35,"column":9}},"10":{"start":{"line":38,"column":4},"end":{"line":38,"column":11}},"11":{"start":{"line":42,"column":15},"end":{"line":42,"column":28}},"12":{"start":{"line":43,"column":0},"end":{"line":43,"column":27}}},"fnMap":{"0":{"name":"_interopRequireDefault","decl":{"start":{"line":12,"column":9},"end":{"line":12,"column":31}},"loc":{"start":{"line":12,"column":37},"end":{"line":12,"column":95}},"line":12},"1":{"name":"(anonymous_1)","decl":{"start":{"line":15,"column":2},"end":{"line":15,"column":3}},"loc":{"start":{"line":15,"column":33},"end":{"line":39,"column":3}},"line":15}},"branchMap":{"0":{"loc":{"start":{"line":12,"column":46},"end":{"line":12,"column":92}},"type":"cond-expr","locations":[{"start":{"line":12,"column":70},"end":{"line":12,"column":73}},{"start":{"line":12,"column":76},"end":{"line":12,"column":92}}],"line":12},"1":{"loc":{"start":{"line":12,"column":46},"end":{"line":12,"column":67}},"type":"binary-expr","locations":[{"start":{"line":12,"column":46},"end":{"line":12,"column":49}},{"start":{"line":12,"column":53},"end":{"line":12,"column":67}}],"line":12},"2":{"loc":{"start":{"line":31,"column":4},"end":{"line":36,"column":5}},"type":"if","locations":[{"start":{"line":31,"column":4},"end":{"line":36,"column":5}},{"start":{"line":31,"column":4},"end":{"line":36,"column":5}}],"line":31},"3":{"loc":{"start":{"line":31,"column":8},"end":{"line":31,"column":30}},"type":"binary-expr","locations":[{"start":{"line":31,"column":8},"end":{"line":31,"column":13}},{"start":{"line":31,"column":17},"end":{"line":31,"column":30}}],"line":31}},"s":{"0":1,"1":1,"2":1,"3":1,"4":1,"5":1,"6":1,"7":1,"8":1,"9":0,"10":1,"11":1,"12":1},"f":{"0":1,"1":1},"b":{"0":[0,1],"1":[1,1],"2":[0,1],"3":[1,0]},"_coverageSchema":"43e27e138ebf9cfc5966b082cf9a028302ed4184","hash":"259703101a403a7882f2672bcef66908a851b754","contentHash":"d9d3cbcbcf25a4b458bf3607eb8ebd07e0c5de0166ce81c2bad93933db54dd1d"},"C:\\Users\\Administrator\\Desktop\\Projects\\TeamWork_Server\\Teamwork-Server.git\\Teamwork-Server\\src\\routes\\articles.js":{"path":"C:\\Users\\Administrator\\Desktop\\Projects\\TeamWork_Server\\Teamwork-Server.git\\Teamwork-Server\\src\\routes\\articles.js","statementMap":{"0":{"start":{"line":3,"column":0},"end":{"line":5,"column":3}},"1":{"start":{"line":6,"column":0},"end":{"line":6,"column":25}},"2":{"start":{"line":8,"column":15},"end":{"line":8,"column":57}},"3":{"start":{"line":10,"column":15},"end":{"line":10,"column":72}},"4":{"start":{"line":12,"column":12},"end":{"line":12,"column":65}},"5":{"start":{"line":14,"column":24},"end":{"line":14,"column":73}},"6":{"start":{"line":16,"column":39},"end":{"line":16,"column":93}},"7":{"start":{"line":22,"column":4},"end":{"line":22,"column":37}},"8":{"start":{"line":25,"column":4},"end":{"line":25,"column":32}},"9":{"start":{"line":27,"column":15},"end":{"line":27,"column":40}},"10":{"start":{"line":31,"column":0},"end":{"line":31,"column":75}},"11":{"start":{"line":32,"column":0},"end":{"line":32,"column":80}},"12":{"start":{"line":33,"column":0},"end":{"line":33,"column":71}},"13":{"start":{"line":34,"column":0},"end":{"line":34,"column":68}},"14":{"start":{"line":35,"column":0},"end":{"line":35,"column":75}},"15":{"start":{"line":36,"column":0},"end":{"line":36,"column":61}},"16":{"start":{"line":37,"column":15},"end":{"line":37,"column":21}},"17":{"start":{"line":38,"column":0},"end":{"line":38,"column":27}}},"fnMap":{"0":{"name":"_interopRequireDefault","decl":{"start":{"line":16,"column":9},"end":{"line":16,"column":31}},"loc":{"start":{"line":16,"column":37},"end":{"line":16,"column":95}},"line":16}},"branchMap":{"0":{"loc":{"start":{"line":16,"column":46},"end":{"line":16,"column":92}},"type":"cond-expr","locations":[{"start":{"line":16,"column":70},"end":{"line":16,"column":73}},{"start":{"line":16,"column":76},"end":{"line":16,"column":92}}],"line":16},"1":{"loc":{"start":{"line":16,"column":46},"end":{"line":16,"column":67}},"type":"binary-expr","locations":[{"start":{"line":16,"column":46},"end":{"line":16,"column":49}},{"start":{"line":16,"column":53},"end":{"line":16,"column":67}}],"line":16}},"s":{"0":1,"1":1,"2":1,"3":1,"4":1,"5":1,"6":3,"7":1,"8":1,"9":1,"10":1,"11":1,"12":1,"13":1,"14":1,"15":1,"16":1,"17":1},"f":{"0":3},"b":{"0":[2,1],"1":[3,3]},"_coverageSchema":"43e27e138ebf9cfc5966b082cf9a028302ed4184","hash":"48437ee415a8c0841a3f084dac3fdbf39a14d37a","contentHash":"ce3fdd9544ea005dfdc9f102f2f5f2e5c225c8683042315aae1a9dacb782c7e0"},"C:\\Users\\Administrator\\Desktop\\Projects\\TeamWork_Server\\Teamwork-Server.git\\Teamwork-Server\\src\\controllers\\article.js":{"path":"C:\\Users\\Administrator\\Desktop\\Projects\\TeamWork_Server\\Teamwork-Server.git\\Teamwork-Server\\src\\controllers\\article.js","statementMap":{"0":{"start":{"line":3,"column":0},"end":{"line":5,"column":3}},"1":{"start":{"line":6,"column":0},"end":{"line":6,"column":25}},"2":{"start":{"line":8,"column":15},"end":{"line":8,"column":67}},"3":{"start":{"line":10,"column":15},"end":{"line":10,"column":67}},"4":{"start":{"line":12,"column":17},"end":{"line":12,"column":62}},"5":{"start":{"line":14,"column":39},"end":{"line":14,"column":93}},"6":{"start":{"line":24,"column":20},"end":{"line":24,"column":59}},"7":{"start":{"line":25,"column":17},"end":{"line":32,"column":5}},"8":{"start":{"line":33,"column":4},"end":{"line":33,"column":47}},"9":{"start":{"line":34,"column":4},"end":{"line":38,"column":7}},"10":{"start":{"line":49,"column":20},"end":{"line":49,"column":59}},"11":{"start":{"line":51,"column":4},"end":{"line":56,"column":5}},"12":{"start":{"line":52,"column":6},"end":{"line":55,"column":9}},"13":{"start":{"line":58,"column":4},"end":{"line":71,"column":5}},"14":{"start":{"line":59,"column":19},"end":{"line":59,"column":67}},"15":{"start":{"line":61,"column":6},"end":{"line":65,"column":9}},"16":{"start":{"line":67,"column":6},"end":{"line":70,"column":9}},"17":{"start":{"line":82,"column":20},"end":{"line":82,"column":65}},"18":{"start":{"line":84,"column":4},"end":{"line":89,"column":5}},"19":{"start":{"line":85,"column":6},"end":{"line":88,"column":9}},"20":{"start":{"line":91,"column":4},"end":{"line":104,"column":5}},"21":{"start":{"line":92,"column":28},"end":{"line":92,"column":72}},"22":{"start":{"line":93,"column":29},"end":{"line":93,"column":80}},"23":{"start":{"line":94,"column":6},"end":{"line":98,"column":9}},"24":{"start":{"line":100,"column":6},"end":{"line":103,"column":9}},"25":{"start":{"line":115,"column":21},"end":{"line":115,"column":47}},"26":{"start":{"line":117,"column":4},"end":{"line":121,"column":7}},"27":{"start":{"line":132,"column":20},"end":{"line":132,"column":65}},"28":{"start":{"line":134,"column":4},"end":{"line":139,"column":5}},"29":{"start":{"line":135,"column":6},"end":{"line":138,"column":9}},"30":{"start":{"line":141,"column":21},"end":{"line":141,"column":71}},"31":{"start":{"line":142,"column":17},"end":{"line":150,"column":5}},"32":{"start":{"line":151,"column":4},"end":{"line":154,"column":7}},"33":{"start":{"line":165,"column":17},"end":{"line":165,"column":65}},"34":{"start":{"line":167,"column":4},"end":{"line":172,"column":5}},"35":{"start":{"line":168,"column":6},"end":{"line":171,"column":9}},"36":{"start":{"line":174,"column":4},"end":{"line":178,"column":7}},"37":{"start":{"line":183,"column":15},"end":{"line":183,"column":22}},"38":{"start":{"line":184,"column":0},"end":{"line":184,"column":27}}},"fnMap":{"0":{"name":"_interopRequireDefault","decl":{"start":{"line":14,"column":9},"end":{"line":14,"column":31}},"loc":{"start":{"line":14,"column":37},"end":{"line":14,"column":95}},"line":14},"1":{"name":"(anonymous_1)","decl":{"start":{"line":23,"column":2},"end":{"line":23,"column":3}},"loc":{"start":{"line":23,"column":32},"end":{"line":39,"column":3}},"line":23},"2":{"name":"(anonymous_2)","decl":{"start":{"line":48,"column":2},"end":{"line":48,"column":3}},"loc":{"start":{"line":48,"column":32},"end":{"line":72,"column":3}},"line":48},"3":{"name":"(anonymous_3)","decl":{"start":{"line":81,"column":2},"end":{"line":81,"column":3}},"loc":{"start":{"line":81,"column":32},"end":{"line":105,"column":3}},"line":81},"4":{"name":"(anonymous_4)","decl":{"start":{"line":114,"column":2},"end":{"line":114,"column":3}},"loc":{"start":{"line":114,"column":26},"end":{"line":122,"column":3}},"line":114},"5":{"name":"(anonymous_5)","decl":{"start":{"line":131,"column":2},"end":{"line":131,"column":3}},"loc":{"start":{"line":131,"column":32},"end":{"line":155,"column":3}},"line":131},"6":{"name":"(anonymous_6)","decl":{"start":{"line":164,"column":2},"end":{"line":164,"column":3}},"loc":{"start":{"line":164,"column":34},"end":{"line":179,"column":3}},"line":164}},"branchMap":{"0":{"loc":{"start":{"line":14,"column":46},"end":{"line":14,"column":92}},"type":"cond-expr","locations":[{"start":{"line":14,"column":70},"end":{"line":14,"column":73}},{"start":{"line":14,"column":76},"end":{"line":14,"column":92}}],"line":14},"1":{"loc":{"start":{"line":14,"column":46},"end":{"line":14,"column":67}},"type":"binary-expr","locations":[{"start":{"line":14,"column":46},"end":{"line":14,"column":49}},{"start":{"line":14,"column":53},"end":{"line":14,"column":67}}],"line":14},"2":{"loc":{"start":{"line":51,"column":4},"end":{"line":56,"column":5}},"type":"if","locations":[{"start":{"line":51,"column":4},"end":{"line":56,"column":5}},{"start":{"line":51,"column":4},"end":{"line":56,"column":5}}],"line":51},"3":{"loc":{"start":{"line":58,"column":4},"end":{"line":71,"column":5}},"type":"if","locations":[{"start":{"line":58,"column":4},"end":{"line":71,"column":5}},{"start":{"line":58,"column":4},"end":{"line":71,"column":5}}],"line":58},"4":{"loc":{"start":{"line":84,"column":4},"end":{"line":89,"column":5}},"type":"if","locations":[{"start":{"line":84,"column":4},"end":{"line":89,"column":5}},{"start":{"line":84,"column":4},"end":{"line":89,"column":5}}],"line":84},"5":{"loc":{"start":{"line":91,"column":4},"end":{"line":104,"column":5}},"type":"if","locations":[{"start":{"line":91,"column":4},"end":{"line":104,"column":5}},{"start":{"line":91,"column":4},"end":{"line":104,"column":5}}],"line":91},"6":{"loc":{"start":{"line":91,"column":8},"end":{"line":91,"column":60}},"type":"binary-expr","locations":[{"start":{"line":91,"column":8},"end":{"line":91,"column":40}},{"start":{"line":91,"column":44},"end":{"line":91,"column":60}}],"line":91},"7":{"loc":{"start":{"line":134,"column":4},"end":{"line":139,"column":5}},"type":"if","locations":[{"start":{"line":134,"column":4},"end":{"line":139,"column":5}},{"start":{"line":134,"column":4},"end":{"line":139,"column":5}}],"line":134},"8":{"loc":{"start":{"line":167,"column":4},"end":{"line":172,"column":5}},"type":"if","locations":[{"start":{"line":167,"column":4},"end":{"line":172,"column":5}},{"start":{"line":167,"column":4},"end":{"line":172,"column":5}}],"line":167}},"s":{"0":1,"1":1,"2":1,"3":1,"4":1,"5":3,"6":1,"7":1,"8":1,"9":1,"10":1,"11":1,"12":0,"13":1,"14":1,"15":1,"16":0,"17":1,"18":1,"19":0,"20":1,"21":1,"22":1,"23":1,"24":0,"25":1,"26":1,"27":1,"28":1,"29":0,"30":1,"31":1,"32":1,"33":1,"34":1,"35":0,"36":1,"37":1,"38":1},"f":{"0":3,"1":1,"2":1,"3":1,"4":1,"5":1,"6":1},"b":{"0":[2,1],"1":[3,3],"2":[0,1],"3":[1,0],"4":[0,1],"5":[1,0],"6":[1,0],"7":[0,1],"8":[0,1]},"_coverageSchema":"43e27e138ebf9cfc5966b082cf9a028302ed4184","hash":"94e6e96af1f1af978820a6975cec8ae0ff09741f","contentHash":"c8e6c7d7ad2c40684e72348d6c2ff7ac907183ba219163006e2059c1b3a22147"},"C:\\Users\\Administrator\\Desktop\\Projects\\TeamWork_Server\\Teamwork-Server.git\\Teamwork-Server\\src\\models\\article.js":{"path":"C:\\Users\\Administrator\\Desktop\\Projects\\TeamWork_Server\\Teamwork-Server.git\\Teamwork-Server\\src\\models\\article.js","statementMap":{"0":{"start":{"line":3,"column":0},"end":{"line":5,"column":3}},"1":{"start":{"line":6,"column":0},"end":{"line":6,"column":25}},"2":{"start":{"line":8,"column":14},"end":{"line":8,"column":55}},"3":{"start":{"line":10,"column":12},"end":{"line":10,"column":51}},"4":{"start":{"line":12,"column":39},"end":{"line":12,"column":93}},"5":{"start":{"line":20,"column":4},"end":{"line":34,"column":7}},"6":{"start":{"line":43,"column":23},"end":{"line":50,"column":5}},"7":{"start":{"line":51,"column":4},"end":{"line":51,"column":22}},"8":{"start":{"line":61,"column":4},"end":{"line":61,"column":60}},"9":{"start":{"line":61,"column":41},"end":{"line":61,"column":58}},"10":{"start":{"line":71,"column":20},"end":{"line":71,"column":36}},"11":{"start":{"line":72,"column":18},"end":{"line":72,"column":48}},"12":{"start":{"line":73,"column":4},"end":{"line":73,"column":47}},"13":{"start":{"line":74,"column":4},"end":{"line":74,"column":51}},"14":{"start":{"line":75,"column":4},"end":{"line":75,"column":51}},"15":{"start":{"line":76,"column":4},"end":{"line":76,"column":63}},"16":{"start":{"line":77,"column":4},"end":{"line":77,"column":32}},"17":{"start":{"line":85,"column":20},"end":{"line":85,"column":36}},"18":{"start":{"line":86,"column":18},"end":{"line":86,"column":48}},"19":{"start":{"line":87,"column":4},"end":{"line":87,"column":35}},"20":{"start":{"line":88,"column":4},"end":{"line":88,"column":14}},"21":{"start":{"line":96,"column":4},"end":{"line":111,"column":5}},"22":{"start":{"line":97,"column":20},"end":{"line":97,"column":22}},"23":{"start":{"line":98,"column":22},"end":{"line":98,"column":35}},"24":{"start":{"line":100,"column":6},"end":{"line":106,"column":7}},"25":{"start":{"line":100,"column":19},"end":{"line":100,"column":20}},"26":{"start":{"line":101,"column":8},"end":{"line":105,"column":11}},"27":{"start":{"line":102,"column":10},"end":{"line":104,"column":11}},"28":{"start":{"line":103,"column":12},"end":{"line":103,"column":35}},"29":{"start":{"line":108,"column":6},"end":{"line":108,"column":19}},"30":{"start":{"line":110,"column":6},"end":{"line":110,"column":25}},"31":{"start":{"line":119,"column":4},"end":{"line":119,"column":25}},"32":{"start":{"line":124,"column":15},"end":{"line":124,"column":28}},"33":{"start":{"line":126,"column":0},"end":{"line":126,"column":27}}},"fnMap":{"0":{"name":"_interopRequireDefault","decl":{"start":{"line":12,"column":9},"end":{"line":12,"column":31}},"loc":{"start":{"line":12,"column":37},"end":{"line":12,"column":95}},"line":12},"1":{"name":"(anonymous_1)","decl":{"start":{"line":19,"column":2},"end":{"line":19,"column":3}},"loc":{"start":{"line":19,"column":16},"end":{"line":35,"column":3}},"line":19},"2":{"name":"(anonymous_2)","decl":{"start":{"line":42,"column":2},"end":{"line":42,"column":3}},"loc":{"start":{"line":42,"column":15},"end":{"line":52,"column":3}},"line":42},"3":{"name":"(anonymous_3)","decl":{"start":{"line":60,"column":2},"end":{"line":60,"column":3}},"loc":{"start":{"line":60,"column":14},"end":{"line":62,"column":3}},"line":60},"4":{"name":"(anonymous_4)","decl":{"start":{"line":61,"column":30},"end":{"line":61,"column":31}},"loc":{"start":{"line":61,"column":41},"end":{"line":61,"column":58}},"line":61},"5":{"name":"(anonymous_5)","decl":{"start":{"line":70,"column":2},"end":{"line":70,"column":3}},"loc":{"start":{"line":70,"column":19},"end":{"line":78,"column":3}},"line":70},"6":{"name":"(anonymous_6)","decl":{"start":{"line":84,"column":2},"end":{"line":84,"column":3}},"loc":{"start":{"line":84,"column":13},"end":{"line":89,"column":3}},"line":84},"7":{"name":"(anonymous_7)","decl":{"start":{"line":95,"column":2},"end":{"line":95,"column":3}},"loc":{"start":{"line":95,"column":17},"end":{"line":112,"column":3}},"line":95},"8":{"name":"(anonymous_8)","decl":{"start":{"line":101,"column":34},"end":{"line":101,"column":35}},"loc":{"start":{"line":101,"column":45},"end":{"line":105,"column":9}},"line":101},"9":{"name":"(anonymous_9)","decl":{"start":{"line":118,"column":2},"end":{"line":118,"column":3}},"loc":{"start":{"line":118,"column":12},"end":{"line":120,"column":3}},"line":118}},"branchMap":{"0":{"loc":{"start":{"line":12,"column":46},"end":{"line":12,"column":92}},"type":"cond-expr","locations":[{"start":{"line":12,"column":70},"end":{"line":12,"column":73}},{"start":{"line":12,"column":76},"end":{"line":12,"column":92}}],"line":12},"1":{"loc":{"start":{"line":12,"column":46},"end":{"line":12,"column":67}},"type":"binary-expr","locations":[{"start":{"line":12,"column":46},"end":{"line":12,"column":49}},{"start":{"line":12,"column":53},"end":{"line":12,"column":67}}],"line":12},"2":{"loc":{"start":{"line":102,"column":10},"end":{"line":104,"column":11}},"type":"if","locations":[{"start":{"line":102,"column":10},"end":{"line":104,"column":11}},{"start":{"line":102,"column":10},"end":{"line":104,"column":11}}],"line":102}},"s":{"0":1,"1":1,"2":1,"3":1,"4":2,"5":1,"6":1,"7":1,"8":9,"9":13,"10":1,"11":1,"12":1,"13":1,"14":1,"15":1,"16":1,"17":2,"18":2,"19":2,"20":2,"21":1,"22":1,"23":1,"24":1,"25":1,"26":2,"27":4,"28":2,"29":1,"30":0,"31":1,"32":1,"33":1},"f":{"0":2,"1":1,"2":1,"3":9,"4":13,"5":1,"6":2,"7":1,"8":4,"9":1},"b":{"0":[0,2],"1":[2,2],"2":[2,2]},"_coverageSchema":"43e27e138ebf9cfc5966b082cf9a028302ed4184","hash":"56840644761fc06373bc0ad0404e052f79e94d73","contentHash":"e7d21361be06084bda5ffe2d27d86979162e4b05d153a7281311ce554b3e618c"},"C:\\Users\\Administrator\\Desktop\\Projects\\TeamWork_Server\\Teamwork-Server.git\\Teamwork-Server\\src\\models\\comment.js":{"path":"C:\\Users\\Administrator\\Desktop\\Projects\\TeamWork_Server\\Teamwork-Server.git\\Teamwork-Server\\src\\models\\comment.js","statementMap":{"0":{"start":{"line":3,"column":0},"end":{"line":5,"column":3}},"1":{"start":{"line":6,"column":0},"end":{"line":6,"column":25}},"2":{"start":{"line":8,"column":14},"end":{"line":8,"column":55}},"3":{"start":{"line":10,"column":12},"end":{"line":10,"column":51}},"4":{"start":{"line":12,"column":39},"end":{"line":12,"column":93}},"5":{"start":{"line":20,"column":4},"end":{"line":34,"column":7}},"6":{"start":{"line":43,"column":23},"end":{"line":47,"column":5}},"7":{"start":{"line":48,"column":4},"end":{"line":48,"column":22}},"8":{"start":{"line":57,"column":4},"end":{"line":57,"column":74}},"9":{"start":{"line":57,"column":41},"end":{"line":57,"column":72}},"10":{"start":{"line":65,"column":4},"end":{"line":65,"column":25}},"11":{"start":{"line":73,"column":4},"end":{"line":73,"column":78}},"12":{"start":{"line":73,"column":44},"end":{"line":73,"column":76}},"13":{"start":{"line":81,"column":21},"end":{"line":81,"column":80}},"14":{"start":{"line":81,"column":54},"end":{"line":81,"column":79}},"15":{"start":{"line":82,"column":4},"end":{"line":82,"column":45}},"16":{"start":{"line":83,"column":4},"end":{"line":83,"column":14}},"17":{"start":{"line":91,"column":20},"end":{"line":91,"column":36}},"18":{"start":{"line":92,"column":18},"end":{"line":92,"column":48}},"19":{"start":{"line":93,"column":4},"end":{"line":93,"column":35}},"20":{"start":{"line":94,"column":4},"end":{"line":94,"column":14}},"21":{"start":{"line":99,"column":15},"end":{"line":99,"column":28}},"22":{"start":{"line":101,"column":0},"end":{"line":101,"column":27}}},"fnMap":{"0":{"name":"_interopRequireDefault","decl":{"start":{"line":12,"column":9},"end":{"line":12,"column":31}},"loc":{"start":{"line":12,"column":37},"end":{"line":12,"column":95}},"line":12},"1":{"name":"(anonymous_1)","decl":{"start":{"line":19,"column":2},"end":{"line":19,"column":3}},"loc":{"start":{"line":19,"column":16},"end":{"line":35,"column":3}},"line":19},"2":{"name":"(anonymous_2)","decl":{"start":{"line":42,"column":2},"end":{"line":42,"column":3}},"loc":{"start":{"line":42,"column":15},"end":{"line":49,"column":3}},"line":42},"3":{"name":"(anonymous_3)","decl":{"start":{"line":56,"column":2},"end":{"line":56,"column":3}},"loc":{"start":{"line":56,"column":21},"end":{"line":58,"column":3}},"line":56},"4":{"name":"(anonymous_4)","decl":{"start":{"line":57,"column":30},"end":{"line":57,"column":31}},"loc":{"start":{"line":57,"column":41},"end":{"line":57,"column":72}},"line":57},"5":{"name":"(anonymous_5)","decl":{"start":{"line":64,"column":2},"end":{"line":64,"column":3}},"loc":{"start":{"line":64,"column":12},"end":{"line":66,"column":3}},"line":64},"6":{"name":"(anonymous_6)","decl":{"start":{"line":72,"column":2},"end":{"line":72,"column":3}},"loc":{"start":{"line":72,"column":26},"end":{"line":74,"column":3}},"line":72},"7":{"name":"(anonymous_7)","decl":{"start":{"line":73,"column":32},"end":{"line":73,"column":33}},"loc":{"start":{"line":73,"column":44},"end":{"line":73,"column":76}},"line":73},"8":{"name":"(anonymous_8)","decl":{"start":{"line":80,"column":2},"end":{"line":80,"column":3}},"loc":{"start":{"line":80,"column":20},"end":{"line":84,"column":3}},"line":80},"9":{"name":"(anonymous_9)","decl":{"start":{"line":81,"column":42},"end":{"line":81,"column":43}},"loc":{"start":{"line":81,"column":54},"end":{"line":81,"column":79}},"line":81},"10":{"name":"(anonymous_10)","decl":{"start":{"line":90,"column":2},"end":{"line":90,"column":3}},"loc":{"start":{"line":90,"column":13},"end":{"line":95,"column":3}},"line":90}},"branchMap":{"0":{"loc":{"start":{"line":12,"column":46},"end":{"line":12,"column":92}},"type":"cond-expr","locations":[{"start":{"line":12,"column":70},"end":{"line":12,"column":73}},{"start":{"line":12,"column":76},"end":{"line":12,"column":92}}],"line":12},"1":{"loc":{"start":{"line":12,"column":46},"end":{"line":12,"column":67}},"type":"binary-expr","locations":[{"start":{"line":12,"column":46},"end":{"line":12,"column":49}},{"start":{"line":12,"column":53},"end":{"line":12,"column":67}}],"line":12}},"s":{"0":1,"1":1,"2":1,"3":1,"4":2,"5":1,"6":1,"7":1,"8":3,"9":3,"10":1,"11":2,"12":5,"13":2,"14":4,"15":2,"16":2,"17":1,"18":1,"19":1,"20":1,"21":1,"22":1},"f":{"0":2,"1":1,"2":1,"3":3,"4":3,"5":1,"6":2,"7":5,"8":2,"9":4,"10":1},"b":{"0":[0,2],"1":[2,2]},"_coverageSchema":"43e27e138ebf9cfc5966b082cf9a028302ed4184","hash":"8d94ec9988ac8dff5a801b6336516b0b449e59d6","contentHash":"9a9230d0f2e8570392b2c864c75c24d0dd23d5b2027902e120caab1d65c0fa90"},"C:\\Users\\Administrator\\Desktop\\Projects\\TeamWork_Server\\Teamwork-Server.git\\Teamwork-Server\\src\\helpers\\validators\\articleValidator.js":{"path":"C:\\Users\\Administrator\\Desktop\\Projects\\TeamWork_Server\\Teamwork-Server.git\\Teamwork-Server\\src\\helpers\\validators\\articleValidator.js","statementMap":{"0":{"start":{"line":3,"column":0},"end":{"line":5,"column":3}},"1":{"start":{"line":6,"column":0},"end":{"line":6,"column":54}},"2":{"start":{"line":8,"column":11},"end":{"line":8,"column":49}},"3":{"start":{"line":10,"column":0},"end":{"line":10,"column":27}},"4":{"start":{"line":12,"column":39},"end":{"line":12,"column":93}},"5":{"start":{"line":14,"column":19},"end":{"line":30,"column":1}},"6":{"start":{"line":31,"column":0},"end":{"line":31,"column":32}},"7":{"start":{"line":32,"column":24},"end":{"line":55,"column":1}},"8":{"start":{"line":34,"column":19},"end":{"line":38,"column":6}},"9":{"start":{"line":43,"column":8},"end":{"line":43,"column":47}},"10":{"start":{"line":45,"column":4},"end":{"line":50,"column":5}},"11":{"start":{"line":46,"column":6},"end":{"line":49,"column":9}},"12":{"start":{"line":52,"column":4},"end":{"line":52,"column":11}},"13":{"start":{"line":56,"column":0},"end":{"line":56,"column":42}}},"fnMap":{"0":{"name":"_interopRequireDefault","decl":{"start":{"line":12,"column":9},"end":{"line":12,"column":31}},"loc":{"start":{"line":12,"column":37},"end":{"line":12,"column":95}},"line":12},"1":{"name":"(anonymous_1)","decl":{"start":{"line":33,"column":2},"end":{"line":33,"column":3}},"loc":{"start":{"line":33,"column":33},"end":{"line":53,"column":3}},"line":33}},"branchMap":{"0":{"loc":{"start":{"line":12,"column":46},"end":{"line":12,"column":92}},"type":"cond-expr","locations":[{"start":{"line":12,"column":70},"end":{"line":12,"column":73}},{"start":{"line":12,"column":76},"end":{"line":12,"column":92}}],"line":12},"1":{"loc":{"start":{"line":12,"column":46},"end":{"line":12,"column":67}},"type":"binary-expr","locations":[{"start":{"line":12,"column":46},"end":{"line":12,"column":49}},{"start":{"line":12,"column":53},"end":{"line":12,"column":67}}],"line":12},"2":{"loc":{"start":{"line":45,"column":4},"end":{"line":50,"column":5}},"type":"if","locations":[{"start":{"line":45,"column":4},"end":{"line":50,"column":5}},{"start":{"line":45,"column":4},"end":{"line":50,"column":5}}],"line":45},"3":{"loc":{"start":{"line":45,"column":8},"end":{"line":45,"column":30}},"type":"binary-expr","locations":[{"start":{"line":45,"column":8},"end":{"line":45,"column":13}},{"start":{"line":45,"column":17},"end":{"line":45,"column":30}}],"line":45}},"s":{"0":1,"1":1,"2":1,"3":1,"4":1,"5":1,"6":1,"7":1,"8":2,"9":2,"10":2,"11":0,"12":2,"13":1},"f":{"0":1,"1":2},"b":{"0":[0,1],"1":[1,1],"2":[0,2],"3":[2,0]},"_coverageSchema":"43e27e138ebf9cfc5966b082cf9a028302ed4184","hash":"e44b4c0dd5269f4e6a2b13f847f65b5115ac19b2","contentHash":"377b652f172b652272f7c85f2e6d9536cc2f23f4f66aa52252a94ff9c75c6f9b"},"C:\\Users\\Administrator\\Desktop\\Projects\\TeamWork_Server\\Teamwork-Server.git\\Teamwork-Server\\src\\routes\\comment.js":{"path":"C:\\Users\\Administrator\\Desktop\\Projects\\TeamWork_Server\\Teamwork-Server.git\\Teamwork-Server\\src\\routes\\comment.js","statementMap":{"0":{"start":{"line":3,"column":0},"end":{"line"
[...]
nd":{"line":31,"column":5}},"8":{"start":{"line":27,"column":6},"end":{"line":30,"column":9}},"9":{"start":{"line":33,"column":19},"end":{"line":33,"column":64}},"10":{"start":{"line":34,"column":17},"end":{"line":41,"column":5}},"11":{"start":{"line":42,"column":4},"end":{"line":42,"column":52}},"12":{"start":{"line":43,"column":4},"end":{"line":47,"column":7}},"13":{"start":{"line":58,"column":20},"end":{"line":58,"column":58}},"14":{"start":{"line":60,"column":4},"end":{"line":65,"column":5}},"15":{"start":{"line":61,"column":6},"end":{"line":64,"column":9}},"16":{"start":{"line":67,"column":4},"end":{"line":71,"column":7}},"17":{"start":{"line":82,"column":19},"end":{"line":82,"column":70}},"18":{"start":{"line":84,"column":4},"end":{"line":89,"column":5}},"19":{"start":{"line":85,"column":6},"end":{"line":88,"column":9}},"20":{"start":{"line":91,"column":20},"end":{"line":91,"column":68}},"21":{"start":{"line":93,"column":4},"end":{"line":98,"column":5}},"22":{"start":{"line":94,"column":6},"end":{"line":97,"column":9}},"23":{"start":{"line":100,"column":4},"end":{"line":100,"column":55}},"24":{"start":{"line":101,"column":4},"end":{"line":101,"column":52}},"25":{"start":{"line":102,"column":4},"end":{"line":102,"column":59}},"26":{"start":{"line":103,"column":4},"end":{"line":106,"column":7}},"27":{"start":{"line":117,"column":4},"end":{"line":117,"column":56}},"28":{"start":{"line":122,"column":15},"end":{"line":122,"column":21}},"29":{"start":{"line":123,"column":0},"end":{"line":123,"column":27}}},"fnMap":{"0":{"name":"_interopRequireDefault","decl":{"start":{"line":14,"column":9},"end":{"line":14,"column":31}},"loc":{"start":{"line":14,"column":37},"end":{"line":14,"column":95}},"line":14},"1":{"name":"(anonymous_1)","decl":{"start":{"line":23,"column":2},"end":{"line":23,"column":3}},"loc":{"start":{"line":23,"column":32},"end":{"line":48,"column":3}},"line":23},"2":{"name":"(anonymous_2)","decl":{"start":{"line":57,"column":2},"end":{"line":57,"column":3}},"loc":{"start":{"line":57,"column":32},"end":{"line":72,"column":3}},"line":57},"3":{"name":"(anonymous_3)","decl":{"start":{"line":81,"column":2},"end":{"line":81,"column":3}},"loc":{"start":{"line":81,"column":32},"end":{"line":107,"column":3}},"line":81},"4":{"name":"(anonymous_4)","decl":{"start":{"line":116,"column":2},"end":{"line":116,"column":3}},"loc":{"start":{"line":116,"column":32},"end":{"line":118,"column":3}},"line":116}},"branchMap":{"0":{"loc":{"start":{"line":14,"column":46},"end":{"line":14,"column":92}},"type":"cond-expr","locations":[{"start":{"line":14,"column":70},"end":{"line":14,"column":73}},{"start":{"line":14,"column":76},"end":{"line":14,"column":92}}],"line":14},"1":{"loc":{"start":{"line":14,"column":46},"end":{"line":14,"column":67}},"type":"binary-expr","locations":[{"start":{"line":14,"column":46},"end":{"line":14,"column":49}},{"start":{"line":14,"column":53},"end":{"line":14,"column":67}}],"line":14},"2":{"loc":{"start":{"line":26,"column":4},"end":{"line":31,"column":5}},"type":"if","locations":[{"start":{"line":26,"column":4},"end":{"line":31,"column":5}},{"start":{"line":26,"column":4},"end":{"line":31,"column":5}}],"line":26},"3":{"loc":{"start":{"line":60,"column":4},"end":{"line":65,"column":5}},"type":"if","locations":[{"start":{"line":60,"column":4},"end":{"line":65,"column":5}},{"start":{"line":60,"column":4},"end":{"line":65,"column":5}}],"line":60},"4":{"loc":{"start":{"line":84,"column":4},"end":{"line":89,"column":5}},"type":"if","locations":[{"start":{"line":84,"column":4},"end":{"line":89,"column":5}},{"start":{"line":84,"column":4},"end":{"line":89,"column":5}}],"line":84},"5":{"loc":{"start":{"line":93,"column":4},"end":{"line":98,"column":5}},"type":"if","locations":[{"start":{"line":93,"column":4},"end":{"line":98,"column":5}},{"start":{"line":93,"column":4},"end":{"line":98,"column":5}}],"line":93}},"s":{"0":1,"1":1,"2":1,"3":1,"4":1,"5":3,"6":1,"7":1,"8":0,"9":1,"10":1,"11":1,"12":1,"13":1,"14":1,"15":0,"16":1,"17":1,"18":1,"19":0,"20":1,"21":1,"22":0,"23":1,"24":1,"25":1,"26":1,"27":0,"28":1,"29":1},"f":{"0":3,"1":1,"2":1,"3":1,"4":0},"b":{"0":[3,0],"1":[3,3],"2":[0,1],"3":[0,1],"4":[0,1],"5":[0,1]},"_coverageSchema":"43e27e138ebf9cfc5966b082cf9a028302ed4184","hash":"1408baba850f26276a97361b063dac7584828ab1","contentHash":"b4bf7cf78ace9942e00496ab6c1c739ae9a25a023579c0a3949cc7ec7b89a958"},"C:\\Users\\Administrator\\Desktop\\Projects\\TeamWork_Server\\Teamwork-Server.git\\Teamwork-Server\\src\\models\\reportArticle.js":{"path":"C:\\Users\\Administrator\\Desktop\\Projects\\TeamWork_Server\\Teamwork-Server.git\\Teamwork-Server\\src\\models\\reportArticle.js","statementMap":{"0":{"start":{"line":3,"column":0},"end":{"line":5,"column":3}},"1":{"start":{"line":6,"column":0},"end":{"line":6,"column":25}},"2":{"start":{"line":8,"column":14},"end":{"line":8,"column":55}},"3":{"start":{"line":10,"column":12},"end":{"line":10,"column":51}},"4":{"start":{"line":12,"column":39},"end":{"line":12,"column":93}},"5":{"start":{"line":20,"column":4},"end":{"line":27,"column":7}},"6":{"start":{"line":36,"column":22},"end":{"line":40,"column":5}},"7":{"start":{"line":41,"column":4},"end":{"line":41,"column":21}},"8":{"start":{"line":49,"column":4},"end":{"line":49,"column":24}},"9":{"start":{"line":58,"column":4},"end":{"line":58,"column":57}},"10":{"start":{"line":58,"column":39},"end":{"line":58,"column":55}},"11":{"start":{"line":66,"column":19},"end":{"line":66,"column":35}},"12":{"start":{"line":67,"column":18},"end":{"line":67,"column":46}},"13":{"start":{"line":68,"column":4},"end":{"line":68,"column":34}},"14":{"start":{"line":69,"column":4},"end":{"line":69,"column":14}},"15":{"start":{"line":74,"column":15},"end":{"line":74,"column":27}},"16":{"start":{"line":76,"column":0},"end":{"line":76,"column":27}}},"fnMap":{"0":{"name":"_interopRequireDefault","decl":{"start":{"line":12,"column":9},"end":{"line":12,"column":31}},"loc":{"start":{"line":12,"column":37},"end":{"line":12,"column":95}},"line":12},"1":{"name":"(anonymous_1)","decl":{"start":{"line":19,"column":2},"end":{"line":19,"column":3}},"loc":{"start":{"line":19,"column":16},"end":{"line":28,"column":3}},"line":19},"2":{"name":"(anonymous_2)","decl":{"start":{"line":35,"column":2},"end":{"line":35,"column":3}},"loc":{"start":{"line":35,"column":15},"end":{"line":42,"column":3}},"line":35},"3":{"name":"(anonymous_3)","decl":{"start":{"line":48,"column":2},"end":{"line":48,"column":3}},"loc":{"start":{"line":48,"column":12},"end":{"line":50,"column":3}},"line":48},"4":{"name":"(anonymous_4)","decl":{"start":{"line":57,"column":2},"end":{"line":57,"column":3}},"loc":{"start":{"line":57,"column":14},"end":{"line":59,"column":3}},"line":57},"5":{"name":"(anonymous_5)","decl":{"start":{"line":58,"column":29},"end":{"line":58,"column":30}},"loc":{"start":{"line":58,"column":39},"end":{"line":58,"column":55}},"line":58},"6":{"name":"(anonymous_6)","decl":{"start":{"line":65,"column":2},"end":{"line":65,"column":3}},"loc":{"start":{"line":65,"column":13},"end":{"line":70,"column":3}},"line":65}},"branchMap":{"0":{"loc":{"start":{"line":12,"column":46},"end":{"line":12,"column":92}},"type":"cond-expr","locations":[{"start":{"line":12,"column":70},"end":{"line":12,"column":73}},{"start":{"line":12,"column":76},"end":{"line":12,"column":92}}],"line":12},"1":{"loc":{"start":{"line":12,"column":46},"end":{"line":12,"column":67}},"type":"binary-expr","locations":[{"start":{"line":12,"column":46},"end":{"line":12,"column":49}},{"start":{"line":12,"column":53},"end":{"line":12,"column":67}}],"line":12}},"s":{"0":1,"1":1,"2":1,"3":1,"4":2,"5":1,"6":1,"7":1,"8":1,"9":2,"10":2,"11":1,"12":1,"13":1,"14":1,"15":1,"16":1},"f":{"0":2,"1":1,"2":1,"3":1,"4":2,"5":2,"6":1},"b":{"0":[0,2],"1":[2,2]},"_coverageSchema":"43e27e138ebf9cfc5966b082cf9a028302ed4184","hash":"ae85913181558ed62e08ff756fa2d9cfaf17b135","contentHash":"10228581d8fd43112b4d3283dbcc75c8f9adc14adff561c1ed7638977024bbd4"},"C:\\Users\\Administrator\\Desktop\\Projects\\TeamWork_Server\\Teamwork-Server.git\\Teamwork-Server\\src\\controllers\\reportComment.js":{"path":"C:\\Users\\Administrator\\Desktop\\Projects\\TeamWork_Server\\Teamwork-Server.git\\Teamwork-Server\\src\\controllers\\reportComment.js","statementMap":{"0":{"start":{"line":3,"column":0},"end":{"line":5,"column":3}},"1":{"start":{"line":6,"column":0},"end":{"line":6,"column":25}},"2":{"start":{"line":8,"column":21},"end":{"line":8,"column":79}},"3":{"start":{"line":10,"column":15},"end":{"line":10,"column":67}},"4":{"start":{"line":12,"column":39},"end":{"line":12,"column":93}},"5":{"start":{"line":22,"column":20},"end":{"line":22,"column":65}},"6":{"start":{"line":24,"column":4},"end":{"line":29,"column":5}},"7":{"start":{"line":25,"column":6},"end":{"line":28,"column":9}},"8":{"start":{"line":31,"column":19},"end":{"line":31,"column":64}},"9":{"start":{"line":32,"column":17},"end":{"line":38,"column":5}},"10":{"start":{"line":39,"column":4},"end":{"line":39,"column":52}},"11":{"start":{"line":40,"column":4},"end":{"line":44,"column":7}},"12":{"start":{"line":55,"column":20},"end":{"line":55,"column":58}},"13":{"start":{"line":57,"column":4},"end":{"line":62,"column":5}},"14":{"start":{"line":58,"column":6},"end":{"line":61,"column":9}},"15":{"start":{"line":64,"column":4},"end":{"line":68,"column":7}},"16":{"start":{"line":79,"column":20},"end":{"line":79,"column":71}},"17":{"start":{"line":81,"column":4},"end":{"line":86,"column":5}},"18":{"start":{"line":82,"column":6},"end":{"line":85,"column":9}},"19":{"start":{"line":88,"column":4},"end":{"line":91,"column":7}},"20":{"start":{"line":102,"column":19},"end":{"line":102,"column":70}},"21":{"start":{"line":104,"column":4},"end":{"line":109,"column":5}},"22":{"start":{"line":105,"column":6},"end":{"line":108,"column":9}},"23":{"start":{"line":111,"column":20},"end":{"line":111,"column":68}},"24":{"start":{"line":113,"column":4},"end":{"line":118,"column":5}},"25":{"start":{"line":114,"column":6},"end":{"line":117,"column":9}},"26":{"start":{"line":120,"column":4},"end":{"line":120,"column":55}},"27":{"start":{"line":121,"column":4},"end":{"line":121,"column":52}},"28":{"start":{"line":122,"column":4},"end":{"line":125,"column":7}},"29":{"start":{"line":130,"column":15},"end":{"line":130,"column":21}},"30":{"start":{"line":131,"column":0},"end":{"line":131,"column":27}}},"fnMap":{"0":{"name":"_interopRequireDefault","decl":{"start":{"line":12,"column":9},"end":{"line":12,"column":31}},"loc":{"start":{"line":12,"column":37},"end":{"line":12,"column":95}},"line":12},"1":{"name":"(anonymous_1)","decl":{"start":{"line":21,"column":2},"end":{"line":21,"column":3}},"loc":{"start":{"line":21,"column":32},"end":{"line":45,"column":3}},"line":21},"2":{"name":"(anonymous_2)","decl":{"start":{"line":54,"column":2},"end":{"line":54,"column":3}},"loc":{"start":{"line":54,"column":32},"end":{"line":69,"column":3}},"line":54},"3":{"name":"(anonymous_3)","decl":{"start":{"line":78,"column":2},"end":{"line":78,"column":3}},"loc":{"start":{"line":78,"column":32},"end":{"line":92,"column":3}},"line":78},"4":{"name":"(anonymous_4)","decl":{"start":{"line":101,"column":2},"end":{"line":101,"column":3}},"loc":{"start":{"line":101,"column":32},"end":{"line":126,"column":3}},"line":101}},"branchMap":{"0":{"loc":{"start":{"line":12,"column":46},"end":{"line":12,"column":92}},"type":"cond-expr","locations":[{"start":{"line":12,"column":70},"end":{"line":12,"column":73}},{"start":{"line":12,"column":76},"end":{"line":12,"column":92}}],"line":12},"1":{"loc":{"start":{"line":12,"column":46},"end":{"line":12,"column":67}},"type":"binary-expr","locations":[{"start":{"line":12,"column":46},"end":{"line":12,"column":49}},{"start":{"line":12,"column":53},"end":{"line":12,"column":67}}],"line":12},"2":{"loc":{"start":{"line":24,"column":4},"end":{"line":29,"column":5}},"type":"if","locations":[{"start":{"line":24,"column":4},"end":{"line":29,"column":5}},{"start":{"line":24,"column":4},"end":{"line":29,"column":5}}],"line":24},"3":{"loc":{"start":{"line":57,"column":4},"end":{"line":62,"column":5}},"type":"if","locations":[{"start":{"line":57,"column":4},"end":{"line":62,"column":5}},{"start":{"line":57,"column":4},"end":{"line":62,"column":5}}],"line":57},"4":{"loc":{"start":{"line":81,"column":4},"end":{"line":86,"column":5}},"type":"if","locations":[{"start":{"line":81,"column":4},"end":{"line":86,"column":5}},{"start":{"line":81,"column":4},"end":{"line":86,"column":5}}],"line":81},"5":{"loc":{"start":{"line":104,"column":4},"end":{"line":109,"column":5}},"type":"if","locations":[{"start":{"line":104,"column":4},"end":{"line":109,"column":5}},{"start":{"line":104,"column":4},"end":{"line":109,"column":5}}],"line":104},"6":{"loc":{"start":{"line":113,"column":4},"end":{"line":118,"column":5}},"type":"if","locations":[{"start":{"line":113,"column":4},"end":{"line":118,"column":5}},{"start":{"line":113,"column":4},"end":{"line":118,"column":5}}],"line":113}},"s":{"0":1,"1":1,"2":1,"3":1,"4":2,"5":0,"6":0,"7":0,"8":0,"9":0,"10":0,"11":0,"12":1,"13":1,"14":1,"15":0,"16":0,"17":0,"18":0,"19":0,"20":0,"21":0,"22":0,"23":0,"24":0,"25":0,"26":0,"27":0,"28":0,"29":1,"30":1},"f":{"0":2,"1":0,"2":1,"3":0,"4":0},"b":{"0":[2,0],"1":[2,2],"2":[0,0],"3":[1,0],"4":[0,0],"5":[0,0],"6":[0,0]},"_coverageSchema":"43e27e138ebf9cfc5966b082cf9a028302ed4184","hash":"fb817d0d4f38a82552b2dafcac1f6885d8eec02f","contentHash":"f531a84dc9a490c91c6d7663c52fd90bcbbdc927188369000cea77b8de20e799"},"C:\\Users\\Administrator\\Desktop\\Projects\\TeamWork_Server\\Teamwork-Server.git\\Teamwork-Server\\src\\models\\reportComment.js":{"path":"C:\\Users\\Administrator\\Desktop\\Projects\\TeamWork_Server\\Teamwork-Server.git\\Teamwork-Server\\src\\models\\reportComment.js","statementMap":{"0":{"start":{"line":3,"column":0},"end":{"line":5,"column":3}},"1":{"start":{"line":6,"column":0},"end":{"line":6,"column":25}},"2":{"start":{"line":8,"column":14},"end":{"line":8,"column":55}},"3":{"start":{"line":10,"column":12},"end":{"line":10,"column":51}},"4":{"start":{"line":12,"column":39},"end":{"line":12,"column":93}},"5":{"start":{"line":20,"column":4},"end":{"line":20,"column":22}},"6":{"start":{"line":29,"column":22},"end":{"line":33,"column":5}},"7":{"start":{"line":34,"column":4},"end":{"line":34,"column":21}},"8":{"start":{"line":43,"column":4},"end":{"line":43,"column":24}},"9":{"start":{"line":53,"column":4},"end":{"line":53,"column":57}},"10":{"start":{"line":53,"column":39},"end":{"line":53,"column":55}},"11":{"start":{"line":61,"column":19},"end":{"line":61,"column":35}},"12":{"start":{"line":62,"column":18},"end":{"line":62,"column":46}},"13":{"start":{"line":63,"column":4},"end":{"line":63,"column":34}},"14":{"start":{"line":64,"column":4},"end":{"line":64,"column":14}},"15":{"start":{"line":69,"column":15},"end":{"line":69,"column":27}},"16":{"start":{"line":71,"column":0},"end":{"line":71,"column":27}}},"fnMap":{"0":{"name":"_interopRequireDefault","decl":{"start":{"line":12,"column":9},"end":{"line":12,"column":31}},"loc":{"start":{"line":12,"column":37},"end":{"line":12,"column":95}},"line":12},"1":{"name":"(anonymous_1)","decl":{"start":{"line":19,"column":2},"end":{"line":19,"column":3}},"loc":{"start":{"line":19,"column":16},"end":{"line":21,"column":3}},"line":19},"2":{"name":"(anonymous_2)","decl":{"start":{"line":28,"column":2},"end":{"line":28,"column":3}},"loc":{"start":{"line":28,"column":15},"end":{"line":35,"column":3}},"line":28},"3":{"name":"(anonymous_3)","decl":{"start":{"line":42,"column":2},"end":{"line":42,"column":3}},"loc":{"start":{"line":42,"column":12},"end":{"line":44,"column":3}},"line":42},"4":{"name":"(anonymous_4)","decl":{"start":{"line":52,"column":2},"end":{"line":52,"column":3}},"loc":{"start":{"line":52,"column":14},"end":{"line":54,"column":3}},"line":52},"5":{"name":"(anonymous_5)","decl":{"start":{"line":53,"column":29},"end":{"line":53,"column":30}},"loc":{"start":{"line":53,"column":39},"end":{"line":53,"column":55}},"line":53},"6":{"name":"(anonymous_6)","decl":{"start":{"line":60,"column":2},"end":{"line":60,"column":3}},"loc":{"start":{"line":60,"column":13},"end":{"line":65,"column":3}},"line":60}},"branchMap":{"0":{"loc":{"start":{"line":12,"column":46},"end":{"line":12,"column":92}},"type":"cond-expr","locations":[{"start":{"line":12,"column":70},"end":{"line":12,"column":73}},{"start":{"line":12,"column":76},"end":{"line":12,"column":92}}],"line":12},"1":{"loc":{"start":{"line":12,"column":46},"end":{"line":12,"column":67}},"type":"binary-expr","locations":[{"start":{"line":12,"column":46},"end":{"line":12,"column":49}},{"start":{"line":12,"column":53},"end":{"line":12,"column":67}}],"line":12}},"s":{"0":1,"1":1,"2":1,"3":1,"4":2,"5":1,"6":0,"7":0,"8":1,"9":0,"10":0,"11":0,"12":0,"13":0,"14":0,"15":1,"16":1},"f":{"0":2,"1":1,"2":0,"3":1,"4":0,"5":0,"6":0},"b":{"0":[0,2],"1":[2,2]},"_coverageSchema":"43e27e138ebf9cfc5966b082cf9a028302ed4184","hash":"0bee97eced249a5f4d4578b2b1d00b08de547a31","contentHash":"2c0d3e572a76bc9bab18e9df14f8e84ef405f48ea3f3ec7590a8e20e75038869"},"C:\\Users\\Administrator\\Desktop\\Projects\\TeamWork_Server\\Teamwork-Server.git\\Teamwork-Server\\src\\helpers\\validators\\reportValidation.js":{"path":"C:\\Users\\Administrator\\Desktop\\Projects\\TeamWork_Server\\Teamwork-Server.git\\Teamwork-Server\\src\\helpers\\validators\\reportValidation.js","statementMap":{"0":{"start":{"line":3,"column":0},"end":{"line":5,"column":3}},"1":{"start":{"line":6,"column":0},"end":{"line":6,"column":25}},"2":{"start":{"line":8,"column":11},"end":{"line":8,"column":49}},"3":{"start":{"line":10,"column":0},"end":{"line":10,"column":27}},"4":{"start":{"line":12,"column":39},"end":{"line":12,"column":93}},"5":{"start":{"line":14,"column":30},"end":{"line":35,"column":1}},"6":{"start":{"line":16,"column":19},"end":{"line":18,"column":6}},"7":{"start":{"line":23,"column":8},"end":{"line":23,"column":47}},"8":{"start":{"line":25,"column":4},"end":{"line":30,"column":5}},"9":{"start":{"line":26,"column":6},"end":{"line":29,"column":9}},"10":{"start":{"line":32,"column":4},"end":{"line":32,"column":11}},"11":{"start":{"line":36,"column":15},"end":{"line":36,"column":36}},"12":{"start":{"line":37,"column":0},"end":{"line":37,"column":27}}},"fnMap":{"0":{"name":"_interopRequireDefault","decl":{"start":{"line":12,"column":9},"end":{"line":12,"column":31}},"loc":{"start":{"line":12,"column":37},"end":{"line":12,"column":95}},"line":12},"1":{"name":"(anonymous_1)","decl":{"start":{"line":15,"column":2},"end":{"line":15,"column":3}},"loc":{"start":{"line":15,"column":33},"end":{"line":33,"column":3}},"line":15}},"branchMap":{"0":{"loc":{"start":{"line":12,"column":46},"end":{"line":12,"column":92}},"type":"cond-expr","locations":[{"start":{"line":12,"column":70},"end":{"line":12,"column":73}},{"start":{"line":12,"column":76},"end":{"line":12,"column":92}}],"line":12},"1":{"loc":{"start":{"line":12,"column":46},"end":{"line":12,"column":67}},"type":"binary-expr","locations":[{"start":{"line":12,"column":46},"end":{"line":12,"column":49}},{"start":{"line":12,"column":53},"end":{"line":12,"column":67}}],"line":12},"2":{"loc":{"start":{"line":25,"column":4},"end":{"line":30,"column":5}},"type":"if","locations":[{"start":{"line":25,"column":4},"end":{"line":30,"column":5}},{"start":{"line":25,"column":4},"end":{"line":30,"column":5}}],"line":25},"3":{"loc":{"start":{"line":25,"column":8},"end":{"line":25,"column":30}},"type":"binary-expr","locations":[{"start":{"line":25,"column":8},"end":{"line":25,"column":13}},{"start":{"line":25,"column":17},"end":{"line":25,"column":30}}],"line":25}},"s":{"0":1,"1":1,"2":1,"3":1,"4":1,"5":1,"6":1,"7":1,"8":1,"9":0,"10":1,"11":1,"12":1},"f":{"0":1,"1":1},"b":{"0":[0,1],"1":[1,1],"2":[0,1],"3":[1,0]},"_coverageSchema":"43e27e138ebf9cfc5966b082cf9a028302ed4184","hash":"fa0ccb962fdd347f005d63f24c42555444d62b17","contentHash":"cb90eddae5c43ea8eb32e05c1106c3bc747c582f9e6a1aaa6bb404cbfe887ab0"}}