{"C:\\Users\\DuMmY\\Desktop\\Projetcs\\Teamwork-Server\\src\\tests\\test.js":{"path":"C:\\Users\\DuMmY\\Desktop\\Projetcs\\Teamwork-Server\\src\\tests\\test.js","statementMap":{"0":{"start":{"line":3,"column":17},"end":{"line":3,"column":61}},"1":{"start":{"line":5,"column":16},"end":{"line":5,"column":60}},"2":{"start":{"line":7,"column":12},"end":{"line":7,"column":51}},"3":{"start":{"line":9,"column":13},"end":{"line":9,"column":56}},"4":{"start":{"line":11,"column":39},"end":{"line":11,"column":93}},"5":{"start":{"line":13,"column":0},"end":{"line":13,"column":37}},"6":{"start":{"line":15,"column":0},"end":{"line":15,"column":23}},"7":{"start":{"line":17,"column":0},"end":{"line":17,"column":23}},"8":{"start":{"line":19,"column":0},"end":{"line":69,"column":3}},"9":{"start":{"line":20,"column":2},"end":{"line":38,"column":5}},"10":{"start":{"line":21,"column":4},"end":{"line":37,"column":7}},"11":{"start":{"line":22,"column":6},"end":{"line":36,"column":9}},"12":{"start":{"line":33,"column":8},"end":{"line":33,"column":36}},"13":{"start":{"line":34,"column":8},"end":{"line":34,"column":34}},"14":{"start":{"line":35,"column":8},"end":{"line":35,"column":15}},"15":{"start":{"line":39,"column":2},"end":{"line":50,"column":5}},"16":{"start":{"line":40,"column":4},"end":{"line":49,"column":7}},"17":{"start":{"line":41,"column":6},"end":{"line":48,"column":9}},"18":{"start":{"line":45,"column":8},"end":{"line":45,"column":36}},"19":{"start":{"line":46,"column":8},"end":{"line":46,"column":34}},"20":{"start":{"line":47,"column":8},"end":{"line":47,"column":15}},"21":{"start":{"line":51,"column":2},"end":{"line":59,"column":5}},"22":{"start":{"line":52,"column":4},"end":{"line":58,"column":7}},"23":{"start":{"line":53,"column":6},"end":{"line":57,"column":9}},"24":{"start":{"line":54,"column":8},"end":{"line":54,"column":36}},"25":{"start":{"line":55,"column":8},"end":{"line":55,"column":34}},"26":{"start":{"line":56,"column":8},"end":{"line":56,"column":15}},"27":{"start":{"line":60,"column":2},"end":{"line":68,"column":5}},"28":{"start":{"line":61,"column":4},"end":{"line":67,"column":7}},"29":{"start":{"line":62,"column":6},"end":{"line":66,"column":9}},"30":{"start":{"line":63,"column":8},"end":{"line":63,"column":36}},"31":{"start":{"line":64,"column":8},"end":{"line":64,"column":34}},"32":{"start":{"line":65,"column":8},"end":{"line":65,"column":15}},"33":{"start":{"line":70,"column":0},"end":{"line":133,"column":3}},"34":{"start":{"line":71,"column":2},"end":{"line":83,"column":5}},"35":{"start":{"line":72,"column":4},"end":{"line":82,"column":7}},"36":{"start":{"line":73,"column":6},"end":{"line":81,"column":9}},"37":{"start":{"line":78,"column":8},"end":{"line":78,"column":36}},"38":{"start":{"line":79,"column":8},"end":{"line":79,"column":34}},"39":{"start":{"line":80,"column":8},"end":{"line":80,"column":15}},"40":{"start":{"line":84,"column":2},"end":{"line":96,"column":5}},"41":{"start":{"line":85,"column":4},"end":{"line":95,"column":7}},"42":{"start":{"line":86,"column":6},"end":{"line":94,"column":9}},"43":{"start":{"line":91,"column":8},"end":{"line":91,"column":36}},"44":{"start":{"line":92,"column":8},"end":{"line":92,"column":34}},"45":{"start":{"line":93,"column":8},"end":{"line":93,"column":15}},"46":{"start":{"line":97,"column":2},"end":{"line":105,"column":5}},"47":{"start":{"line":98,"column":4},"end":{"line":104,"column":7}},"48":{"start":{"line":99,"column":6},"end":{"line":103,"column":9}},"49":{"start":{"line":100,"column":8},"end":{"line":100,"column":36}},"50":{"start":{"line":101,"column":8},"end":{"line":101,"column":34}},"51":{"start":{"line":102,"column":8},"end":{"line":102,"column":15}},"52":{"start":{"line":106,"column":2},"end":{"line":114,"column":5}},"53":{"start":{"line":107,"column":4},"end":{"line":113,"column":7}},"54":{"start":{"line":108,"column":6},"end":{"line":112,"column":9}},"55":{"start":{"line":109,"column":8},"end":{"line":109,"column":36}},"56":{"start":{"line":110,"column":8},"end":{"line":110,"column":34}},"57":{"start":{"line":111,"column":8},"end":{"line":111,"column":15}},"58":{"start":{"line":115,"column":2},"end":{"line":123,"column":5}},"59":{"start":{"line":116,"column":4},"end":{"line":122,"column":7}},"60":{"start":{"line":117,"column":6},"end":{"line":121,"column":9}},"61":{"start":{"line":118,"column":8},"end":{"line":118,"column":36}},"62":{"start":{"line":119,"column":8},"end":{"line":119,"column":34}},"63":{"start":{"line":120,"column":8},"end":{"line":120,"column":15}},"64":{"start":{"line":124,"column":2},"end":{"line":132,"column":5}},"65":{"start":{"line":125,"column":4},"end":{"line":131,"column":7}},"66":{"start":{"line":126,"column":6},"end":{"line":130,"column":9}},"67":{"start":{"line":127,"column":8},"end":{"line":127,"column":36}},"68":{"start":{"line":128,"column":8},"end":{"line":128,"column":34}},"69":{"start":{"line":129,"column":8},"end":{"line":129,"column":15}},"70":{"start":{"line":134,"column":0},"end":{"line":182,"column":3}},"71":{"start":{"line":135,"column":2},"end":{"line":145,"column":5}},"72":{"start":{"line":136,"column":4},"end":{"line":144,"column":7}},"73":{"start":{"line":137,"column":6},"end":{"line":143,"column":9}},"74":{"start":{"line":140,"column":8},"end":{"line":140,"column":36}},"75":{"start":{"line":141,"column":8},"end":{"line":141,"column":34}},"76":{"start":{"line":142,"column":8},"end":{"line":142,"column":15}},"77":{"start":{"line":146,"column":2},"end":{"line":154,"column":5}},"78":{"start":{"line":147,"column":4},"end":{"line":153,"column":7}},"79":{"start":{"line":148,"column":6},"end":{"line":152,"column":9}},"80":{"start":{"line":149,"column":8},"end":{"line":149,"column":36}},"81":{"start":{"line":150,"column":8},"end":{"line":150,"column":34}},"82":{"start":{"line":151,"column":8},"end":{"line":151,"column":15}},"83":{"start":{"line":155,"column":2},"end":{"line":163,"column":5}},"84":{"start":{"line":156,"column":4},"end":{"line":162,"column":7}},"85":{"start":{"line":157,"column":6},"end":{"line":161,"column":9}},"86":{"start":{"line":158,"column":8},"end":{"line":158,"column":36}},"87":{"start":{"line":159,"column":8},"end":{"line":159,"column":34}},"88":{"start":{"line":160,"column":8},"end":{"line":160,"column":15}},"89":{"start":{"line":164,"column":2},"end":{"line":172,"column":5}},"90":{"start":{"line":165,"column":4},"end":{"line":171,"column":7}},"91":{"start":{"line":166,"column":6},"end":{"line":170,"column":9}},"92":{"start":{"line":167,"column":8},"end":{"line":167,"column":36}},"93":{"start":{"line":168,"column":8},"end":{"line":168,"column":34}},"94":{"start":{"line":169,"column":8},"end":{"line":169,"column":15}},"95":{"start":{"line":173,"column":2},"end":{"line":181,"column":5}},"96":{"start":{"line":174,"column":4},"end":{"line":180,"column":7}},"97":{"start":{"line":175,"column":6},"end":{"line":179,"column":9}},"98":{"start":{"line":176,"column":8},"end":{"line":176,"column":36}},"99":{"start":{"line":177,"column":8},"end":{"line":177,"column":34}},"100":{"start":{"line":178,"column":8},"end":{"line":178,"column":15}},"101":{"start":{"line":183,"column":0},"end":{"line":213,"column":3}},"102":{"start":{"line":184,"column":2},"end":{"line":194,"column":5}},"103":{"start":{"line":185,"column":4},"end":{"line":193,"column":7}},"104":{"start":{"line":186,"column":6},"end":{"line":192,"column":9}},"105":{"start":{"line":189,"column":8},"end":{"line":189,"column":36}},"106":{"start":{"line":190,"column":8},"end":{"line":190,"column":34}},"107":{"start":{"line":191,"column":8},"end":{"line":191,"column":15}},"108":{"start":{"line":195,"column":2},"end":{"line":203,"column":5}},"109":{"start":{"line":196,"column":4},"end":{"line":202,"column":7}},"110":{"start":{"line":197,"column":6},"end":{"line":201,"column":9}},"111":{"start":{"line":198,"column":8},"end":{"line":198,"column":36}},"112":{"start":{"line":199,"column":8},"end":{"line":199,"column":34}},"113":{"start":{"line":200,"column":8},"end":{"line":200,"column":15}},"114":{"start":{"line":204,"column":2},"end":{"line":212,"column":5}},"115":{"start":{"line":205,"column":4},"end":{"line":211,"column":7}},"116":{"start":{"line":206,"column":6},"end":{"line":210,"column":9}},"117":{"start":{"line":207,"column":8},"end":{"line":207,"column":36}},"118":{"start":{"line":208,"column":8},"end":{"line":208,"column":34}},"119":{"start":{"line":209,"column":8},"end":{"line":209,"column":15}},"120":{"start":{"line":214,"column":0},"end":{"line":224,"column":3}},"121":{"start":{"line":215,"column":2},"end":{"line":223,"column":5}},"122":{"start":{"line":216,"column":4},"end":{"line":222,"column":7}},"123":{"start":{"line":217,"column":6},"end":{"line":221,"column":9}},"124":{"start":{"line":218,"column":8},"end":{"line":218,"column":36}},"125":{"start":{"line":219,"column":8},"end":{"line":219,"column":34}},"126":{"start":{"line":220,"column":8},"end":{"line":220,"column":15}}},"fnMap":{"0":{"name":"_interopRequireDefault","decl":{"start":{"line":11,"column":9},"end":{"line":11,"column":31}},"loc":{"start":{"line":11,"column":37},"end":{"line":11,"column":95}},"line":11},"1":{"name":"(anonymous_1)","decl":{"start":{"line":19,"column":17},"end":{"line":19,"column":18}},"loc":{"start":{"line":19,"column":23},"end":{"line":69,"column":1}},"line":19},"2":{"name":"(anonymous_2)","decl":{"start":{"line":20,"column":21},"end":{"line":20,"column":22}},"loc":{"start":{"line":20,"column":27},"end":{"line":38,"column":3}},"line":20},"3":{"name":"(anonymous_3)","decl":{"start":{"line":21,"column":29},"end":{"line":21,"column":30}},"loc":{"start":{"line":21,"column":37},"end":{"line":37,"column":5}},"line":21},"4":{"name":"(anonymous_4)","decl":{"start":{"line":32,"column":44},"end":{"line":32,"column":45}},"loc":{"start":{"line":32,"column":58},"end":{"line":36,"column":7}},"line":32},"5":{"name":"(anonymous_5)","decl":{"start":{"line":39,"column":21},"end":{"line":39,"column":22}},"loc":{"start":{"line":39,"column":27},"end":{"line":50,"column":3}},"line":39},"6":{"name":"(anonymous_6)","decl":{"start":{"line":40,"column":29},"end":{"line":40,"column":30}},"loc":{"start":{"line":40,"column":37},"end":{"line":49,"column":5}},"line":40},"7":{"name":"(anonymous_7)","decl":{"start":{"line":44,"column":44},"end":{"line":44,"column":45}},"loc":{"start":{"line":44,"column":58},"end":{"line":48,"column":7}},"line":44},"8":{"name":"(anonymous_8)","decl":{"start":{"line":51,"column":22},"end":{"line":51,"column":23}},"loc":{"start":{"line":51,"column":28},"end":{"line":59,"column":3}},"line":51},"9":{"name":"(anonymous_9)","decl":{"start":{"line":52,"column":39},"end":{"line":52,"column":40}},"loc":{"start":{"line":52,"column":47},"end":{"line":58,"column":5}},"line":52},"10":{"name":"(anonymous_10)","decl":{"start":{"line":53,"column":659},"end":{"line":53,"column":660}},"loc":{"start":{"line":53,"column":673},"end":{"line":57,"column":7}},"line":53},"11":{"name":"(anonymous_11)","decl":{"start":{"line":60,"column":35},"end":{"line":60,"column":36}},"loc":{"start":{"line":60,"column":41},"end":{"line":68,"column":3}},"line":60},"12":{"name":"(anonymous_12)","decl":{"start":{"line":61,"column":39},"end":{"line":61,"column":40}},"loc":{"start":{"line":61,"column":47},"end":{"line":67,"column":5}},"line":61},"13":{"name":"(anonymous_13)","decl":{"start":{"line":62,"column":662},"end":{"line":62,"column":663}},"loc":{"start":{"line":62,"column":676},"end":{"line":66,"column":7}},"line":62},"14":{"name":"(anonymous_14)","decl":{"start":{"line":70,"column":20},"end":{"line":70,"column":21}},"loc":{"start":{"line":70,"column":26},"end":{"line":133,"column":1}},"line":70},"15":{"name":"(anonymous_15)","decl":{"start":{"line":71,"column":29},"end":{"line":71,"column":30}},"loc":{"start":{"line":71,"column":35},"end":{"line":83,"column":3}},"line":71},"16":{"name":"(anonymous_16)","decl":{"start":{"line":72,"column":37},"end":{"line":72,"column":38}},"loc":{"start":{"line":72,"column":45},"end":{"line":82,"column":5}},"line":72},"17":{"name":"(anonymous_17)","decl":{"start":{"line":77,"column":44},"end":{"line":77,"column":45}},"loc":{"start":{"line":77,"column":58},"end":{"line":81,"column":7}},"line":77},"18":{"name":"(anonymous_18)","decl":{"start":{"line":84,"column":29},"end":{"line":84,"column":30}},"loc":{"start":{"line":84,"column":35},"end":{"line":96,"column":3}},"line":84},"19":{"name":"(anonymous_19)","decl":{"start":{"line":85,"column":37},"end":{"line":85,"column":38}},"loc":{"start":{"line":85,"column":45},"end":{"line":95,"column":5}},"line":85},"20":{"name":"(anonymous_20)","decl":{"start":{"line":90,"column":44},"end":{"line":90,"column":45}},"loc":{"start":{"line":90,"column":58},"end":{"line":94,"column":7}},"line":90},"21":{"name":"(anonymous_21)","decl":{"start":{"line":97,"column":29},"end":{"line":97,"column":30}},"loc":{"start":{"line":97,"column":35},"end":{"line":105,"column":3}},"line":97},"22":{"name":"(anonymous_22)","decl":{"start":{"line":98,"column":37},"end":{"line":98,"column":38}},"loc":{"start":{"line":98,"column":45},"end":{"line":104,"column":5}},"line":98},"23":{"name":"(anonymous_23)","decl":{"start":{"line":99,"column":707},"end":{"line":99,"column":708}},"loc":{"start":{"line":99,"column":721},"end":{"line":103,"column":7}},"line":99},"24":{"name":"(anonymous_24)","decl":{"start":{"line":106,"column":32},"end":{"line":106,"column":33}},"loc":{"start":{"line":106,"column":38},"end":{"line":114,"column":3}},"line":106},"25":{"name":"(anonymous_25)","decl":{"start":{"line":107,"column":35},"end":{"line":107,"column":36}},"loc":{"start":{"line":107,"column":43},"end":{"line":113,"column":5}},"line":107},"26":{"name":"(anonymous_26)","decl":{"start":{"line":108,"column":704},"end":{"line":108,"column":705}},"loc":{"start":{"line":108,"column":718},"end":{"line":112,"column":7}},"line":108},"27":{"name":"(anonymous_27)","decl":{"start":{"line":115,"column":33},"end":{"line":115,"column":34}},"loc":{"start":{"line":115,"column":39},"end":{"line":123,"column":3}},"line":115},"28":{"name":"(anonymous_28)","decl":{"start":{"line":116,"column":36},"end":{"line":116,"column":37}},"loc":{"start":{"line":116,"column":44},"end":{"line":122,"column":5}},"line":116},"29":{"name":"(anonymous_29)","decl":{"start":{"line":117,"column":676},"end":{"line":117,"column":677}},"loc":{"start":{"line":117,"column":690},"end":{"line":121,"column":7}},"line":117},"30":{"name":"(anonymous_30)","decl":{"start":{"line":124,"column":31},"end":{"line":124,"column":32}},"loc":{"start":{"line":124,"column":37},"end":{"line":132,"column":3}},"line":124},"31":{"name":"(anonymous_31)","decl":{"start":{"line":125,"column":34},"end":{"line":125,"column":35}},"loc":{"start":{"line":125,"column":42},"end":{"line":131,"column":5}},"line":125},"32":{"name":"(anonymous_32)","decl":{"start":{"line":126,"column":667},"end":{"line":126,"column":668}},"loc":{"start":{"line":126,"column":681},"end":{"line":130,"column":7}},"line":126},"33":{"name":"(anonymous_33)","decl":{"start":{"line":134,"column":20},"end":{"line":134,"column":21}},"loc":{"start":{"line":134,"column":26},"end":{"line":182,"column":1}},"line":134},"34":{"name":"(anonymous_34)","decl":{"start":{"line":135,"column":33},"end":{"line":135,"column":34}},"loc":{"start":{"line":135,"column":39},"end":{"line":145,"column":3}},"line":135},"35":{"name":"(anonymous_35)","decl":{"start":{"line":136,"column":37},"end":{"line":136,"column":38}},"loc":{"start":{"line":136,"column":45},"end":{"line":144,"column":5}},"line":136},"36":{"name":"(anonymous_36)","decl":{"start":{"line":139,"column":44},"end":{"line":139,"column":45}},"loc":{"start":{"line":139,"column":58},"end":{"line":143,"column":7}},"line":139},"37":{"name":"(anonymous_37)","decl":{"start":{"line":146,"column":32},"end":{"line":146,"column":33}},"loc":{"start":{"line":146,"column":38},"end":{"line":154,"column":3}},"line":146},"38":{"name":"(anonymous_38)","decl":{"start":{"line":147,"column":35},"end":{"line":147,"column":36}},"loc":{"start":{"line":147,"column":43},"end":{"line":153,"column":5}},"line":147},"39":{"name":"(anonymous_39)","decl":{"start":{"line":148,"column":704},"end":{"line":148,"column":705}},"loc":{"start":{"line":148,"column":718},"end":{"line":152,"column":7}},"line":148},"40":{"name":"(anonymous_40)","decl":{"start":{"line":155,"column":30},"end":{"line":155,"column":31}},"loc":{"start":{"line":155,"column":36},"end":{"line":163,"column":3}},"line":155},"41":{"name":"(anonymous_41)","decl":{"start":{"line":156,"column":33},"end":{"line":156,"column":34}},"loc":{"start":{"line":156,"column":41},"end":{"line":162,"column":5}},"line":156},"42":{"name":"(anonymous_42)","decl":{"start":{"line":157,"column":667},"end":{"line":157,"column":668}},"loc":{"start":{"line":157,"column":681},"end":{"line":161,"column":7}},"line":157},"43":{"name":"(anonymous_43)","decl":{"start":{"line":164,"column":39},"end":{"line":164,"column":40}},"loc":{"start":{"line":164,"column":45},"end":{"line":172,"column":3}},"line":164},"44":{"name":"(anonymous_44)","decl":{"start":{"line":165,"column":42},"end":{"line":165,"column":43}},"loc":{"start":{"line":165,"column":50},"end":{"line":171,"column":5}},"line":165},"45":{"name":"(anonymous_45)","decl":{"start":{"line":166,"column":713},"end":{"line":166,"column":714}},"loc":{"start":{"line":166,"column":727},"end":{"line":170,"column":7}},"line":166},"46":{"name":"(anonymous_46)","decl":{"start":{"line":173,"column":35},"end":{"line":173,"column":36}},"loc":{"start":{"line":173,"column":41},"end":{"line":181,"column":3}},"line":173},"47":{"name":"(anonymous_47)","decl":{"start":{"line":174,"column":38},"end":{"line":174,"column":39}},"loc":{"start":{"line":174,"column":46},"end":{"line":180,"column":5}},"line":174},"48":{"name":"(anonymous_48)","decl":{"start":{"line":175,"column":705},"end":{"line":175,"column":706}},"loc":{"start":{"line":175,"column":719},"end":{"line":179,"column":7}},"line":175},"49":{"name":"(anonymous_49)","decl":{"start":{"line":183,"column":27},"end":{"line":183,"column":28}},"loc":{"start":{"line":183,"column":33},"end":{"line":213,"column":1}},"line":183},"50":{"name":"(anonymous_50)","decl":{"start":{"line":184,"column":35},"end":{"line":184,"column":36}},"loc":{"start":{"line":184,"column":41},"end":{"line":194,"column":3}},"line":184},"51":{"name":"(anonymous_51)","decl":{"start":{"line":185,"column":38},"end":{"line":185,"column":39}},"loc":{"start":{"line":185,"column":46},"end":{"line":193,"column":5}},"line":185},"52":{"name":"(anonymous_52)","decl":{"start":{"line":188,"column":44},"end":{"line":188,"column":45}},"loc":{"start":{"line":188,"column":58},"end":{"line":192,"column":7}},"line":188},"53":{"name":"(anonymous_53)","decl":{"start":{"line":195,"column":38},"end":{"line":195,"column":39}},"loc":{"start":{"line":195,"column":44},"end":{"line":203,"column":3}},"line":195},"54":{"name":"(anonymous_54)","decl":{"start":{"line":196,"column":41},"end":{"line":196,"column":42}},"loc":{"start":{"line":196,"column":49},"end":{"line":202,"column":5}},"line":196},"55":{"name":"(anonymous_55)","decl":{"start":{"line":197,"column":673},"end":{"line":197,"column":674}},"loc":{"start":{"line":197,"column":687},"end":{"line":201,"column":7}},"line":197},"56":{"name":"(anonymous_56)","decl":{"start":{"line":204,"column":38},"end":{"line":204,"column":39}},"loc":{"start":{"line":204,"column":44},"end":{"line":212,"column":3}},"line":204},"57":{"name":"(anonymous_57)","decl":{"start":{"line":205,"column":41},"end":{"line":205,"column":42}},"loc":{"start":{"line":205,"column":49},"end":{"line":211,"column":5}},"line":205},"58":{"name":"(anonymous_58)","decl":{"start":{"line":206,"column":713},"end":{"line":206,"column":714}},"loc":{"start":{"line":206,"column":727},"end":{"line":210,"column":7}},"line":206},"59":{"name":"(anonymous_59)","decl":{"start":{"line":214,"column":27},"end":{"line":214,"column":28}},"loc":{"start":{"line":214,"column":33},"end":{"line":224,"column":1}},"line":214},"60":{"name":"(anonymous_60)","decl":{"start":{"line":215,"column":39},"end":{"line":215,"column":40}},"loc":{"start":{"line":215,"column":45},"end":{"line":223,"column":3}},"line":215},"61":{"name":"(anonymous_61)","decl":{"start":{"line":216,"column":42},"end":{"line":216,"column":43}},"loc":{"start":{"line":216,"column":50},"end":{"line":222,"column":5}},"line":216},"62":{"name":"(anonymous_62)","decl":{"start":{"line":217,"column":673},"end":{"line":217,"column":674}},"loc":{"start":{"line":217,"column":687},"end":{"line":221,"column":7}},"line":217}},"branchMap":{"0":{"loc":{"start":{"line":11,"column":46},"end":{"line":11,"column":92}},"type":"cond-expr","locations":[{"start":{"line":11,"column":70},"end":{"line":11,"column":73}},{"start":{"line":11,"column":76},"end":{"line":11,"column":92}}],"line":11},"1":{"loc":{"start":{"line":11,"column":46},"end":{"line":11,"column":67}},"type":"binary-expr","locations":[{"start":{"line":11,"column":46},"end":{"line":11,"column":49}},{"start":{"line":11,"column":53},"end":{"line":11,"column":67}}],"line":11}},"s":{"0":1,"1":1,"2":1,"3":1,"4":4,"5":1,"6":1,"7":1,"8":1,"9":1,"10":1,"11":1,"12":1,"13":1,"14":1,"15":1,"16":1,"17":1,"18":1,"19":1,"20":1,"21":1,"22":1,"23":1,"24":1,"25":1,"26":1,"27":1,"28":1,"29":1,"30":1,"31":1,"32":1,"33":1,"34":1,"35":1,"36":1,"37":1,"38":1,"39":1,"40":1,"41":1,"42":1,"43":1,"44":1,"45":1,"46":1,"47":1,"48":1,"49":1,"50":1,"51":1,"52":1,"53":1,"54":1,"55":1,"56":1,"57":1,"58":1,"59":1,"60":1,"61":1,"62":1,"63":1,"64":1,"65":1,"66":1,"67":1,"68":1,"69":1,"70":1,"71":1,"72":1,"73":1,"74":1,"75":1,"76":1,"77":1,"78":1,"79":1,"80":1,"81":1,"82":1,"83":1,"84":1,"85":1,"86":1,"87":1,"88":1,"89":1,"90":1,"91":1,"92":1,"93":1,"94":1,"95":1,"96":1,"97":1,"98":1,"99":1,"100":1,"101":1,"102":1,"103":1,"104":1,"105":1,"106":1,"107":1,"108":1,"109":1,"110":1,"111":1,"112":1,"113":1,"114":1,"115":1,"116":1,"117":1,"118":1,"119":1,"120":1,"121":1,"122":1,"123":1,"124":1,"125":1,"126":1},"f":{"0":4,"1":1,"2":1,"3":1,"4":1,"5":1,"6":1,"7":1,"8":1,"9":1,"10":1,"11":1,"12":1,"13":1,"14":1,"15":1,"16":1,"17":1,"18":1,"19":1,"20":1,"21":1,"22":1,"23":1,"24":1,"25":1,"26":1,"27":1,"28":1,"29":1,"30":1,"31":1,"32":1,"33":1,"34":1,"35":1,"36":1,"37":1,"38":1,"39":1,"40":1,"41":1,"42":1,"43":1,"44":1,"45":1,"46":1,"47":1,"48":1,"49":1,"50":1,"51":1,"52":1,"53":1,"54":1,"55":1,"56":1,"57":1,"58":1,"59":1,"60":1,"61":1,"62":1},"b":{"0":[0,4],"1":[4,4]},"_coverageSchema":"43e27e138ebf9cfc5966b082cf9a028302ed4184","hash":"7ccf8c0353ec53776db6c2684229661215f37ab3","contentHash":"23f627054a8ebc65c02959a8118d260886982a007b8815fbdf996a5a95b8b413"},"C:\\Users\\DuMmY\\Desktop\\Projetcs\\Teamwork-Server\\src\\start.js":{"path":"C:\\Users\\DuMmY\\Desktop\\Projetcs\\Teamwork-Server\\src\\start.js","statementMap":{"0":{"start":{"line":4,"column":0},"end":{"line":6,"column":3}},"1":{"start":{"line":9,"column":0},"end":{"line":9,"column":37}}},"fnMap":{},"branchMap":{},"s":{"0":1,"1":1},"f":{},"b":{},"_coverageSchema":"43e27e138ebf9cfc5966b082cf9a028302ed4184","hash":"2a538cb94d6ef4768232ae6231c01c722b3c3c49","contentHash":"e8bc1df226b1c67149dc4f796e25af4f983e2498d61b3171e011d6b4c6886635"},"C:\\Users\\DuMmY\\Desktop\\Projetcs\\Teamwork-Server\\src\\app.js":{"path":"C:\\Users\\DuMmY\\Desktop\\Projetcs\\Teamwork-Server\\src\\app.js","statementMap":{"0":{"start":{"line":3,"column":15},"end":{"line":3,"column":57}},"1":{"start":{"line":5,"column":14},"end":{"line":5,"column":55}},"2":{"start":{"line":7,"column":13},"end":{"line":7,"column":62}},"3":{"start":{"line":9,"column":12},"end":{"line":9,"column":60}},"4":{"start":{"line":11,"column":16},"end":{"line":11,"column":68}},"5":{"start":{"line":13,"column":15},"end":{"line":13,"column":66}},"6":{"start":{"line":15,"column":15},"end":{"line":15,"column":66}},"7":{"start":{"line":17,"column":39},"end":{"line":17,"column":95}},"8":{"start":{"line":19,"column":10},"end":{"line":19,"column":36}},"9":{"start":{"line":20,"column":0},"end":{"line":20,"column":40}},"10":{"start":{"line":21,"column":0},"end":{"line":21,"column":36}},"11":{"start":{"line":22,"column":0},"end":{"line":24,"column":4}},"12":{"start":{"line":26,"column":10},"end":{"line":26,"column":19}},"13":{"start":{"line":27,"column":0},"end":{"line":27,"column":32}},"14":{"start":{"line":28,"column":0},"end":{"line":28,"column":31}},"15":{"start":{"line":29,"column":0},"end":{"line":29,"column":35}},"16":{"start":{"line":30,"column":0},"end":{"line":30,"column":34}},"17":{"start":{"line":31,"column":0},"end":{"line":31,"column":34}},"18":{"start":{"line":32,"column":0},"end":{"line":37,"column":3}},"19":{"start":{"line":33,"column":2},"end":{"line":36,"column":5}},"20":{"start":{"line":38,"column":11},"end":{"line":38,"column":35}},"21":{"start":{"line":39,"column":0},"end":{"line":41,"column":3}},"22":{"start":{"line":40,"column":2},"end":{"line":40,"column":56}},"23":{"start":{"line":42,"column":0},"end":{"line":42,"column":21}}},"fnMap":{"0":{"name":"_interopRequireDefault","decl":{"start":{"line":17,"column":9},"end":{"line":17,"column":31}},"loc":{"start":{"line":17,"column":37},"end":{"line":17,"column":97}},"line":17},"1":{"name":"(anonymous_1)","decl":{"start":{"line":32,"column":13},"end":{"line":32,"column":14}},"loc":{"start":{"line":32,"column":33},"end":{"line":37,"column":1}},"line":32},"2":{"name":"(anonymous_2)","decl":{"start":{"line":39,"column":17},"end":{"line":39,"column":18}},"loc":{"start":{"line":39,"column":29},"end":{"line":41,"column":1}},"line":39}},"branchMap":{"0":{"loc":{"start":{"line":17,"column":46},"end":{"line":17,"column":94}},"type":"cond-expr","locations":[{"start":{"line":17,"column":70},"end":{"line":17,"column":73}},{"start":{"line":17,"column":76},"end":{"line":17,"column":94}}],"line":17},"1":{"loc":{"start":{"line":17,"column":46},"end":{"line":17,"column":67}},"type":"binary-expr","locations":[{"start":{"line":17,"column":46},"end":{"line":17,"column":49}},{"start":{"line":17,"column":53},"end":{"line":17,"column":67}}],"line":17},"2":{"loc":{"start":{"line":38,"column":11},"end":{"line":38,"column":35}},"type":"binary-expr","locations":[{"start":{"line":38,"column":11},"end":{"line":38,"column":27}},{"start":{"line":38,"column":31},"end":{"line":38,"column":35}}],"line":38}},"s":{"0":1,"1":1,"2":1,"3":1,"4":1,"5":1,"6":1,"7":7,"8":1,"9":1,"10":1,"11":1,"12":1,"13":1,"14":1,"15":1,"16":1,"17":1,"18":1,"19":0,"20":1,"21":1,"22":1,"23":1},"f":{"0":7,"1":0,"2":1},"b":{"0":[5,2],"1":[7,7],"2":[1,1]},"_coverageSchema":"43e27e138ebf9cfc5966b082cf9a028302ed4184","hash":"3eb61dd77827a307ccc2408e30ac0be56e084c7a","contentHash":"1aaf7597130eedd00c64f9aa12922be37812244d9426be240d41bf348655f4e7"},"C:\\Users\\DuMmY\\Desktop\\Projetcs\\Teamwork-Server\\src\\routes\\users.js":{"path":"C:\\Users\\DuMmY\\Desktop\\Projetcs\\Teamwork-Server\\src\\routes\\users.js","statementMap":{"0":{"start":{"line":3,"column":0},"end":{"line":5,"column":3}},"1":{"start":{"line":6,"column":0},"end":{"line":6,"column":28}},"2":{"start":{"line":8,"column":15},"end":{"line":8,"column":57}},"3":{"start":{"line":10,"column":13},"end":{"line":10,"column":68}},"4":{"start":{"line":12,"column":12},"end":{"line":12,"column":65}},"5":{"start":{"line":14,"column":13},"end":{"line":14,"column":67}},"6":{"start":{"line":16,"column":39},"end":{"line":16,"column":95}},"7":{"start":{"line":18,"column":13},"end":{"line":18,"column":41}},"8":{"start":{"line":20,"column":0},"end":{"line":20,"column":54}},"9":{"start":{"line":21,"column":0},"end":{"line":21,"column":86}},"10":{"start":{"line":22,"column":0},"end":{"line":22,"column":61}},"11":{"start":{"line":23,"column":15},"end":{"line":23,"column":21}},"12":{"start":{"line":24,"column":0},"end":{"line":24,"column":30}}},"fnMap":{"0":{"name":"_interopRequireDefault","decl":{"start":{"line":16,"column":9},"end":{"line":16,"column":31}},"loc":{"start":{"line":16,"column":37},"end":{"line":16,"column":97}},"line":16}},"branchMap":{"0":{"loc":{"start":{"line":16,"column":46},"end":{"line":16,"column":94}},"type":"cond-expr","locations":[{"start":{"line":16,"column":70},"end":{"line":16,"column":73}},{"start":{"line":16,"column":76},"end":{"line":16,"column":94}}],"line":16},"1":{"loc":{"start":{"line":16,"column":46},"end":{"line":16,"column":67}},"type":"binary-expr","locations":[{"start":{"line":16,"column":46},"end":{"line":16,"column":49}},{"start":{"line":16,"column":53},"end":{"line":16,"column":67}}],"line":16}},"s":{"0":1,"1":1,"2":1,"3":1,"4":1,"5":1,"6":4,"7":1,"8":1,"9":1,"10":1,"11":1,"12":1},"f":{"0":4},"b":{"0":[0,4],"1":[4,4]},"_coverageSchema":"43e27e138ebf9cfc5966b082cf9a028302ed4184","hash":"8ce1c9ddf0ab0c1c84152d6d99e2abfc996cc70b","contentHash":"96f620d77ae580852a9fade055ff2cf9a6d15185d9b83b196ae35ccdcaf1faea"},"C:\\Users\\DuMmY\\Desktop\\Projetcs\\Teamwork-Server\\src\\controllers\\Users.js":{"path":"C:\\Users\\DuMmY\\Desktop\\Projetcs\\Teamwork-Server\\src\\controllers\\Users.js","statementMap":{"0":{"start":{"line":3,"column":20},"end":{"line":3,"column":67}},"1":{"start":{"line":5,"column":14},"end":{"line":5,"column":55}},"2":{"start":{"line":7,"column":14},"end":{"line":7,"column":55}},"3":{"start":{"line":9,"column":12},"end":{"line":9,"column":61}},"4":{"start":{"line":11,"column":20},"end":{"line":11,"column":78}},"5":{"start":{"line":13,"column":23},"end":{"line":13,"column":95}},"6":{"start":{"line":15,"column":39},"end":{"line":15,"column":95}},"7":{"start":{"line":17,"column":77},"end":{"line":17,"column":175}},"8":{"start":{"line":17,"column":94},"end":{"line":17,"column":107}},"9":{"start":{"line":17,"column":121},"end":{"line":17,"column":131}},"10":{"start":{"line":17,"column":151},"end":{"line":17,"column":165}},"11":{"start":{"line":17,"column":166},"end":{"line":17,"column":173}},"12":{"start":{"line":17,"column":176},"end":{"line":17,"column":263}},"13":{"start":{"line":17,"column":193},"end":{"line":17,"column":208}},"14":{"start":{"line":17,"column":218},"end":{"line":17,"column":261}},"15":{"start":{"line":19,"column":33},"end":{"line":19,"column":387}},"16":{"start":{"line":19,"column":65},"end":{"line":19,"column":69}},"17":{"start":{"line":19,"column":78},"end":{"line":19,"column":87}},"18":{"start":{"line":19,"column":89},"end":{"line":19,"column":384}},"19":{"start":{"line":19,"column":147},"end":{"line":19,"column":167}},"20":{"start":{"line":19,"column":193},"end":{"line":19,"column":264}},"21":{"start":{"line":19,"column":290},"end":{"line":19,"column":360}},"22":{"start":{"line":19,"column":363},"end":{"line":19,"column":380}},"23":{"start":{"line":21,"column":11},"end":{"line":176,"column":1}},"24":{"start":{"line":29,"column":18},"end":{"line":108,"column":7}},"25":{"start":{"line":34,"column":6},"end":{"line":107,"column":35}},"26":{"start":{"line":35,"column":8},"end":{"line":106,"column":9}},"27":{"start":{"line":36,"column":10},"end":{"line":105,"column":11}},"28":{"start":{"line":38,"column":14},"end":{"line":38,"column":32}},"29":{"start":{"line":39,"column":14},"end":{"line":39,"column":32}},"30":{"start":{"line":40,"column":14},"end":{"line":40,"column":64}},"31":{"start":{"line":43,"column":14},"end":{"line":43,"column":36}},"32":{"start":{"line":44,"column":14},"end":{"line":44,"column":32}},"33":{"start":{"line":45,"column":14},"end":{"line":45,"column":63}},"34":{"start":{"line":48,"column":14},"end":{"line":48,"column":35}},"35":{"start":{"line":50,"column":14},"end":{"line":53,"column":15}},"36":{"start":{"line":51,"column":16},"end":{"line":51,"column":34}},"37":{"start":{"line":52,"column":16},"end":{"line":52,"column":22}},"38":{"start":{"line":55,"column":14},"end":{"line":58,"column":18}},"39":{"start":{"line":61,"column":14},"end":{"line":64,"column":15}},"40":{"start":{"line":62,"column":16},"end":{"line":62,"column":35}},"41":{"start":{"line":63,"column":16},"end":{"line":63,"column":22}},"42":{"start":{"line":66,"column":14},"end":{"line":66,"column":33}},"43":{"start":{"line":67,"column":14},"end":{"line":67,"column":55}},"44":{"start":{"line":70,"column":14},"end":{"line":70,"column":36}},"45":{"start":{"line":71,"column":14},"end":{"line":71,"column":33}},"46":{"start":{"line":72,"column":14},"end":{"line":72,"column":67}},"47":{"start":{"line":75,"column":14},"end":{"line":75,"column":45}},"48":{"start":{"line":76,"column":14},"end":{"line":76,"column":33}},"49":{"start":{"line":77,"column":14},"end":{"line":77,"column":54}},"50":{"start":{"line":80,"column":14},"end":{"line":80,"column":35}},"51":{"start":{"line":81,"column":14},"end":{"line":85,"column":18}},"52":{"start":{"line":88,"column":14},"end":{"line":88,"column":33}},"53":{"start":{"line":89,"column":14},"end":{"line":89,"column":20}},"54":{"start":{"line":92,"column":14},"end":{"line":92,"column":33}},"55":{"start":{"line":93,"column":14},"end":{"line":93,"column":49}},"56":{"start":{"line":94,"column":14},"end":{"line":100,"column":18}},"57":{"start":{"line":104,"column":14},"end":{"line":104,"column":37}},"58":{"start":{"line":111,"column":6},"end":{"line":111,"column":44}},"59":{"start":{"line":114,"column":4},"end":{"line":114,"column":18}},"60":{"start":{"line":124,"column":15},"end":{"line":124,"column":54}},"61":{"start":{"line":126,"column":4},"end":{"line":131,"column":5}},"62":{"start":{"line":127,"column":6},"end":{"line":130,"column":9}},"63":{"start":{"line":133,"column":4},"end":{"line":137,"column":7}},"64":{"start":{"line":146,"column":15},"end":{"line":146,"column":52}},"65":{"start":{"line":148,"column":4},"end":{"line":153,"column":5}},"66":{"start":{"line":149,"column":6},"end":{"line":152,"column":9}},"67":{"start":{"line":155,"column":4},"end":{"line":159,"column":7}},"68":{"start":{"line":168,"column":16},"end":{"line":168,"column":42}},"69":{"start":{"line":170,"column":4},"end":{"line":174,"column":7}},"70":{"start":{"line":177,"column":0},"end":{"line":177,"column":22}}},"fnMap":{"0":{"name":"_interopRequireDefault","decl":{"start":{"line":15,"column":9},"end":{"line":15,"column":31}},"loc":{"start":{"line":15,"column":37},"end":{"line":15,"column":97}},"line":15},"1":{"name":"asyncGeneratorStep","decl":{"start":{"line":17,"column":9},"end":{"line":17,"column":27}},"loc":{"start":{"line":17,"column":75},"end":{"line":17,"column":265}},"line":17},"2":{"name":"_asyncToGenerator","decl":{"start":{"line":19,"column":9},"end":{"line":19,"column":26}},"loc":{"start":{"line":19,"column":31},"end":{"line":19,"column":389}},"line":19},"3":{"name":"(anonymous_3)","decl":{"start":{"line":19,"column":40},"end":{"line":19,"column":41}},"loc":{"start":{"line":19,"column":52},"end":{"line":19,"column":386}},"line":19},"4":{"name":"(anonymous_4)","decl":{"start":{"line":19,"column":108},"end":{"line":19,"column":109}},"loc":{"start":{"line":19,"column":135},"end":{"line":19,"column":382}},"line":19},"5":{"name":"_next","decl":{"start":{"line":19,"column":178},"end":{"line":19,"column":183}},"loc":{"start":{"line":19,"column":191},"end":{"line":19,"column":266}},"line":19},"6":{"name":"_throw","decl":{"start":{"line":19,"column":276},"end":{"line":19,"column":282}},"loc":{"start":{"line":19,"column":288},"end":{"line":19,"column":362}},"line":19},"7":{"name":"(anonymous_7)","decl":{"start":{"line":28,"column":10},"end":{"line":28,"column":11}},"loc":{"start":{"line":28,"column":22},"end":{"line":115,"column":3}},"line":28},"8":{"name":"_callee","decl":{"start":{"line":31,"column":37},"end":{"line":31,"column":44}},"loc":{"start":{"line":31,"column":55},"end":{"line":108,"column":5}},"line":31},"9":{"name":"_callee$","decl":{"start":{"line":34,"column":46},"end":{"line":34,"column":54}},"loc":{"start":{"line":34,"column":65},"end":{"line":107,"column":7}},"line":34},"10":{"name":"create","decl":{"start":{"line":110,"column":13},"end":{"line":110,"column":19}},"loc":{"start":{"line":110,"column":29},"end":{"line":112,"column":5}},"line":110},"11":{"name":"getOne","decl":{"start":{"line":123,"column":19},"end":{"line":123,"column":25}},"loc":{"start":{"line":123,"column":36},"end":{"line":138,"column":3}},"line":123},"12":{"name":"getMe","decl":{"start":{"line":145,"column":18},"end":{"line":145,"column":23}},"loc":{"start":{"line":145,"column":34},"end":{"line":160,"column":3}},"line":145},"13":{"name":"getAll","decl":{"start":{"line":167,"column":19},"end":{"line":167,"column":25}},"loc":{"start":{"line":167,"column":36},"end":{"line":175,"column":3}},"line":167}},"branchMap":{"0":{"loc":{"start":{"line":15,"column":46},"end":{"line":15,"column":94}},"type":"cond-expr","locations":[{"start":{"line":15,"column":70},"end":{"line":15,"column":73}},{"start":{"line":15,"column":76},"end":{"line":15,"column":94}}],"line":15},"1":{"loc":{"start":{"line":15,"column":46},"end":{"line":15,"column":67}},"type":"binary-expr","locations":[{"start":{"line":15,"column":46},"end":{"line":15,"column":49}},{"start":{"line":15,"column":53},"end":{"line":15,"column":67}}],"line":15},"2":{"loc":{"start":{"line":17,"column":176},"end":{"line":17,"column":263}},"type":"if","locations":[{"start":{"line":17,"column":176},"end":{"line":17,"column":263}},{"start":{"line":17,"column":176},"end":{"line":17,"column":263}}],"line":17},"3":{"loc":{"start":{"line":36,"column":10},"end":{"line":105,"column":11}},"type":"switch","locations":[{"start":{"line":37,"column":12},"end":{"line":40,"column":64}},{"start":{"line":42,"column":12},"end":{"line":45,"column":63}},{"start":{"line":47,"column":12},"end":{"line":58,"column":18}},{"start":{"line":60,"column":12},"end":{"line":67,"column":55}},{"start":{"line":69,"column":12},"end":{"line":72,"column":67}},{"start":{"line":74,"column":12},"end":{"line":77,"column":54}},{"start":{"line":79,"column":12},"end":{"line":85,"column":18}},{"start":{"line":87,"column":12},"end":{"line":89,"column":20}},{"start":{"line":91,"column":12},"end":{"line":100,"column":18}},{"start":{"line":102,"column":12},"end":{"line":102,"column":20}},{"start":{"line":103,"column":12},"end":{"line":104,"column":37}}],"line":36},"4":{"loc":{"start":{"line":50,"column":14},"end":{"line":53,"column":15}},"type":"if","locations":[{"start":{"line":50,"column":14},"end":{"line":53,"column":15}},{"start":{"line":50,"column":14},"end":{"line":53,"column":15}}],"line":50},"5":{"loc":{"start":{"line":61,"column":14},"end":{"line":64,"column":15}},"type":"if","locations":[{"start":{"line":61,"column":14},"end":{"line":64,"column":15}},{"start":{"line":61,"column":14},"end":{"line":64,"column":15}}],"line":61},"6":{"loc":{"start":{"line":94,"column":47},"end":{"line":100,"column":16}},"type":"cond-expr","locations":[{"start":{"line":94,"column":69},"end":{"line":97,"column":16}},{"start":{"line":97,"column":19},"end":{"line":100,"column":16}}],"line":94},"7":{"loc":{"start":{"line":126,"column":4},"end":{"line":131,"column":5}},"type":"if","locations":[{"start":{"line":126,"column":4},"end":{"line":131,"column":5}},{"start":{"line":126,"column":4},"end":{"line":131,"column":5}}],"line":126},"8":{"loc":{"start":{"line":148,"column":4},"end":{"line":153,"column":5}},"type":"if","locations":[{"start":{"line":148,"column":4},"end":{"line":153,"column":5}},{"start":{"line":148,"column":4},"end":{"line":153,"column":5}}],"line":148}},"s":{"0":1,"1":1,"2":1,"3":1,"4":1,"5":1,"6":6,"7":6,"8":6,"9":6,"10":0,"11":0,"12":6,"13":1,"14":5,"15":1,"16":1,"17":1,"18":1,"19":1,"20":6,"21":0,"22":1,"23":1,"24":1,"25":1,"26":7,"27":8,"28":1,"29":1,"30":1,"31":1,"32":1,"33":1,"34":1,"35":1,"36":1,"37":1,"38":0,"39":1,"40":0,"41":0,"42":1,"43":1,"44":1,"45":1,"46":1,"47":1,"48":1,"49":1,"50":1,"51":1,"52":0,"53":0,"54":0,"55":0,"56":0,"57":1,"58":1,"59":1,"60":0,"61":0,"62":0,"63":0,"64":1,"65":1,"66":0,"67":1,"68":1,"69":1,"70":1},"f":{"0":6,"1":6,"2":1,"3":1,"4":1,"5":6,"6":0,"7":1,"8":1,"9":7,"10":1,"11":0,"12":1,"13":1},"b":{"0":[2,4],"1":[6,6],"2":[1,5],"3":[1,1,1,1,1,1,1,0,0,0,1],"4":[1,0],"5":[0,1],"6":[0,0],"7":[0,0],"8":[0,1]},"_coverageSchema":"43e27e138ebf9cfc5966b082cf9a028302ed4184","hash":"fa8b8a20966be95f9624a95d01c9e0e726a3a2ca","contentHash":"d7d0fe902e1cf4ee4c5605e88ee35e9dadd1c56ed3f2c56d0e81727401c71ab3"},"C:\\Users\\DuMmY\\Desktop\\Projetcs\\Teamwork-Server\\src\\models\\User.js":{"path":"C:\\Users\\DuMmY\\Desktop\\Projetcs\\Teamwork-Server\\src\\models\\User.js","statementMap":{"0":{"start":{"line":3,"column":0},"end":{"line":5,"column":3}},"1":{"start":{"line":6,"column":0},"end":{"line":6,"column":28}},"2":{"start":{"line":8,"column":14},"end":{"line":8,"column":55}},"3":{"start":{"line":10,"column":12},"end":{"line":10,"column":51}},"4":{"start":{"line":12,"column":20},"end":{"line":12,"column":67}},"5":{"start":{"line":14,"column":14},"end":{"line":14,"column":55}},"6":{"start":{"line":16,"column":39},"end":{"line":16,"column":95}},"7":{"start":{"line":18,"column":50},"end":{"line":18,"column":151}},"8":{"start":{"line":18,"column":92},"end":{"line":18,"column":149}},"9":{"start":{"line":20,"column":44},"end":{"line":20,"column":315}},"10":{"start":{"line":20,"column":57},"end":{"line":20,"column":58}},"11":{"start":{"line":20,"column":102},"end":{"line":20,"column":110}},"12":{"start":{"line":20,"column":112},"end":{"line":20,"column":167}},"13":{"start":{"line":20,"column":168},"end":{"line":20,"column":199}},"14":{"start":{"line":20,"column":200},"end":{"line":20,"column":254}},"15":{"start":{"line":20,"column":227},"end":{"line":20,"column":254}},"16":{"start":{"line":20,"column":255},"end":{"line":20,"column":313}},"17":{"start":{"line":22,"column":62},"end":{"line":22,"column":131}},"18":{"start":{"line":22,"column":78},"end":{"line":22,"column":131}},"19":{"start":{"line":22,"column":132},"end":{"line":22,"column":193}},"20":{"start":{"line":22,"column":149},"end":{"line":22,"column":193}},"21":{"start":{"line":22,"column":194},"end":{"line":22,"column":213}},"22":{"start":{"line":26,"column":0},"end":{"line":132,"column":3}},"23":{"start":{"line":32,"column":4},"end":{"line":32,"column":32}},"24":{"start":{"line":34,"column":4},"end":{"line":45,"column":7}},"25":{"start":{"line":53,"column":2},"end":{"line":129,"column":6}},"26":{"start":{"line":56,"column":20},"end":{"line":67,"column":7}},"27":{"start":{"line":68,"column":6},"end":{"line":68,"column":31}},"28":{"start":{"line":69,"column":6},"end":{"line":69,"column":21}},"29":{"start":{"line":80,"column":18},"end":{"line":80,"column":94}},"30":{"start":{"line":82,"column":6},"end":{"line":82,"column":19}},"31":{"start":{"line":92,"column":6},"end":{"line":94,"column":9}},"32":{"start":{"line":93,"column":8},"end":{"line":93,"column":30}},"33":{"start":{"line":104,"column":6},"end":{"line":106,"column":9}},"34":{"start":{"line":105,"column":8},"end":{"line":105,"column":36}},"35":{"start":{"line":116,"column":6},"end":{"line":118,"column":9}},"36":{"start":{"line":117,"column":8},"end":{"line":117,"column":42}},"37":{"start":{"line":127,"column":6},"end":{"line":127,"column":24}},"38":{"start":{"line":131,"column":2},"end":{"line":131,"column":14}},"39":{"start":{"line":134,"column":15},"end":{"line":134,"column":25}},"40":{"start":{"line":136,"column":0},"end":{"line":136,"column":30}}},"fnMap":{"0":{"name":"_interopRequireDefault","decl":{"start":{"line":16,"column":9},"end":{"line":16,"column":31}},"loc":{"start":{"line":16,"column":37},"end":{"line":16,"column":97}},"line":16},"1":{"name":"_classCallCheck","decl":{"start":{"line":18,"column":9},"end":{"line":18,"column":24}},"loc":{"start":{"line":18,"column":48},"end":{"line":18,"column":153}},"line":18},"2":{"name":"_defineProperties","decl":{"start":{"line":20,"column":9},"end":{"line":20,"column":26}},"loc":{"start":{"line":20,"column":42},"end":{"line":20,"column":317}},"line":20},"3":{"name":"_createClass","decl":{"start":{"line":22,"column":9},"end":{"line":22,"column":21}},"loc":{"start":{"line":22,"column":60},"end":{"line":22,"column":215}},"line":22},"4":{"name":"(anonymous_4)","decl":{"start":{"line":26,"column":0},"end":{"line":26,"column":1}},"loc":{"start":{"line":26,"column":12},"end":{"line":132,"column":1}},"line":26},"5":{"name":"Auth","decl":{"start":{"line":31,"column":11},"end":{"line":31,"column":15}},"loc":{"start":{"line":31,"column":18},"end":{"line":46,"column":3}},"line":31},"6":{"name":"create","decl":{"start":{"line":55,"column":20},"end":{"line":55,"column":26}},"loc":{"start":{"line":55,"column":33},"end":{"line":70,"column":5}},"line":55},"7":{"name":"genToken","decl":{"start":{"line":79,"column":20},"end":{"line":79,"column":28}},"loc":{"start":{"line":79,"column":35},"end":{"line":83,"column":5}},"line":79},"8":{"name":"findOne","decl":{"start":{"line":91,"column":20},"end":{"line":91,"column":27}},"loc":{"start":{"line":91,"column":32},"end":{"line":95,"column":5}},"line":91},"9":{"name":"(anonymous_9)","decl":{"start":{"line":92,"column":29},"end":{"line":92,"column":30}},"loc":{"start":{"line":92,"column":45},"end":{"line":94,"column":7}},"line":92},"10":{"name":"findUser","decl":{"start":{"line":103,"column":20},"end":{"line":103,"column":28}},"loc":{"start":{"line":103,"column":36},"end":{"line":107,"column":5}},"line":103},"11":{"name":"(anonymous_11)","decl":{"start":{"line":104,"column":29},"end":{"line":104,"column":30}},"loc":{"start":{"line":104,"column":45},"end":{"line":106,"column":7}},"line":104},"12":{"name":"findPassword","decl":{"start":{"line":115,"column":20},"end":{"line":115,"column":32}},"loc":{"start":{"line":115,"column":43},"end":{"line":119,"column":5}},"line":115},"13":{"name":"(anonymous_13)","decl":{"start":{"line":116,"column":29},"end":{"line":116,"column":30}},"loc":{"start":{"line":116,"column":45},"end":{"line":118,"column":7}},"line":116},"14":{"name":"findAll","decl":{"start":{"line":126,"column":20},"end":{"line":126,"column":27}},"loc":{"start":{"line":126,"column":30},"end":{"line":128,"column":5}},"line":126}},"branchMap":{"0":{"loc":{"start":{"line":16,"column":46},"end":{"line":16,"column":94}},"type":"cond-expr","locations":[{"start":{"line":16,"column":70},"end":{"line":16,"column":73}},{"start":{"line":16,"column":76},"end":{"line":16,"column":94}}],"line":16},"1":{"loc":{"start":{"line":16,"column":46},"end":{"line":16,"column":67}},"type":"binary-expr","locations":[{"start":{"line":16,"column":46},"end":{"line":16,"column":49}},{"start":{"line":16,"column":53},"end":{"line":16,"column":67}}],"line":16},"2":{"loc":{"start":{"line":18,"column":50},"end":{"line":18,"column":151}},"type":"if","locations":[{"start":{"line":18,"column":50},"end":{"line":18,"column":151}},{"start":{"line":18,"column":50},"end":{"line":18,"column":151}}],"line":18},"3":{"loc":{"start":{"line":20,"column":136},"end":{"line":20,"column":166}},"type":"binary-expr","locations":[{"start":{"line":20,"column":136},"end":{"line":20,"column":157}},{"start":{"line":20,"column":161},"end":{"line":20,"column":166}}],"line":20},"4":{"loc":{"start":{"line":20,"column":200},"end":{"line":20,"column":254}},"type":"if","locations":[{"start":{"line":20,"column":200},"end":{"line":20,"column":254}},{"start":{"line":20,"column":200},"end":{"line":20,"column":254}}],"line":20},"5":{"loc":{"start":{"line":22,"column":62},"end":{"line":22,"column":131}},"type":"if","locations":[{"start":{"line":22,"column":62},"end":{"line":22,"column":131}},{"start":{"line":22,"column":62},"end":{"line":22,"column":131}}],"line":22},"6":{"loc":{"start":{"line":22,"column":132},"end":{"line":22,"column":193}},"type":"if","locations":[{"start":{"line":22,"column":132},"end":{"line":22,"column":193}},{"start":{"line":22,"column":132},"end":{"line":22,"column":193}}],"line":22}},"s":{"0":1,"1":1,"2":1,"3":1,"4":1,"5":1,"6":4,"7":1,"8":0,"9":1,"10":1,"11":6,"12":6,"13":6,"14":6,"15":6,"16":6,"17":1,"18":1,"19":1,"20":0,"21":1,"22":1,"23":1,"24":1,"25":1,"26":1,"27":1,"28":1,"29":2,"30":2,"31":1,"32":1,"33":2,"34":2,"35":0,"36":0,"37":1,"38":1,"39":1,"40":1},"f":{"0":4,"1":1,"2":1,"3":1,"4":1,"5":1,"6":1,"7":2,"8":1,"9":1,"10":2,"11":2,"12":0,"13":0,"14":1},"b":{"0":[0,4],"1":[4,4],"2":[0,1],"3":[6,6],"4":[6,0],"5":[1,0],"6":[0,1]},"_coverageSchema":"43e27e138ebf9cfc5966b082cf9a028302ed4184","hash":"2798e5556fc23c29a9365c4d0e1ab8412670d416","contentHash":"ed75453b08bc7bca2d3ce5ac889a2b2ba3c2e72cd15ec214d987bcdd240791f6"},"C:\\Users\\DuMmY\\Desktop\\Projetcs\\Teamwork-Server\\src\\helpers\\hashPassword.js":{"path":"C:\\Users\\DuMmY\\Desktop\\Projetcs\\Teamwork-Server\\src\\helpers\\hashPassword.js","statementMap":{"0":{"start":{"line":3,"column":0},"end":{"line":3,"column":27}},"1":{"start":{"line":5,"column":77},"end":{"line":5,"column":175}},"2":{"start":{"line":5,"column":94},"end":{"line":5,"column":107}},"3":{"start":{"line":5,"column":121},"end":{"line":5,"column":131}},"4":{"start":{"line":5,"column":151},"end":{"line":5,"column":165}},"5":{"start":{"line":5,"column":166},"end":{"line":5,"column":173}},"6":{"start":{"line":5,"column":176},"end":{"line":5,"column":263}},"7":{"start":{"line":5,"column":193},"end":{"line":5,"column":208}},"8":{"start":{"line":5,"column":218},"end":{"line":5,"column":261}},"9":{"start":{"line":7,"column":33},"end":{"line":7,"column":387}},"10":{"start":{"line":7,"column":65},"end":{"line":7,"column":69}},"11":{"start":{"line":7,"column":78},"end":{"line":7,"column":87}},"12":{"start":{"line":7,"column":89},"end":{"line":7,"column":384}},"13":{"start":{"line":7,"column":147},"end":{"line":7,"column":167}},"14":{"start":{"line":7,"column":193},"end":{"line":7,"column":264}},"15":{"start":{"line":7,"column":290},"end":{"line":7,"column":360}},"16":{"start":{"line":7,"column":363},"end":{"line":7,"column":380}},"17":{"start":{"line":9,"column":13},"end":{"line":9,"column":32}},"18":{"start":{"line":11,"column":0},"end":{"line":47,"column":4}},"19":{"start":{"line":14,"column":22},"end":{"line":40,"column":5}},"20":{"start":{"line":18,"column":4},"end":{"line":39,"column":16}},"21":{"start":{"line":19,"column":6},"end":{"line":38,"column":7}},"22":{"start":{"line":20,"column":8},"end":{"line":37,"column":9}},"23":{"start":{"line":22,"column":12},"end":{"line":22,"column":30}},"24":{"start":{"line":23,"column":12},"end":{"line":23,"column":38}},"25":{"start":{"line":26,"column":12},"end":{"line":26,"column":33}},"26":{"start":{"line":27,"column":12},"end":{"line":27,"column":30}},"27":{"start":{"line":28,"column":12},"end":{"line":28,"column":47}},"28":{"start":{"line":31,"column":12},"end":{"line":31,"column":35}},"29":{"start":{"line":32,"column":12},"end":{"line":32,"column":53}},"30":{"start":{"line":36,"column":12},"end":{"line":36,"column":35}},"31":{"start":{"line":43,"column":4},"end":{"line":43,"column":48}},"32":{"start":{"line":46,"column":2},"end":{"line":46,"column":22}}},"fnMap":{"0":{"name":"asyncGeneratorStep","decl":{"start":{"line":5,"column":9},"end":{"line":5,"column":27}},"loc":{"start":{"line":5,"column":75},"end":{"line":5,"column":265}},"line":5},"1":{"name":"_asyncToGenerator","decl":{"start":{"line":7,"column":9},"end":{"line":7,"column":26}},"loc":{"start":{"line":7,"column":31},"end":{"line":7,"column":389}},"line":7},"2":{"name":"(anonymous_2)","decl":{"start":{"line":7,"column":40},"end":{"line":7,"column":41}},"loc":{"start":{"line":7,"column":52},"end":{"line":7,"column":386}},"line":7},"3":{"name":"(anonymous_3)","decl":{"start":{"line":7,"column":108},"end":{"line":7,"column":109}},"loc":{"start":{"line":7,"column":135},"end":{"line":7,"column":382}},"line":7},"4":{"name":"_next","decl":{"start":{"line":7,"column":178},"end":{"line":7,"column":183}},"loc":{"start":{"line":7,"column":191},"end":{"line":7,"column":266}},"line":7},"5":{"name":"_throw","decl":{"start":{"line":7,"column":276},"end":{"line":7,"column":282}},"loc":{"start":{"line":7,"column":288},"end":{"line":7,"column":362}},"line":7},"6":{"name":"(anonymous_6)","decl":{"start":{"line":13,"column":0},"end":{"line":13,"column":1}},"loc":{"start":{"line":13,"column":12},"end":{"line":47,"column":1}},"line":13},"7":{"name":"_callee","decl":{"start":{"line":16,"column":35},"end":{"line":16,"column":42}},"loc":{"start":{"line":16,"column":53},"end":{"line":40,"column":3}},"line":16},"8":{"name":"_callee$","decl":{"start":{"line":18,"column":44},"end":{"line":18,"column":52}},"loc":{"start":{"line":18,"column":63},"end":{"line":39,"column":5}},"line":18},"9":{"name":"hashPassword","decl":{"start":{"line":42,"column":11},"end":{"line":42,"column":23}},"loc":{"start":{"line":42,"column":28},"end":{"line":44,"column":3}},"line":42}},"branchMap":{"0":{"loc":{"start":{"line":5,"column":176},"end":{"line":5,"column":263}},"type":"if","locations":[{"start":{"line":5,"column":176},"end":{"line":5,"column":263}},{"start":{"line":5,"column":176},"end":{"line":5,"column":263}}],"line":5},"1":{"loc":{"start":{"line":20,"column":8},"end":{"line":37,"column":9}},"type":"switch","locations":[{"start":{"line":21,"column":10},"end":{"line":23,"column":38}},{"start":{"line":25,"column":10},"end":{"line":28,"column":47}},{"start":{"line":30,"column":10},"end":{"line":32,"column":53}},{"start":{"line":34,"column":10},"end":{"line":34,"column":17}},{"start":{"line":35,"column":10},"end":{"line":36,"column":35}}],"line":20}},"s":{"0":1,"1":3,"2":3,"3":3,"4":0,"5":0,"6":3,"7":1,"8":2,"9":1,"10":1,"11":1,"12":1,"13":1,"14":3,"15":0,"16":1,"17":1,"18":1,"19":1,"20":1,"21":4,"22":4,"23":1,"24":1,"25":1,"26":1,"27":1,"28":1,"29":1,"30":1,"31":1,"32":1},"f":{"0":3,"1":1,"2":1,"3":1,"4":3,"5":0,"6":1,"7":1,"8":4,"9":1},"b":{"0":[1,2],"1":[1,1,1,0,1]},"_coverageSchema":"43e27e138ebf9cfc5966b082cf9a028302ed4184","hash":"0f1721fef340d871d7099c010e4d148fd870c8a0","contentHash":"d3cdadbe420fe6c18a951985469ef02ca8127afdd18d290c0bca1b9bd0d3e4cf"},"C:\\Users\\DuMmY\\Desktop\\Projetcs\\Teamwork-Server\\src\\helpers\\validators\\signupValidator.js":{"path":"C:\\Users\\DuMmY\\Desktop\\Projetcs\\Teamwork-Server\\src\\helpers\\validators\\signupValidator.js","statementMap":{"0":{"start":{"line":3,"column":0},"end":{"line":5,"column":3}},"1":{"start":{"line":6,"column":0},"end":{"line":6,"column":49}},"2":{"start":{"line":8,"column":11},"end":{"line":8,"column":49}},"3":{"start":{"line":10,"column":0},"end":{"line":10,"column":27}},"4":{"start":{"line":12,"column":39},"end":{"line":12,"column":95}},"5":{"start":{"line":14,"column":17},"end":{"line":24,"column":1}},"6":{"start":{"line":25,"column":0},"end":{"line":25,"column":32}},"7":{"start":{"line":27,"column":15},"end":{"line":30,"column":1}},"8":{"start":{"line":28,"column":15},"end":{"line":28,"column":93}},"9":{"start":{"line":29,"column":2},"end":{"line":29,"column":48}},"10":{"start":{"line":32,"column":0},"end":{"line":32,"column":30}}},"fnMap":{"0":{"name":"_interopRequireDefault","decl":{"start":{"line":12,"column":9},"end":{"line":12,"column":31}},"loc":{"start":{"line":12,"column":37},"end":{"line":12,"column":97}},"line":12},"1":{"name":"_default","decl":{"start":{"line":27,"column":24},"end":{"line":27,"column":32}},"loc":{"start":{"line":27,"column":39},"end":{"line":30,"column":1}},"line":27}},"branchMap":{"0":{"loc":{"start":{"line":12,"column":46},"end":{"line":12,"column":94}},"type":"cond-expr","locations":[{"start":{"line":12,"column":70},"end":{"line":12,"column":73}},{"start":{"line":12,"column":76},"end":{"line":12,"column":94}}],"line":12},"1":{"loc":{"start":{"line":12,"column":46},"end":{"line":12,"column":67}},"type":"binary-expr","locations":[{"start":{"line":12,"column":46},"end":{"line":12,"column":49}},{"start":{"line":12,"column":53},"end":{"line":12,"column":67}}],"line":12},"2":{"loc":{"start":{"line":28,"column":15},"end":{"line":28,"column":93}},"type":"cond-expr","locations":[{"start":{"line":28,"column":68},"end":{"line":28,"column":80}},{"start":{"line":28,"column":83},"end":{"line":28,"column":93}}],"line":28},"3":{"loc":{"start":{"line":28,"column":15},"end":{"line":28,"column":65}},"type":"binary-expr","locations":[{"start":{"line":28,"column":15},"end":{"line":28,"column":35}},{"start":{"line":28,"column":39},"end":{"line":28,"column":65}}],"line":28}},"s":{"0":1,"1":1,"2":1,"3":1,"4":1,"5":1,"6":1,"7":1,"8":1,"9":1,"10":1},"f":{"0":1,"1":1},"b":{"0":[0,1],"1":[1,1],"2":[0,1],"3":[1,0]},"_coverageSchema":"43e27e138ebf9cfc5966b082cf9a028302ed4184","hash":"08313b61b6c8387cf340b24a7f1854162287d82a","contentHash":"ce0e2f3d9b38bbff8ebc4de6507e6b0e91e1ae3170ce6ed06d0a0e24927cf609"},"C:\\Users\\DuMmY\\Desktop\\Projetcs\\Teamwork-Server\\src\\middleware\\auth.js":{"path":"C:\\Users\\DuMmY\\Desktop\\Projetcs\\Teamwork-Server\\src\\middleware\\auth.js","statementMap":{"0":{"start":{"line":3,"column":20},"end":{"line":3,"column":67}},"1":{"start":{"line":5,"column":14},"end":{"line":5,"column":55}},"2":{"start":{"line":7,"column":39},"end":{"line":7,"column":95}},"3":{"start":{"line":9,"column":0},"end":{"line":27,"column":2}},"4":{"start":{"line":10,"column":14},"end":{"line":10,"column":40}},"5":{"start":{"line":11,"column":2},"end":{"line":14,"column":5}},"6":{"start":{"line":11,"column":14},"end":{"line":14,"column":5}},"7":{"start":{"line":16,"column":2},"end":{"line":26,"column":3}},"8":{"start":{"line":17,"column":18},"end":{"line":17,"column":97}},"9":{"start":{"line":19,"column":4},"end":{"line":19,"column":23}},"10":{"start":{"line":20,"column":4},"end":{"line":20,"column":11}},"11":{"start":{"line":22,"column":4},"end":{"line":25,"column":7}}},"fnMap":{"0":{"name":"_interopRequireDefault","decl":{"start":{"line":7,"column":9},"end":{"line":7,"column":31}},"loc":{"start":{"line":7,"column":37},"end":{"line":7,"column":97}},"line":7},"1":{"name":"(anonymous_1)","decl":{"start":{"line":9,"column":17},"end":{"line":9,"column":18}},"loc":{"start":{"line":9,"column":43},"end":{"line":27,"column":1}},"line":9}},"branchMap":{"0":{"loc":{"start":{"line":7,"column":46},"end":{"line":7,"column":94}},"type":"cond-expr","locations":[{"start":{"line":7,"column":70},"end":{"line":7,"column":73}},{"start":{"line":7,"column":76},"end":{"line":7,"column":94}}],"line":7},"1":{"loc":{"start":{"line":7,"column":46},"end":{"line":7,"column":67}},"type":"binary-expr","locations":[{"start":{"line":7,"column":46},"end":{"line":7,"column":49}},{"start":{"line":7,"column":53},"end":{"line":7,"column":67}}],"line":7},"2":{"loc":{"start":{"line":11,"column":2},"end":{"line":14,"column":5}},"type":"if","locations":[{"start":{"line":11,"column":2},"end":{"line":14,"column":5}},{"start":{"line":11,"column":2},"end":{"line":14,"column":5}}],"line":11}},"s":{"0":1,"1":1,"2":2,"3":1,"4":16,"5":16,"6":0,"7":16,"8":16,"9":16,"10":16,"11":0},"f":{"0":2,"1":16},"b":{"0":[0,2],"1":[2,2],"2":[0,16]},"_coverageSchema":"43e27e138ebf9cfc5966b082cf9a028302ed4184","hash":"59091b0f12fe7e68a1c162e6cc85bc9b0676f8ef","contentHash":"1d55ac360e9df9572032426cba2fae3cfa9e459fc480d2b5105c9a050b03b9c7"},"C:\\Users\\DuMmY\\Desktop\\Projetcs\\Teamwork-Server\\src\\middleware\\admin.js":{"path":"C:\\Users\\DuMmY\\Desktop\\Projetcs\\Teamwork-Server\\src\\middleware\\admin.js","statementMap":{"0":{"start":{"line":3,"column":0},"end":{"line":9,"column":2}},"1":{"start":{"line":4,"column":2},"end":{"line":7,"column":5}},"2":{"start":{"line":4,"column":25},"end":{"line":7,"column":5}},"3":{"start":{"line":8,"column":2},"end":{"line":8,"column":9}}},"fnMap":{"0":{"name":"(anonymous_0)","decl":{"start":{"line":3,"column":17},"end":{"line":3,"column":18}},"loc":{"start":{"line":3,"column":43},"end":{"line":9,"column":1}},"line":3}},"branchMap":{"0":{"loc":{"start":{"line":4,"column":2},"end":{"line":7,"column":5}},"type":"if","locations":[{"start":{"line":4,"column":2},"end":{"line":7,"column":5}},{"start":{"line":4,"column":2},"end":{"line":7,"column":5}}],"line":4}},"s":{"0":1,"1":3,"2":0,"3":3},"f":{"0":3},"b":{"0":[0,3]},"_coverageSchema":"43e27e138ebf9cfc5966b082cf9a028302ed4184","hash":"8a0c0dca6ee4a7773b69cc862e0e589494564e42","contentHash":"5dfbe10c64d51427fd5cf3434d5691ed226fd9b516b6b9d8c674db098091ea92"},"C:\\Users\\DuMmY\\Desktop\\Projetcs\\Teamwork-Server\\src\\routes\\auth.js":{"path":"C:\\Users\\DuMmY\\Desktop\\Projetcs\\Teamwork-Server\\src\\routes\\auth.js","statementMap":{"0":{"start":{"line":3,"column":0},"end":{"line":5,"column":3}},"1":{"start":{"line":6,"column":0},"end":{"line":6,"column":28}},"2":{"start":{"line":8,"column":15},"end":{"line":8,"column":57}},"3":{"start":{"line":10,"column":12},"end":{"line":10,"column":66}},"4":{"start":{"line":12,"column":39},"end":{"line":12,"column":95}},"5":{"start":{"line":14,"column":13},"end":{"line":14,"column":41}},"6":{"start":{"line":16,"column":0},"end":{"line":16,"column":54}},"7":{"start":{"line":18,"column":15},"end":{"line":18,"column":21}},"8":{"start":{"line":19,"column":0},"end":{"line":19,"column":30}}},"fnMap":{"0":{"name":"_interopRequireDefault","decl":{"start":{"line":12,"column":9},"end":{"line":12,"column":31}},"loc":{"start":{"line":12,"column":37},"end":{"line":12,"column":97}},"line":12}},"branchMap":{"0":{"loc":{"start":{"line":12,"column":46},"end":{"line":12,"column":94}},"type":"cond-expr","locations":[{"start":{"line":12,"column":70},"end":{"line":12,"column":73}},{"start":{"line":12,"column":76},"end":{"line":12,"column":94}}],"line":12},"1":{"loc":{"start":{"line":12,"column":46},"end":{"line":12,"column":67}},"type":"binary-expr","locations":[{"start":{"line":12,"column":46},"end":{"line":12,"column":49}},{"start":{"line":12,"column":53},"end":{"line":12,"column":67}}],"line":12}},"s":{"0":1,"1":1,"2":1,"3":1,"4":2,"5":1,"6":1,"7":1,"8":1},"f":{"0":2},"b":{"0":[0,2],"1":[2,2]},"_coverageSchema":"43e27e138ebf9cfc5966b082cf9a028302ed4184","hash":"18d402581bd38edc5304ca80d14c4990c0f58a3f","contentHash":"fba5b10e8928b06400a032c402c9502f36af6c3718866aa0f07eae3cabb693d7"},"C:\\Users\\DuMmY\\Desktop\\Projetcs\\Teamwork-Server\\src\\controllers\\auth.js":{"path":"C:\\Users\\DuMmY\\Desktop\\Projetcs\\Teamwork-Server\\src\\controllers\\auth.js","statementMap":{"0":{"start":{"line":3,"column":20},"end":{"line":3,"column":67}},"1":{"start":{"line":5,"column":0},"end":{"line":5,"column":27}},"2":{"start":{"line":7,"column":14},"end":{"line":7,"column":55}},"3":{"start":{"line":9,"column":14},"end":{"line":9,"column":55}},"4":{"start":{"line":11,"column":12},"end":{"line":11,"column":61}},"5":{"start":{"line":13,"column":20},"end":{"line":13,"column":78}},"6":{"start":{"line":15,"column":22},"end":{"line":15,"column":93}},"7":{"start":{"line":17,"column":39},"end":{"line":17,"column":95}},"8":{"start":{"line":19,"column":77},"end":{"line":19,"column":175}},"9":{"start":{"line":19,"column":94},"end":{"line":19,"column":107}},"10":{"start":{"line":19,"column":121},"end":{"line":19,"column":131}},"11":{"start":{"line":19,"column":151},"end":{"line":19,"column":165}},"12":{"start":{"line":19,"column":166},"end":{"line":19,"column":173}},"13":{"start":{"line":19,"column":176},"end":{"line":19,"column":263}},"14":{"start":{"line":19,"column":193},"end":{"line":19,"column":208}},"15":{"start":{"line":19,"column":218},"end":{"line":19,"column":261}},"16":{"start":{"line":21,"column":33},"end":{"line":21,"column":387}},"17":{"start":{"line":21,"column":65},"end":{"line":21,"column":69}},"18":{"start":{"line":21,"column":78},"end":{"line":21,"column":87}},"19":{"start":{"line":21,"column":89},"end":{"line":21,"column":384}},"20":{"start":{"line":21,"column":147},"end":{"line":21,"column":167}},"21":{"start":{"line":21,"column":193},"end":{"line":21,"column":264}},"22":{"start":{"line":21,"column":290},"end":{"line":21,"column":360}},"23":{"start":{"line":21,"column":363},"end":{"line":21,"column":380}},"24":{"start":{"line":23,"column":13},"end":{"line":23,"column":32}},"25":{"start":{"line":25,"column":11},"end":{"line":115,"column":1}},"26":{"start":{"line":33,"column":18},"end":{"line":107,"column":7}},"27":{"start":{"line":38,"column":6},"end":{"line":106,"column":18}},"28":{"start":{"line":39,"column":8},"end":{"line":105,"column":9}},"29":{"start":{"line":40,"column":10},"end":{"line":104,"column":11}},"30":{"start":{"line":42,"column":14},"end":{"line":42,"column":91}},"31":{"start":{"line":43,"column":14},"end":{"line":43,"column":69}},"32":{"start":{"line":45,"column":14},"end":{"line":48,"column":15}},"33":{"start":{"line":46,"column":16},"end":{"line":46,"column":34}},"34":{"start":{"line":47,"column":16},"end":{"line":47,"column":22}},"35":{"start":{"line":50,"column":14},"end":{"line":53,"column":18}},"36":{"start":{"line":56,"column":14},"end":{"line":56,"column":32}},"37":{"start":{"line":57,"column":14},"end":{"line":57,"column":63}},"38":{"start":{"line":60,"column":14},"end":{"line":60,"column":35}},"39":{"start":{"line":62,"column":14},"end":{"line":65,"column":15}},"40":{"start":{"line":63,"column":16},"end":{"line":63,"column":34}},"41":{"start":{"line":64,"column":16},"end":{"line":64,"column":22}},"42":{"start":{"line":67,"column":14},"end":{"line":70,"column":18}},"43":{"start":{"line":73,"column":14},"end":{"line":73,"column":33}},"44":{"start":{"line":74,"column":14},"end":{"line":74,"column":70}},"45":{"start":{"line":77,"column":14},"end":{"line":77,"column":44}},"46":{"start":{"line":79,"column":14},"end":{"line":82,"column":15}},"47":{"start":{"line":80,"column":16},"end":{"line":80,"column":35}},"48":{"start":{"line":81,"column":16},"end":{"line":81,"column":22}},"49":{"start":{"line":84,"column":14},"end":{"line":87,"column":18}},"50":{"start":{"line":90,"column":14},"end":{"line":90,"column":33}},"51":{"start":{"line":91,"column":14},"end":{"line":91,"column":53}},"52":{"start":{"line":94,"column":14},"end":{"line":94,"column":35}},"53":{"start":{"line":95,"column":14},"end":{"line":99,"column":18}},"54":{"start":{"line":103,"column":14},"end":{"line":103,"column":37}},"55":{"start":{"line":110,"column":6},"end":{"line":110,"column":44}},"56":{"start":{"line":113,"column":4},"end":{"line":113,"column":18}},"57":{"start":{"line":116,"column":0},"end":{"line":116,"column":22}}},"fnMap":{"0":{"name":"_interopRequireDefault","decl":{"start":{"line":17,"column":9},"end":{"line":17,"column":31}},"loc":{"start":{"line":17,"column":37},"end":{"line":17,"column":97}},"line":17},"1":{"name":"asyncGeneratorStep","decl":{"start":{"line":19,"column":9},"end":{"line":19,"column":27}},"loc":{"start":{"line":19,"column":75},"end":{"line":19,"column":265}},"line":19},"2":{"name":"_asyncToGenerator","decl":{"start":{"line":21,"column":9},"end":{"line":21,"column":26}},"loc":{"start":{"line":21,"column":31},"end":{"line":21,"column":389}},"line":21},"3":{"name":"(anonymous_3)","decl":{"start":{"line":21,"column":40},"end":{"line":21,"column":41}},"loc":{"start":{"line":21,"column":52},"end":{"line":21,"column":386}},"line":21},"4":{"name":"(anonymous_4)","decl":{"start":{"line":21,"column":108},"end":{"line":21,"column":109}},"loc":{"start":{"line":21,"column":135},"end":{"line":21,"column":382}},"line":21},"5":{"name":"_next","decl":{"start":{"line":21,"column":178},"end":{"line":21,"column":183}},"loc":{"start":{"line":21,"column":191},"end":{"line":21,"column":266}},"line":21},"6":{"name":"_throw","decl":{"start":{"line":21,"column":276},"end":{"line":21,"column":282}},"loc":{"start":{"line":21,"column":288},"end":{"line":21,"column":362}},"line":21},"7":{"name":"(anonymous_7)","decl":{"start":{"line":32,"column":10},"end":{"line":32,"column":11}},"loc":{"start":{"line":32,"column":22},"end":{"line":114,"column":3}},"line":32},"8":{"name":"_callee","decl":{"start":{"line":35,"column":37},"end":{"line":35,"column":44}},"loc":{"start":{"line":35,"column":55},"end":{"line":107,"column":5}},"line":35},"9":{"name":"_callee$","decl":{"start":{"line":38,"column":46},"end":{"line":38,"column":54}},"loc":{"start":{"line":38,"column":65},"end":{"line":106,"column":7}},"line":38},"10":{"name":"getOne","decl":{"start":{"line":109,"column":13},"end":{"line":109,"column":19}},"loc":{"start":{"line":109,"column":29},"end":{"line":111,"column":5}},"line":109}},"branchMap":{"0":{"loc":{"start":{"line":17,"column":46},"end":{"line":17,"column":94}},"type":"cond-expr","locations":[{"start":{"line":17,"column":70},"end":{"line":17,"column":73}},{"start":{"line":17,"column":76},"end":{"line":17,"column":94}}],"line":17},"1":{"loc":{"start":{"line":17,"column":46},"end":{"line":17,"column":67}},"type":"binary-expr","locations":[{"start":{"line":17,"column":46},"end":{"line":17,"column":49}},{"start":{"line":17,"column":53},"end":{"line":17,"column":67}}],"line":17},"2":{"loc":{"start":{"line":19,"column":176},"end":{"line":19,"column":263}},"type":"if","locations":[{"start":{"line":19,"column":176},"end":{"line":19,"column":263}},{"start":{"line":19,"column":176},"end":{"line":19,"column":263}}],"line":19},"3":{"loc":{"start":{"line":40,"column":10},"end":{"line":104,"column":11}},"type":"switch","locations":[{"start":{"line":41,"column":12},"end":{"line":53,"column":18}},{"start":{"line":55,"column":12},"end":{"line":57,"column":63}},{"start":{"line":59,"column":12},"end":{"line":70,"column":18}},{"start":{"line":72,"column":12},"end":{"line":74,"column":70}},{"start":{"line":76,"column":12},"end":{"line":87,"column":18}},{"start":{"line":89,"column":12},"end":{"line":91,"column":53}},{"start":{"line":93,"column":12},"end":{"line":99,"column":18}},{"start":{"line":101,"column":12},"end":{"line":101,"column":20}},{"start":{"line":102,"column":12},"end":{"line":103,"column":37}}],"line":40},"4":{"loc":{"start":{"line":45,"column":14},"end":{"line":48,"column":15}},"type":"if","locations":[{"start":{"line":45,"column":14},"end":{"line":48,"column":15}},{"start":{"line":45,"column":14},"end":{"line":48,"column":15}}],"line":45},"5":{"loc":{"start":{"line":62,"column":14},"end":{"line":65,"column":15}},"type":"if","locations":[{"start":{"line":62,"column":14},"end":{"line":65,"column":15}},{"start":{"line":62,"column":14},"end":{"line":65,"column":15}}],"line":62},"6":{"loc":{"start":{"line":79,"column":14},"end":{"line":82,"column":15}},"type":"if","locations":[{"start":{"line":79,"column":14},"end":{"line":82,"column":15}},{"start":{"line":79,"column":14},"end":{"line":82,"column":15}}],"line":79}},"s":{"0":1,"1":1,"2":1,"3":1,"4":1,"5":1,"6":1,"7":6,"8":4,"9":4,"10":4,"11":0,"12":0,"13":4,"14":1,"15":3,"16":1,"17":1,"18":1,"19":1,"20":1,"21":4,"22":0,"23":1,"24":1,"25":1,"26":1,"27":1,"28":5,"29":8,"30":1,"31":1,"32":1,"33":1,"34":1,"35":0,"36":1,"37":1,"38":1,"39":1,"40":1,"41":1,"42":0,"43":1,"44":1,"45":1,"46":1,"47":1,"48":1,"49":0,"50":1,"51":1,"52":1,"53":1,"54":1,"55":1,"56":1,"57":1},"f":{"0":6,"1":4,"2":1,"3":1,"4":1,"5":4,"6":0,"7":1,"8":1,"9":5,"10":1},"b":{"0":[2,4],"1":[6,6],"2":[1,3],"3":[1,1,1,1,1,1,1,0,1],"4":[1,0],"5":[1,0],"6":[1,0]},"_coverageSchema":"43e27e138ebf9cfc5966b082cf9a028302ed4184","hash":"acc1dc360967b08b76c13af516fda4267f05ffa3","contentHash":"cb534996504eb4b7132f85c4b004e9d6c82ee170d43d83766d5e8efa70ce4ee6"},"C:\\Users\\DuMmY\\Desktop\\Projetcs\\Teamwork-Server\\src\\helpers\\validators\\loginValidator.js":{"path":"C:\\Users\\DuMmY\\Desktop\\Projetcs\\Teamwork-Server\\src\\helpers\\validators\\loginValidator.js","statementMap":{"0":{"start":{"line":3,"column":0},"end":{"line":5,"column":3}},"1":{"start":{"line":6,"column":0},"end":{"line":6,"column":28}},"2":{"start":{"line":9,"column":15},"end":{"line":39,"column":1}},"3":{"start":{"line":10,"column":2},"end":{"line":14,"column":3}},"4":{"start":{"line":11,"column":4},"end":{"line":13,"column":6}},"5":{"start":{"line":16,"column":2},"end":{"line":20,"column":3}},"6":{"start":{"line":17,"column":4},"end":{"line":19,"column":6}},"7":{"start":{"line":22,"column":2},"end":{"line":26,"column":3}},"8":{"start":{"line":23,"column":4},"end":{"line":25,"column":6}},"9":{"start":{"line":28,"column":2},"end":{"line":32,"column":3}},"10":{"start":{"line":29,"column":4},"end":{"line":31,"column":6}},"11":{"start":{"line":34,"column":2},"end":{"line":38,"column":3}},"12":{"start":{"line":35,"column":4},"end":{"line":37,"column":6}},"13":{"start":{"line":41,"column":15},"end":{"line":41,"column":23}},"14":{"start":{"line":42,"column":0},"end":{"line":42,"column":30}}},"fnMap":{"0":{"name":"validate","decl":{"start":{"line":9,"column":24},"end":{"line":9,"column":32}},"loc":{"start":{"line":9,"column":50},"end":{"line":39,"column":1}},"line":9}},"branchMap":{"0":{"loc":{"start":{"line":10,"column":2},"end":{"line":14,"column":3}},"type":"if","locations":[{"start":{"line":10,"column":2},"end":{"line":14,"column":3}},{"start":{"line":10,"column":2},"end":{"line":14,"column":3}}],"line":10},"1":{"loc":{"start":{"line":16,"column":2},"end":{"line":20,"column":3}},"type":"if","locations":[{"start":{"line":16,"column":2},"end":{"line":20,"column":3}},{"start":{"line":16,"column":2},"end":{"line":20,"column":3}}],"line":16},"2":{"loc":{"start":{"line":22,"column":2},"end":{"line":26,"column":3}},"type":"if","locations":[{"start":{"line":22,"column":2},"end":{"line":26,"column":3}},{"start":{"line":22,"column":2},"end":{"line":26,"column":3}}],"line":22},"3":{"loc":{"start":{"line":28,"column":2},"end":{"line":32,"column":3}},"type":"if","locations":[{"start":{"line":28,"column":2},"end":{"line":32,"column":3}},{"start":{"line":28,"column":2},"end":{"line":32,"column":3}}],"line":28},"4":{"loc":{"start":{"line":34,"column":2},"end":{"line":38,"column":3}},"type":"if","locations":[{"start":{"line":34,"column":2},"end":{"line":38,"column":3}},{"start":{"line":34,"column":2},"end":{"line":38,"column":3}}],"line":34}},"s":{"0":1,"1":1,"2":1,"3":1,"4":0,"5":1,"6":0,"7":1,"8":0,"9":1,"10":0,"11":1,"12":0,"13":1,"14":1},"f":{"0":1},"b":{"0":[0,1],"1":[0,1],"2":[0,1],"3":[0,1],"4":[0,1]},"_coverageSchema":"43e27e138ebf9cfc5966b082cf9a028302ed4184","hash":"35b2d491b16e9d5e4217465bd08045744fd269bc","contentHash":"678ef7dd280f4363c8a9a830ef052c3f7e416be0615b76d1766b4ab5f9edbd73"},"C:\\Users\\DuMmY\\Desktop\\Projetcs\\Teamwork-Server\\src\\routes\\articles.js":{"path":"C:\\Users\\DuMmY\\Desktop\\Projetcs\\Teamwork-Server\\src\\routes\\articles.js","statementMap":{"0":{"start":{"line":3,"column":0},"end":{"line":5,"column":3}},"1":{"start":{"line":6,"column":0},"end":{"line":6,"column":28}},"2":{"start":{"line":8,"column":15},"end":{"line":8,"column":57}},"3":{"start":{"line":10,"column":15},"end":{"line":10,"column":72}},"4":{"start":{"line":12,"column":21},"end":{"line":12,"column":84}},"5":{"start":{"line":14,"column":12},"end":{"line":14,"column":65}},"6":{"start":{"line":16,"column":13},"end":{"line":16,"column":67}},"7":{"start":{"line":18,"column":39},"end":{"line":18,"column":95}},"8":{"start":{"line":20,"column":13},"end":{"line":20,"column":41}},"9":{"start":{"line":24,"column":0},"end":{"line":24,"column":71}},"10":{"start":{"line":25,"column":0},"end":{"line":25,"column":76}},"11":{"start":{"line":26,"column":0},"end":{"line":26,"column":83}},"12":{"start":{"line":27,"column":0},"end":{"line":27,"column":74}},"13":{"start":{"line":28,"column":0},"end":{"line":28,"column":81}},"14":{"start":{"line":29,"column":0},"end":{"line":29,"column":70}},"15":{"start":{"line":30,"column":15},"end":{"line":30,"column":21}},"16":{"start":{"line":31,"column":0},"end":{"line":31,"column":30}}},"fnMap":{"0":{"name":"_interopRequireDefault","decl":{"start":{"line":18,"column":9},"end":{"line":18,"column":31}},"loc":{"start":{"line":18,"column":37},"end":{"line":18,"column":97}},"line":18}},"branchMap":{"0":{"loc":{"start":{"line":18,"column":46},"end":{"line":18,"column":94}},"type":"cond-expr","locations":[{"start":{"line":18,"column":70},"end":{"line":18,"column":73}},{"start":{"line":18,"column":76},"end":{"line":18,"column":94}}],"line":18},"1":{"loc":{"start":{"line":18,"column":46},"end":{"line":18,"column":67}},"type":"binary-expr","locations":[{"start":{"line":18,"column":46},"end":{"line":18,"column":49}},{"start":{"line":18,"column":53},"end":{"line":18,"column":67}}],"line":18}},"s":{"0":1,"1":1,"2":1,"3":1,"4":1,"5":1,"6":1,"7":5,"8":1,"9":1,"10":1,"11":1,"12":1,"13":1,"14":1,"15":1,"16":1},"f":{"0":5},"b":{"0":[2,3],"1":[5,5]},"_coverageSchema":"43e27e138ebf9cfc5966b082cf9a028302ed4184","hash":"5e15aee08b24c244131c5634b15d94dda5bd6422","contentHash":"f14e699832a8b65d8f56bd5c97e16f47ebd2ecdc621866ffa8e6c7e25aadfc95"},"C:\\Users\\DuMmY\\Desktop\\Projetcs\\Teamwork-Server\\src\\controllers\\Article.js":{"path":"C:\\Users\\DuMmY\\Desktop\\Projetcs\\Teamwork-Server\\src\\controllers\\Article.js","statementMap":{"0":{"start":{"line":3,"column":0},"end":{"line":5,"column":3}},"1":{"start":{"line":6,"column":0},"end":{"line":6,"column":28}},"2":{"start":{"line":8,"column":15},"end":{"line":8,"column":67}},"3":{"start":{"line":10,"column":15},"end":{"line":10,"column":67}},"4":{"start":{"line":12,"column":21},"end":{"line":12,"column":79}},"5":{"start":{"line":14,"column":24},"end":{"line":14,"column":98}},"6":{"start":{"line":16,"column":38},"end":{"line":16,"column":85}},"7":{"start":{"line":16,"column":73},"end":{"line":16,"column":85}},"8":{"start":{"line":16,"column":98},"end":{"line":16,"column":111}},"9":{"start":{"line":16,"column":113},"end":{"line":16,"column":194}},"10":{"start":{"line":16,"column":178},"end":{"line":16,"column":191}},"11":{"start":{"line":16,"column":195},"end":{"line":16,"column":208}},"12":{"start":{"line":18,"column":40},"end":{"line":18,"column":82}},"13":{"start":{"line":18,"column":69},"end":{"line":18,"column":80}},"14":{"start":{"line":18,"column":95},"end":{"line":18,"column":121}},"15":{"start":{"line":18,"column":123},"end":{"line":18,"column":178}},"16":{"start":{"line":18,"column":154},"end":{"line":18,"column":176}},"17":{"start":{"line":18,"column":192},"end":{"line":18,"column":194}},"18":{"start":{"line":18,"column":196},"end":{"line":18,"column":583}},"19":{"start":{"line":18,"column":243},"end":{"line":18,"column":299}},"20":{"start":{"line":18,"column":301},"end":{"line":18,"column":581}},"21":{"start":{"line":18,"column":324},"end":{"line":18,"column":579}},"22":{"start":{"line":18,"column":389},"end":{"line":18,"column":461}},"23":{"start":{"line":18,"column":463},"end":{"line":18,"column":577}},"24":{"start":{"line":18,"column":501},"end":{"line":18,"column":542}},"25":{"start":{"line":18,"column":552},"end":{"line":18,"column":575}},"26":{"start":{"line":18,"column":584},"end":{"line":18,"column":608}},"27":{"start":{"line":18,"column":609},"end":{"line":18,"column":647}},"28":{"start":{"line":18,"column":622},"end":{"line":18,"column":645}},"29":{"start":{"line":18,"column":648},"end":{"line":18,"column":662}},"30":{"start":{"line":20,"column":39},"end":{"line":20,"column":95}},"31":{"start":{"line":22,"column":77},"end":{"line":22,"column":175}},"32":{"start":{"line":22,"column":94},"end":{"line":22,"column":107}},"33":{"start":{"line":22,"column":121},"end":{"line":22,"column":131}},"34":{"start":{"line":22,"column":151},"end":{"line":22,"column":165}},"35":{"start":{"line":22,"column":166},"end":{"line":22,"column":173}},"36":{"start":{"line":22,"column":176},"end":{"line":22,"column":263}},"37":{"start":{"line":22,"column":193},"end":{"line":22,"column":208}},"38":{"start":{"line":22,"column":218},"end":{"line":22,"column":261}},"39":{"start":{"line":24,"column":33},"end":{"line":24,"column":387}},"40":{"start":{"line":24,"column":65},"end":{"line":24,"column":69}},"41":{"start":{"line":24,"column":78},"end":{"line":24,"column":87}},"42":{"start":{"line":24,"column":89},"end":{"line":24,"column":384}},"43":{"start":{"line":24,"column":147},"end":{"line":24,"column":167}},"44":{"start":{"line":24,"column":193},"end":{"line":24,"column":264}},"45":{"start":{"line":24,"column":290},"end":{"line":24,"column":360}},"46":{"start":{"line":24,"column":363},"end":{"line":24,"column":380}},"47":{"start":{"line":26,"column":14},"end":{"line":421,"column":1}},"48":{"start":{"line":34,"column":18},"end":{"line":98,"column":7}},"49":{"start":{"line":38,"column":6},"end":{"line":97,"column":35}},"50":{"start":{"line":39,"column":8},"end":{"line":96,"column":9}},"51":{"start":{"line":40,"column":10},"end":{"line":95,"column":11}},"52":{"start":{"line":42,"column":14},"end":{"line":42,"column":32}},"53":{"start":{"line":43,"column":14
[...]
,"column":44}},"65":{"start":{"line":150,"column":4},"end":{"line":150,"column":18}},"66":{"start":{"line":160,"column":18},"end":{"line":196,"column":7}},"67":{"start":{"line":164,"column":6},"end":{"line":195,"column":19}},"68":{"start":{"line":165,"column":8},"end":{"line":194,"column":9}},"69":{"start":{"line":166,"column":10},"end":{"line":193,"column":11}},"70":{"start":{"line":168,"column":14},"end":{"line":168,"column":33}},"71":{"start":{"line":169,"column":14},"end":{"line":169,"column":70}},"72":{"start":{"line":172,"column":14},"end":{"line":172,"column":39}},"73":{"start":{"line":174,"column":14},"end":{"line":177,"column":15}},"74":{"start":{"line":175,"column":16},"end":{"line":175,"column":35}},"75":{"start":{"line":176,"column":16},"end":{"line":176,"column":22}},"76":{"start":{"line":179,"column":14},"end":{"line":182,"column":18}},"77":{"start":{"line":185,"column":14},"end":{"line":188,"column":18}},"78":{"start":{"line":192,"column":14},"end":{"line":192,"column":38}},"79":{"start":{"line":199,"column":6},"end":{"line":199,"column":44}},"80":{"start":{"line":202,"column":4},"end":{"line":202,"column":18}},"81":{"start":{"line":212,"column":19},"end":{"line":275,"column":7}},"82":{"start":{"line":216,"column":6},"end":{"line":274,"column":36}},"83":{"start":{"line":217,"column":8},"end":{"line":273,"column":9}},"84":{"start":{"line":218,"column":10},"end":{"line":272,"column":11}},"85":{"start":{"line":220,"column":14},"end":{"line":220,"column":33}},"86":{"start":{"line":221,"column":14},"end":{"line":221,"column":72}},"87":{"start":{"line":223,"column":14},"end":{"line":226,"column":15}},"88":{"start":{"line":224,"column":16},"end":{"line":224,"column":35}},"89":{"start":{"line":225,"column":16},"end":{"line":225,"column":22}},"90":{"start":{"line":228,"column":14},"end":{"line":231,"column":18}},"91":{"start":{"line":234,"column":14},"end":{"line":234,"column":33}},"92":{"start":{"line":235,"column":14},"end":{"line":235,"column":67}},"93":{"start":{"line":238,"column":14},"end":{"line":238,"column":39}},"94":{"start":{"line":240,"column":14},"end":{"line":243,"column":15}},"95":{"start":{"line":241,"column":16},"end":{"line":241,"column":35}},"96":{"start":{"line":242,"column":16},"end":{"line":242,"column":22}},"97":{"start":{"line":245,"column":14},"end":{"line":248,"column":18}},"98":{"start":{"line":251,"column":14},"end":{"line":251,"column":34}},"99":{"start":{"line":252,"column":14},"end":{"line":252,"column":72}},"100":{"start":{"line":255,"column":14},"end":{"line":255,"column":34}},"101":{"start":{"line":256,"column":14},"end":{"line":256,"column":69}},"102":{"start":{"line":259,"column":14},"end":{"line":262,"column":18}},"103":{"start":{"line":265,"column":14},"end":{"line":265,"column":34}},"104":{"start":{"line":266,"column":14},"end":{"line":266,"column":51}},"105":{"start":{"line":267,"column":14},"end":{"line":267,"column":40}},"106":{"start":{"line":271,"column":14},"end":{"line":271,"column":38}},"107":{"start":{"line":278,"column":6},"end":{"line":278,"column":45}},"108":{"start":{"line":281,"column":4},"end":{"line":281,"column":19}},"109":{"start":{"line":284,"column":15},"end":{"line":284,"column":21}},"110":{"start":{"line":285,"column":0},"end":{"line":285,"column":30}}},"fnMap":{"0":{"name":"_interopRequireDefault","decl":{"start":{"line":12,"column":9},"end":{"line":12,"column":31}},"loc":{"start":{"line":12,"column":37},"end":{"line":12,"column":97}},"line":12},"1":{"name":"asyncGeneratorStep","decl":{"start":{"line":14,"column":9},"end":{"line":14,"column":27}},"loc":{"start":{"line":14,"column":75},"end":{"line":14,"column":265}},"line":14},"2":{"name":"_asyncToGenerator","decl":{"start":{"line":16,"column":9},"end":{"line":16,"column":26}},"loc":{"start":{"line":16,"column":31},"end":{"line":16,"column":389}},"line":16},"3":{"name":"(anonymous_3)","decl":{"start":{"line":16,"column":40},"end":{"line":16,"column":41}},"loc":{"start":{"line":16,"column":52},"end":{"line":16,"column":386}},"line":16},"4":{"name":"(anonymous_4)","decl":{"start":{"line":16,"column":108},"end":{"line":16,"column":109}},"loc":{"start":{"line":16,"column":135},"end":{"line":16,"column":382}},"line":16},"5":{"name":"_next","decl":{"start":{"line":16,"column":178},"end":{"line":16,"column":183}},"loc":{"start":{"line":16,"column":191},"end":{"line":16,"column":266}},"line":16},"6":{"name":"_throw","decl":{"start":{"line":16,"column":276},"end":{"line":16,"column":282}},"loc":{"start":{"line":16,"column":288},"end":{"line":16,"column":362}},"line":16},"7":{"name":"(anonymous_7)","decl":{"start":{"line":25,"column":10},"end":{"line":25,"column":11}},"loc":{"start":{"line":25,"column":22},"end":{"line":92,"column":3}},"line":25},"8":{"name":"_callee","decl":{"start":{"line":28,"column":37},"end":{"line":28,"column":44}},"loc":{"start":{"line":28,"column":55},"end":{"line":85,"column":5}},"line":28},"9":{"name":"_callee$","decl":{"start":{"line":30,"column":46},"end":{"line":30,"column":54}},"loc":{"start":{"line":30,"column":65},"end":{"line":84,"column":7}},"line":30},"10":{"name":"create","decl":{"start":{"line":87,"column":13},"end":{"line":87,"column":19}},"loc":{"start":{"line":87,"column":29},"end":{"line":89,"column":5}},"line":87},"11":{"name":"(anonymous_11)","decl":{"start":{"line":100,"column":10},"end":{"line":100,"column":11}},"loc":{"start":{"line":100,"column":22},"end":{"line":151,"column":3}},"line":100},"12":{"name":"_callee2","decl":{"start":{"line":103,"column":37},"end":{"line":103,"column":45}},"loc":{"start":{"line":103,"column":56},"end":{"line":144,"column":5}},"line":103},"13":{"name":"_callee2$","decl":{"start":{"line":105,"column":46},"end":{"line":105,"column":55}},"loc":{"start":{"line":105,"column":67},"end":{"line":143,"column":7}},"line":105},"14":{"name":"getAll","decl":{"start":{"line":146,"column":13},"end":{"line":146,"column":19}},"loc":{"start":{"line":146,"column":30},"end":{"line":148,"column":5}},"line":146},"15":{"name":"(anonymous_15)","decl":{"start":{"line":159,"column":10},"end":{"line":159,"column":11}},"loc":{"start":{"line":159,"column":22},"end":{"line":203,"column":3}},"line":159},"16":{"name":"_callee3","decl":{"start":{"line":162,"column":37},"end":{"line":162,"column":45}},"loc":{"start":{"line":162,"column":56},"end":{"line":196,"column":5}},"line":162},"17":{"name":"_callee3$","decl":{"start":{"line":164,"column":46},"end":{"line":164,"column":55}},"loc":{"start":{"line":164,"column":67},"end":{"line":195,"column":7}},"line":164},"18":{"name":"getOne","decl":{"start":{"line":198,"column":13},"end":{"line":198,"column":19}},"loc":{"start":{"line":198,"column":30},"end":{"line":200,"column":5}},"line":198},"19":{"name":"(anonymous_19)","decl":{"start":{"line":211,"column":12},"end":{"line":211,"column":13}},"loc":{"start":{"line":211,"column":24},"end":{"line":282,"column":3}},"line":211},"20":{"name":"_callee4","decl":{"start":{"line":214,"column":37},"end":{"line":214,"column":45}},"loc":{"start":{"line":214,"column":56},"end":{"line":275,"column":5}},"line":214},"21":{"name":"_callee4$","decl":{"start":{"line":216,"column":46},"end":{"line":216,"column":55}},"loc":{"start":{"line":216,"column":67},"end":{"line":274,"column":7}},"line":216},"22":{"name":"_delete","decl":{"start":{"line":277,"column":13},"end":{"line":277,"column":20}},"loc":{"start":{"line":277,"column":31},"end":{"line":279,"column":5}},"line":277}},"branchMap":{"0":{"loc":{"start":{"line":12,"column":46},"end":{"line":12,"column":94}},"type":"cond-expr","locations":[{"start":{"line":12,"column":70},"end":{"line":12,"column":73}},{"start":{"line":12,"column":76},"end":{"line":12,"column":94}}],"line":12},"1":{"loc":{"start":{"line":12,"column":46},"end":{"line":12,"column":67}},"type":"binary-expr","locations":[{"start":{"line":12,"column":46},"end":{"line":12,"column":49}},{"start":{"line":12,"column":53},"end":{"line":12,"column":67}}],"line":12},"2":{"loc":{"start":{"line":14,"column":176},"end":{"line":14,"column":263}},"type":"if","locations":[{"start":{"line":14,"column":176},"end":{"line":14,"column":263}},{"start":{"line":14,"column":176},"end":{"line":14,"column":263}}],"line":14},"3":{"loc":{"start":{"line":32,"column":10},"end":{"line":82,"column":11}},"type":"switch","locations":[{"start":{"line":33,"column":12},"end":{"line":36,"column":64}},{"start":{"line":38,"column":12},"end":{"line":49,"column":18}},{"start":{"line":51,"column":12},"end":{"line":53,"column":64}},{"start":{"line":55,"column":12},"end":{"line":65,"column":66}},{"start":{"line":67,"column":12},"end":{"line":72,"column":18}},{"start":{"line":74,"column":12},"end":{"line":77,"column":39}},{"start":{"line":79,"column":12},"end":{"line":79,"column":20}},{"start":{"line":80,"column":12},"end":{"line":81,"column":37}}],"line":32},"4":{"loc":{"start":{"line":41,"column":14},"end":{"line":44,"column":15}},"type":"if","locations":[{"start":{"line":41,"column":14},"end":{"line":44,"column":15}},{"start":{"line":41,"column":14},"end":{"line":44,"column":15}}],"line":41},"5":{"loc":{"start":{"line":107,"column":10},"end":{"line":141,"column":11}},"type":"switch","locations":[{"start":{"line":108,"column":12},"end":{"line":111,"column":57}},{"start":{"line":113,"column":12},"end":{"line":124,"column":18}},{"start":{"line":126,"column":12},"end":{"line":131,"column":18}},{"start":{"line":133,"column":12},"end":{"line":136,"column":40}},{"start":{"line":138,"column":12},"end":{"line":138,"column":20}},{"start":{"line":139,"column":12},"end":{"line":140,"column":38}}],"line":107},"6":{"loc":{"start":{"line":116,"column":14},"end":{"line":119,"column":15}},"type":"if","locations":[{"start":{"line":116,"column":14},"end":{"line":119,"column":15}},{"start":{"line":116,"column":14},"end":{"line":119,"column":15}}],"line":116},"7":{"loc":{"start":{"line":166,"column":10},"end":{"line":193,"column":11}},"type":"switch","locations":[{"start":{"line":167,"column":12},"end":{"line":169,"column":70}},{"start":{"line":171,"column":12},"end":{"line":182,"column":18}},{"start":{"line":184,"column":12},"end":{"line":188,"column":18}},{"start":{"line":190,"column":12},"end":{"line":190,"column":19}},{"start":{"line":191,"column":12},"end":{"line":192,"column":38}}],"line":166},"8":{"loc":{"start":{"line":174,"column":14},"end":{"line":177,"column":15}},"type":"if","locations":[{"start":{"line":174,"column":14},"end":{"line":177,"column":15}},{"start":{"line":174,"column":14},"end":{"line":177,"column":15}}],"line":174},"9":{"loc":{"start":{"line":218,"column":10},"end":{"line":272,"column":11}},"type":"switch","locations":[{"start":{"line":219,"column":12},"end":{"line":231,"column":18}},{"start":{"line":233,"column":12},"end":{"line":235,"column":67}},{"start":{"line":237,"column":12},"end":{"line":248,"column":18}},{"start":{"line":250,"column":12},"end":{"line":252,"column":72}},{"start":{"line":254,"column":12},"end":{"line":256,"column":69}},{"start":{"line":258,"column":12},"end":{"line":262,"column":18}},{"start":{"line":264,"column":12},"end":{"line":267,"column":40}},{"start":{"line":269,"column":12},"end":{"line":269,"column":20}},{"start":{"line":270,"column":12},"end":{"line":271,"column":38}}],"line":218},"10":{"loc":{"start":{"line":223,"column":14},"end":{"line":226,"column":15}},"type":"if","locations":[{"start":{"line":223,"column":14},"end":{"line":226,"column":15}},{"start":{"line":223,"column":14},"end":{"line":226,"column":15}}],"line":223},"11":{"loc":{"start":{"line":240,"column":14},"end":{"line":243,"column":15}},"type":"if","locations":[{"start":{"line":240,"column":14},"end":{"line":243,"column":15}},{"start":{"line":240,"column":14},"end":{"line":243,"column":15}}],"line":240}},"s":{"0":1,"1":1,"2":1,"3":1,"4":2,"5":2,"6":2,"7":2,"8":0,"9":0,"10":2,"11":1,"12":1,"13":4,"14":1,"15":1,"16":1,"17":1,"18":2,"19":0,"20":1,"21":1,"22":1,"23":0,"24":0,"25":0,"26":0,"27":0,"28":0,"29":0,"30":0,"31":0,"32":0,"33":0,"34":0,"35":0,"36":0,"37":0,"38":0,"39":0,"40":0,"41":0,"42":0,"43":0,"44":0,"45":0,"46":1,"47":1,"48":1,"49":3,"50":4,"51":1,"52":1,"53":1,"54":1,"55":1,"56":1,"57":1,"58":0,"59":1,"60":0,"61":0,"62":0,"63":1,"64":1,"65":1,"66":1,"67":0,"68":0,"69":0,"70":0,"71":0,"72":0,"73":0,"74":0,"75":0,"76":0,"77":0,"78":0,"79":0,"80":1,"81":1,"82":0,"83":0,"84":0,"85":0,"86":0,"87":0,"88":0,"89":0,"90":0,"91":0,"92":0,"93":0,"94":0,"95":0,"96":0,"97":0,"98":0,"99":0,"100":0,"101":0,"102":0,"103":0,"104":0,"105":0,"106":0,"107":0,"108":1,"109":1,"110":1},"f":{"0":2,"1":2,"2":4,"3":1,"4":1,"5":2,"6":0,"7":1,"8":0,"9":0,"10":0,"11":1,"12":1,"13":3,"14":1,"15":1,"16":0,"17":0,"18":0,"19":1,"20":0,"21":0,"22":0},"b":{"0":[2,0],"1":[2,2],"2":[1,1],"3":[0,0,0,0,0,0,0,0],"4":[0,0],"5":[1,1,1,0,0,1],"6":[1,0],"7":[0,0,0,0,0],"8":[0,0],"9":[0,0,0,0,0,0,0,0,0],"10":[0,0],"11":[0,0]},"_coverageSchema":"43e27e138ebf9cfc5966b082cf9a028302ed4184","hash":"334e1e77451348b3a1a321ee7f2b624b4e57f874","contentHash":"536c382cc53614e479523eecd2b3e7b1c969d729ac6a916ccf5b2556316442ce"},"C:\\Users\\DuMmY\\Desktop\\Projetcs\\Teamwork-Server\\src\\models\\reportComment.js":{"path":"C:\\Users\\DuMmY\\Desktop\\Projetcs\\Teamwork-Server\\src\\models\\reportComment.js","statementMap":{"0":{"start":{"line":3,"column":0},"end":{"line":5,"column":3}},"1":{"start":{"line":6,"column":0},"end":{"line":6,"column":28}},"2":{"start":{"line":8,"column":14},"end":{"line":8,"column":55}},"3":{"start":{"line":10,"column":12},"end":{"line":10,"column":51}},"4":{"start":{"line":12,"column":39},"end":{"line":12,"column":95}},"5":{"start":{"line":14,"column":50},"end":{"line":14,"column":151}},"6":{"start":{"line":14,"column":92},"end":{"line":14,"column":149}},"7":{"start":{"line":16,"column":44},"end":{"line":16,"column":315}},"8":{"start":{"line":16,"column":57},"end":{"line":16,"column":58}},"9":{"start":{"line":16,"column":102},"end":{"line":16,"column":110}},"10":{"start":{"line":16,"column":112},"end":{"line":16,"column":167}},"11":{"start":{"line":16,"column":168},"end":{"line":16,"column":199}},"12":{"start":{"line":16,"column":200},"end":{"line":16,"column":254}},"13":{"start":{"line":16,"column":227},"end":{"line":16,"column":254}},"14":{"start":{"line":16,"column":255},"end":{"line":16,"column":313}},"15":{"start":{"line":18,"column":62},"end":{"line":18,"column":131}},"16":{"start":{"line":18,"column":78},"end":{"line":18,"column":131}},"17":{"start":{"line":18,"column":132},"end":{"line":18,"column":193}},"18":{"start":{"line":18,"column":149},"end":{"line":18,"column":193}},"19":{"start":{"line":18,"column":194},"end":{"line":18,"column":213}},"20":{"start":{"line":22,"column":0},"end":{"line":98,"column":3}},"21":{"start":{"line":28,"column":4},"end":{"line":28,"column":34}},"22":{"start":{"line":30,"column":4},"end":{"line":42,"column":7}},"23":{"start":{"line":50,"column":2},"end":{"line":95,"column":6}},"24":{"start":{"line":53,"column":22},"end":{"line":57,"column":7}},"25":{"start":{"line":58,"column":6},"end":{"line":58,"column":23}},"26":{"start":{"line":68,"column":6},"end":{"line":68,"column":26}},"27":{"start":{"line":79,"column":6},"end":{"line":81,"column":9}},"28":{"start":{"line":80,"column":8},"end":{"line":80,"column":32}},"29":{"start":{"line":90,"column":19},"end":{"line":90,"column":35}},"30":{"start":{"line":91,"column":18},"end":{"line":91,"column":46}},"31":{"start":{"line":92,"column":6},"end":{"line":92,"column":36}},"32":{"start":{"line":93,"column":6},"end":{"line":93,"column":16}},"33":{"start":{"line":97,"column":2},"end":{"line":97,"column":16}},"34":{"start":{"line":100,"column":15},"end":{"line":100,"column":27}},"35":{"start":{"line":102,"column":0},"end":{"line":102,"column":30}}},"fnMap":{"0":{"name":"_interopRequireDefault","decl":{"start":{"line":12,"column":9},"end":{"line":12,"column":31}},"loc":{"start":{"line":12,"column":37},"end":{"line":12,"column":97}},"line":12},"1":{"name":"_classCallCheck","decl":{"start":{"line":14,"column":9},"end":{"line":14,"column":24}},"loc":{"start":{"line":14,"column":48},"end":{"line":14,"column":153}},"line":14},"2":{"name":"_defineProperties","decl":{"start":{"line":16,"column":9},"end":{"line":16,"column":26}},"loc":{"start":{"line":16,"column":42},"end":{"line":16,"column":317}},"line":16},"3":{"name":"_createClass","decl":{"start":{"line":18,"column":9},"end":{"line":18,"column":21}},"loc":{"start":{"line":18,"column":60},"end":{"line":18,"column":215}},"line":18},"4":{"name":"(anonymous_4)","decl":{"start":{"line":22,"column":0},"end":{"line":22,"column":1}},"loc":{"start":{"line":22,"column":12},"end":{"line":98,"column":1}},"line":22},"5":{"name":"Report","decl":{"start":{"line":27,"column":11},"end":{"line":27,"column":17}},"loc":{"start":{"line":27,"column":20},"end":{"line":43,"column":3}},"line":27},"6":{"name":"create","decl":{"start":{"line":52,"column":20},"end":{"line":52,"column":26}},"loc":{"start":{"line":52,"column":33},"end":{"line":59,"column":5}},"line":52},"7":{"name":"findAll","decl":{"start":{"line":67,"column":20},"end":{"line":67,"column":27}},"loc":{"start":{"line":67,"column":30},"end":{"line":69,"column":5}},"line":67},"8":{"name":"findOne","decl":{"start":{"line":78,"column":20},"end":{"line":78,"column":27}},"loc":{"start":{"line":78,"column":32},"end":{"line":82,"column":5}},"line":78},"9":{"name":"(anonymous_9)","decl":{"start":{"line":79,"column":31},"end":{"line":79,"column":32}},"loc":{"start":{"line":79,"column":49},"end":{"line":81,"column":7}},"line":79},"10":{"name":"_delete","decl":{"start":{"line":89,"column":20},"end":{"line":89,"column":27}},"loc":{"start":{"line":89,"column":32},"end":{"line":94,"column":5}},"line":89}},"branchMap":{"0":{"loc":{"start":{"line":12,"column":46},"end":{"line":12,"column":94}},"type":"cond-expr","locations":[{"start":{"line":12,"column":70},"end":{"line":12,"column":73}},{"start":{"line":12,"column":76},"end":{"line":12,"column":94}}],"line":12},"1":{"loc":{"start":{"line":12,"column":46},"end":{"line":12,"column":67}},"type":"binary-expr","locations":[{"start":{"line":12,"column":46},"end":{"line":12,"column":49}},{"start":{"line":12,"column":53},"end":{"line":12,"column":67}}],"line":12},"2":{"loc":{"start":{"line":14,"column":50},"end":{"line":14,"column":151}},"type":"if","locations":[{"start":{"line":14,"column":50},"end":{"line":14,"column":151}},{"start":{"line":14,"column":50},"end":{"line":14,"column":151}}],"line":14},"3":{"loc":{"start":{"line":16,"column":136},"end":{"line":16,"column":166}},"type":"binary-expr","locations":[{"start":{"line":16,"column":136},"end":{"line":16,"column":157}},{"start":{"line":16,"column":161},"end":{"line":16,"column":166}}],"line":16},"4":{"loc":{"start":{"line":16,"column":200},"end":{"line":16,"column":254}},"type":"if","locations":[{"start":{"line":16,"column":200},"end":{"line":16,"column":254}},{"start":{"line":16,"column":200},"end":{"line":16,"column":254}}],"line":16},"5":{"loc":{"start":{"line":18,"column":62},"end":{"line":18,"column":131}},"type":"if","locations":[{"start":{"line":18,"column":62},"end":{"line":18,"column":131}},{"start":{"line":18,"column":62},"end":{"line":18,"column":131}}],"line":18},"6":{"loc":{"start":{"line":18,"column":132},"end":{"line":18,"column":193}},"type":"if","locations":[{"start":{"line":18,"column":132},"end":{"line":18,"column":193}},{"start":{"line":18,"column":132},"end":{"line":18,"column":193}}],"line":18}},"s":{"0":1,"1":1,"2":1,"3":1,"4":2,"5":1,"6":0,"7":1,"8":1,"9":4,"10":4,"11":4,"12":4,"13":4,"14":4,"15":1,"16":1,"17":1,"18":0,"19":1,"20":1,"21":1,"22":1,"23":1,"24":0,"25":0,"26":1,"27":0,"28":0,"29":0,"30":0,"31":0,"32":0,"33":1,"34":1,"35":1},"f":{"0":2,"1":1,"2":1,"3":1,"4":1,"5":1,"6":0,"7":1,"8":0,"9":0,"10":0},"b":{"0":[0,2],"1":[2,2],"2":[0,1],"3":[4,4],"4":[4,0],"5":[1,0],"6":[0,1]},"_coverageSchema":"43e27e138ebf9cfc5966b082cf9a028302ed4184","hash":"4fa0aaa3caff5585a6118ac50a1f80e2d103b836","contentHash":"01c8f116554f07c75ff78b11ce37afaf672a96a8a1194bea4b89f2920a1af0e5"}}